2022-07-01 09:00:06.571  INFO 29924 --- [main] com.jeff.BlogApplication                 : Starting BlogApplication using Java 1.8.0_302 on LAPTOP-4UBO5CM2 with PID 29924 (D:\work_space\IdeaProjects\Blog\target\classes started by Jeff in D:\work_space\IdeaProjects\Blog)
2022-07-01 09:00:06.573  INFO 29924 --- [main] com.jeff.BlogApplication                 : The following 1 profile is active: "dev"
2022-07-01 09:00:07.181  INFO 29924 --- [main] o.s.b.w.embedded.tomcat.TomcatWebServer  : Tomcat initialized with port(s): 8080 (http)
2022-07-01 09:00:07.187  INFO 29924 --- [main] o.apache.catalina.core.StandardService   : Starting service [Tomcat]
2022-07-01 09:00:07.187  INFO 29924 --- [main] org.apache.catalina.core.StandardEngine  : Starting Servlet engine: [Apache Tomcat/9.0.64]
2022-07-01 09:00:07.246  INFO 29924 --- [main] o.a.c.c.C.[Tomcat].[localhost].[/]       : Initializing Spring embedded WebApplicationContext
2022-07-01 09:00:07.246  INFO 29924 --- [main] w.s.c.ServletWebServerApplicationContext : Root WebApplicationContext: initialization completed in 647 ms
2022-07-01 09:00:07.451  INFO 29924 --- [main] o.s.b.a.w.s.WelcomePageHandlerMapping    : Adding welcome page template: index
2022-07-01 09:00:07.603  INFO 29924 --- [main] o.s.b.w.embedded.tomcat.TomcatWebServer  : Tomcat started on port(s): 8080 (http) with context path ''
2022-07-01 09:00:07.610  INFO 29924 --- [main] com.jeff.BlogApplication                 : Started BlogApplication in 1.364 seconds (JVM running for 1.795)
2022-07-01 09:00:12.248  INFO 29924 --- [http-nio-8080-exec-1] o.a.c.c.C.[Tomcat].[localhost].[/]       : Initializing Spring DispatcherServlet 'dispatcherServlet'
2022-07-01 09:00:12.248  INFO 29924 --- [http-nio-8080-exec-1] o.s.web.servlet.DispatcherServlet        : Initializing Servlet 'dispatcherServlet'
2022-07-01 09:00:12.249  INFO 29924 --- [http-nio-8080-exec-1] o.s.web.servlet.DispatcherServlet        : Completed initialization in 1 ms
2022-07-01 09:00:14.340  INFO 29924 --- [http-nio-8080-exec-2] com.zaxxer.hikari.HikariDataSource       : HikariPool-1 - Starting...
2022-07-01 09:00:14.605  INFO 29924 --- [http-nio-8080-exec-2] com.zaxxer.hikari.HikariDataSource       : HikariPool-1 - Start completed.
2022-07-01 09:23:26.258  INFO 24976 --- [main] com.jeff.BlogApplication                 : Starting BlogApplication using Java 1.8.0_302 on LAPTOP-4UBO5CM2 with PID 24976 (D:\work_space\IdeaProjects\Blog\target\classes started by Jeff in D:\work_space\IdeaProjects\Blog)
2022-07-01 09:23:26.260  INFO 24976 --- [main] com.jeff.BlogApplication                 : The following 1 profile is active: "dev"
2022-07-01 09:23:26.814  INFO 24976 --- [main] o.s.b.w.embedded.tomcat.TomcatWebServer  : Tomcat initialized with port(s): 8080 (http)
2022-07-01 09:23:26.819  INFO 24976 --- [main] o.apache.catalina.core.StandardService   : Starting service [Tomcat]
2022-07-01 09:23:26.819  INFO 24976 --- [main] org.apache.catalina.core.StandardEngine  : Starting Servlet engine: [Apache Tomcat/9.0.64]
2022-07-01 09:23:26.876  INFO 24976 --- [main] o.a.c.c.C.[Tomcat].[localhost].[/]       : Initializing Spring embedded WebApplicationContext
2022-07-01 09:23:26.877  INFO 24976 --- [main] w.s.c.ServletWebServerApplicationContext : Root WebApplicationContext: initialization completed in 590 ms
2022-07-01 09:23:27.071  INFO 24976 --- [main] o.s.b.a.w.s.WelcomePageHandlerMapping    : Adding welcome page template: index
2022-07-01 09:23:27.208  INFO 24976 --- [main] o.s.b.w.embedded.tomcat.TomcatWebServer  : Tomcat started on port(s): 8080 (http) with context path ''
2022-07-01 09:23:27.215  INFO 24976 --- [main] com.jeff.BlogApplication                 : Started BlogApplication in 1.249 seconds (JVM running for 1.648)
2022-07-01 09:23:29.270  INFO 24976 --- [http-nio-8080-exec-1] o.a.c.c.C.[Tomcat].[localhost].[/]       : Initializing Spring DispatcherServlet 'dispatcherServlet'
2022-07-01 09:23:29.270  INFO 24976 --- [http-nio-8080-exec-1] o.s.web.servlet.DispatcherServlet        : Initializing Servlet 'dispatcherServlet'
2022-07-01 09:23:29.271  INFO 24976 --- [http-nio-8080-exec-1] o.s.web.servlet.DispatcherServlet        : Completed initialization in 1 ms
2022-07-01 09:23:29.297  INFO 24976 --- [http-nio-8080-exec-1] com.zaxxer.hikari.HikariDataSource       : HikariPool-1 - Starting...
2022-07-01 09:23:29.496  INFO 24976 --- [http-nio-8080-exec-1] com.zaxxer.hikari.HikariDataSource       : HikariPool-1 - Start completed.
2022-07-01 09:41:17.364  INFO 33312 --- [main] com.jeff.BlogApplication                 : Starting BlogApplication using Java 1.8.0_302 on LAPTOP-4UBO5CM2 with PID 33312 (D:\work_space\IdeaProjects\Blog\target\classes started by Jeff in D:\work_space\IdeaProjects\Blog)
2022-07-01 09:41:17.366  INFO 33312 --- [main] com.jeff.BlogApplication                 : The following 1 profile is active: "dev"
2022-07-01 09:41:17.964  INFO 33312 --- [main] o.s.b.w.embedded.tomcat.TomcatWebServer  : Tomcat initialized with port(s): 8080 (http)
2022-07-01 09:41:17.969  INFO 33312 --- [main] o.apache.catalina.core.StandardService   : Starting service [Tomcat]
2022-07-01 09:41:17.969  INFO 33312 --- [main] org.apache.catalina.core.StandardEngine  : Starting Servlet engine: [Apache Tomcat/9.0.64]
2022-07-01 09:41:18.018  INFO 33312 --- [main] o.a.c.c.C.[Tomcat].[localhost].[/]       : Initializing Spring embedded WebApplicationContext
2022-07-01 09:41:18.018  INFO 33312 --- [main] w.s.c.ServletWebServerApplicationContext : Root WebApplicationContext: initialization completed in 626 ms
2022-07-01 09:41:18.200  INFO 33312 --- [main] o.s.b.a.w.s.WelcomePageHandlerMapping    : Adding welcome page template: index
2022-07-01 09:41:18.338  INFO 33312 --- [main] o.s.b.w.embedded.tomcat.TomcatWebServer  : Tomcat started on port(s): 8080 (http) with context path ''
2022-07-01 09:41:18.344  INFO 33312 --- [main] com.jeff.BlogApplication                 : Started BlogApplication in 1.261 seconds (JVM running for 1.663)
2022-07-01 09:41:21.459  INFO 33312 --- [http-nio-8080-exec-1] o.a.c.c.C.[Tomcat].[localhost].[/]       : Initializing Spring DispatcherServlet 'dispatcherServlet'
2022-07-01 09:41:21.459  INFO 33312 --- [http-nio-8080-exec-1] o.s.web.servlet.DispatcherServlet        : Initializing Servlet 'dispatcherServlet'
2022-07-01 09:41:21.460  INFO 33312 --- [http-nio-8080-exec-1] o.s.web.servlet.DispatcherServlet        : Completed initialization in 1 ms
2022-07-01 09:41:21.486  INFO 33312 --- [http-nio-8080-exec-1] com.zaxxer.hikari.HikariDataSource       : HikariPool-1 - Starting...
2022-07-01 09:41:21.671  INFO 33312 --- [http-nio-8080-exec-1] com.zaxxer.hikari.HikariDataSource       : HikariPool-1 - Start completed.
2022-07-01 10:11:30.577  INFO 8644 --- [main] com.jeff.BlogApplication                 : Starting BlogApplication using Java 1.8.0_302 on LAPTOP-4UBO5CM2 with PID 8644 (D:\work_space\IdeaProjects\Blog\target\classes started by Jeff in D:\work_space\IdeaProjects\Blog)
2022-07-01 10:11:30.578  INFO 8644 --- [main] com.jeff.BlogApplication                 : The following 1 profile is active: "dev"
2022-07-01 10:11:31.152  INFO 8644 --- [main] o.s.b.w.embedded.tomcat.TomcatWebServer  : Tomcat initialized with port(s): 8080 (http)
2022-07-01 10:11:31.156  INFO 8644 --- [main] o.apache.catalina.core.StandardService   : Starting service [Tomcat]
2022-07-01 10:11:31.157  INFO 8644 --- [main] org.apache.catalina.core.StandardEngine  : Starting Servlet engine: [Apache Tomcat/9.0.64]
2022-07-01 10:11:31.205  INFO 8644 --- [main] o.a.c.c.C.[Tomcat].[localhost].[/]       : Initializing Spring embedded WebApplicationContext
2022-07-01 10:11:31.205  INFO 8644 --- [main] w.s.c.ServletWebServerApplicationContext : Root WebApplicationContext: initialization completed in 599 ms
2022-07-01 10:11:31.378  INFO 8644 --- [main] o.s.b.a.w.s.WelcomePageHandlerMapping    : Adding welcome page template: index
2022-07-01 10:11:31.525  INFO 8644 --- [main] o.s.b.w.embedded.tomcat.TomcatWebServer  : Tomcat started on port(s): 8080 (http) with context path ''
2022-07-01 10:11:31.532  INFO 8644 --- [main] com.jeff.BlogApplication                 : Started BlogApplication in 1.221 seconds (JVM running for 1.623)
2022-07-01 10:11:34.734  INFO 8644 --- [http-nio-8080-exec-1] o.a.c.c.C.[Tomcat].[localhost].[/]       : Initializing Spring DispatcherServlet 'dispatcherServlet'
2022-07-01 10:11:34.735  INFO 8644 --- [http-nio-8080-exec-1] o.s.web.servlet.DispatcherServlet        : Initializing Servlet 'dispatcherServlet'
2022-07-01 10:11:34.735  INFO 8644 --- [http-nio-8080-exec-1] o.s.web.servlet.DispatcherServlet        : Completed initialization in 0 ms
2022-07-01 10:11:34.760  INFO 8644 --- [http-nio-8080-exec-1] com.zaxxer.hikari.HikariDataSource       : HikariPool-1 - Starting...
2022-07-01 10:11:34.937  INFO 8644 --- [http-nio-8080-exec-1] com.zaxxer.hikari.HikariDataSource       : HikariPool-1 - Start completed.
2022-07-01 10:26:58.509  INFO 31420 --- [main] com.jeff.BlogApplication                 : Starting BlogApplication using Java 1.8.0_302 on LAPTOP-4UBO5CM2 with PID 31420 (D:\work_space\IdeaProjects\Blog\target\classes started by Jeff in D:\work_space\IdeaProjects\Blog)
2022-07-01 10:26:58.510  INFO 31420 --- [main] com.jeff.BlogApplication                 : The following 1 profile is active: "dev"
2022-07-01 10:26:59.028  INFO 31420 --- [main] o.s.b.w.embedded.tomcat.TomcatWebServer  : Tomcat initialized with port(s): 8080 (http)
2022-07-01 10:26:59.033  INFO 31420 --- [main] o.apache.catalina.core.StandardService   : Starting service [Tomcat]
2022-07-01 10:26:59.033  INFO 31420 --- [main] org.apache.catalina.core.StandardEngine  : Starting Servlet engine: [Apache Tomcat/9.0.64]
2022-07-01 10:26:59.080  INFO 31420 --- [main] o.a.c.c.C.[Tomcat].[localhost].[/]       : Initializing Spring embedded WebApplicationContext
2022-07-01 10:26:59.080  INFO 31420 --- [main] w.s.c.ServletWebServerApplicationContext : Root WebApplicationContext: initialization completed in 545 ms
2022-07-01 10:26:59.254  INFO 31420 --- [main] o.s.b.a.w.s.WelcomePageHandlerMapping    : Adding welcome page template: index
2022-07-01 10:26:59.392  INFO 31420 --- [main] o.s.b.w.embedded.tomcat.TomcatWebServer  : Tomcat started on port(s): 8080 (http) with context path ''
2022-07-01 10:26:59.399  INFO 31420 --- [main] com.jeff.BlogApplication                 : Started BlogApplication in 1.153 seconds (JVM running for 1.558)
2022-07-01 10:27:06.365  INFO 31420 --- [http-nio-8080-exec-1] o.a.c.c.C.[Tomcat].[localhost].[/]       : Initializing Spring DispatcherServlet 'dispatcherServlet'
2022-07-01 10:27:06.365  INFO 31420 --- [http-nio-8080-exec-1] o.s.web.servlet.DispatcherServlet        : Initializing Servlet 'dispatcherServlet'
2022-07-01 10:27:06.365  INFO 31420 --- [http-nio-8080-exec-1] o.s.web.servlet.DispatcherServlet        : Completed initialization in 0 ms
2022-07-01 10:27:06.389  INFO 31420 --- [http-nio-8080-exec-1] com.zaxxer.hikari.HikariDataSource       : HikariPool-1 - Starting...
2022-07-01 10:27:06.566  INFO 31420 --- [http-nio-8080-exec-1] com.zaxxer.hikari.HikariDataSource       : HikariPool-1 - Start completed.
2022-07-01 10:29:51.024  INFO 33264 --- [main] com.jeff.BlogApplication                 : Starting BlogApplication using Java 1.8.0_302 on LAPTOP-4UBO5CM2 with PID 33264 (D:\work_space\IdeaProjects\Blog\target\classes started by Jeff in D:\work_space\IdeaProjects\Blog)
2022-07-01 10:29:51.025  INFO 33264 --- [main] com.jeff.BlogApplication                 : The following 1 profile is active: "dev"
2022-07-01 10:29:51.559  INFO 33264 --- [main] o.s.b.w.embedded.tomcat.TomcatWebServer  : Tomcat initialized with port(s): 8080 (http)
2022-07-01 10:29:51.564  INFO 33264 --- [main] o.apache.catalina.core.StandardService   : Starting service [Tomcat]
2022-07-01 10:29:51.564  INFO 33264 --- [main] org.apache.catalina.core.StandardEngine  : Starting Servlet engine: [Apache Tomcat/9.0.64]
2022-07-01 10:29:51.612  INFO 33264 --- [main] o.a.c.c.C.[Tomcat].[localhost].[/]       : Initializing Spring embedded WebApplicationContext
2022-07-01 10:29:51.612  INFO 33264 --- [main] w.s.c.ServletWebServerApplicationContext : Root WebApplicationContext: initialization completed in 562 ms
2022-07-01 10:29:51.789  INFO 33264 --- [main] o.s.b.a.w.s.WelcomePageHandlerMapping    : Adding welcome page template: index
2022-07-01 10:29:51.930  INFO 33264 --- [main] o.s.b.w.embedded.tomcat.TomcatWebServer  : Tomcat started on port(s): 8080 (http) with context path ''
2022-07-01 10:29:51.937  INFO 33264 --- [main] com.jeff.BlogApplication                 : Started BlogApplication in 1.178 seconds (JVM running for 1.583)
2022-07-01 10:29:54.087  INFO 33264 --- [http-nio-8080-exec-1] o.a.c.c.C.[Tomcat].[localhost].[/]       : Initializing Spring DispatcherServlet 'dispatcherServlet'
2022-07-01 10:29:54.087  INFO 33264 --- [http-nio-8080-exec-1] o.s.web.servlet.DispatcherServlet        : Initializing Servlet 'dispatcherServlet'
2022-07-01 10:29:54.088  INFO 33264 --- [http-nio-8080-exec-1] o.s.web.servlet.DispatcherServlet        : Completed initialization in 1 ms
2022-07-01 10:29:54.111  INFO 33264 --- [http-nio-8080-exec-1] com.zaxxer.hikari.HikariDataSource       : HikariPool-1 - Starting...
2022-07-01 10:29:54.290  INFO 33264 --- [http-nio-8080-exec-1] com.zaxxer.hikari.HikariDataSource       : HikariPool-1 - Start completed.
2022-07-01 10:44:25.407  INFO 30792 --- [main] com.jeff.BlogApplication                 : Starting BlogApplication using Java 1.8.0_302 on LAPTOP-4UBO5CM2 with PID 30792 (D:\work_space\IdeaProjects\Blog\target\classes started by Jeff in D:\work_space\IdeaProjects\Blog)
2022-07-01 10:44:25.409  INFO 30792 --- [main] com.jeff.BlogApplication                 : The following 1 profile is active: "dev"
2022-07-01 10:44:25.974  INFO 30792 --- [main] o.s.b.w.embedded.tomcat.TomcatWebServer  : Tomcat initialized with port(s): 8080 (http)
2022-07-01 10:44:25.978  INFO 30792 --- [main] o.apache.catalina.core.StandardService   : Starting service [Tomcat]
2022-07-01 10:44:25.979  INFO 30792 --- [main] org.apache.catalina.core.StandardEngine  : Starting Servlet engine: [Apache Tomcat/9.0.64]
2022-07-01 10:44:26.026  INFO 30792 --- [main] o.a.c.c.C.[Tomcat].[localhost].[/]       : Initializing Spring embedded WebApplicationContext
2022-07-01 10:44:26.026  INFO 30792 --- [main] w.s.c.ServletWebServerApplicationContext : Root WebApplicationContext: initialization completed in 593 ms
2022-07-01 10:44:26.199  INFO 30792 --- [main] o.s.b.a.w.s.WelcomePageHandlerMapping    : Adding welcome page template: index
2022-07-01 10:44:26.337  INFO 30792 --- [main] o.s.b.w.embedded.tomcat.TomcatWebServer  : Tomcat started on port(s): 8080 (http) with context path ''
2022-07-01 10:44:26.344  INFO 30792 --- [main] com.jeff.BlogApplication                 : Started BlogApplication in 1.201 seconds (JVM running for 1.596)
2022-07-01 10:44:32.077  INFO 30792 --- [http-nio-8080-exec-1] o.a.c.c.C.[Tomcat].[localhost].[/]       : Initializing Spring DispatcherServlet 'dispatcherServlet'
2022-07-01 10:44:32.077  INFO 30792 --- [http-nio-8080-exec-1] o.s.web.servlet.DispatcherServlet        : Initializing Servlet 'dispatcherServlet'
2022-07-01 10:44:32.079  INFO 30792 --- [http-nio-8080-exec-1] o.s.web.servlet.DispatcherServlet        : Completed initialization in 1 ms
2022-07-01 10:44:32.104  INFO 30792 --- [http-nio-8080-exec-1] com.zaxxer.hikari.HikariDataSource       : HikariPool-1 - Starting...
2022-07-01 10:44:32.292  INFO 30792 --- [http-nio-8080-exec-1] com.zaxxer.hikari.HikariDataSource       : HikariPool-1 - Start completed.
2022-07-01 10:46:55.410  INFO 28868 --- [main] com.jeff.BlogApplication                 : Starting BlogApplication using Java 1.8.0_302 on LAPTOP-4UBO5CM2 with PID 28868 (D:\work_space\IdeaProjects\Blog\target\classes started by Jeff in D:\work_space\IdeaProjects\Blog)
2022-07-01 10:46:55.412  INFO 28868 --- [main] com.jeff.BlogApplication                 : The following 1 profile is active: "dev"
2022-07-01 10:46:55.956  INFO 28868 --- [main] o.s.b.w.embedded.tomcat.TomcatWebServer  : Tomcat initialized with port(s): 8080 (http)
2022-07-01 10:46:55.960  INFO 28868 --- [main] o.apache.catalina.core.StandardService   : Starting service [Tomcat]
2022-07-01 10:46:55.961  INFO 28868 --- [main] org.apache.catalina.core.StandardEngine  : Starting Servlet engine: [Apache Tomcat/9.0.64]
2022-07-01 10:46:56.010  INFO 28868 --- [main] o.a.c.c.C.[Tomcat].[localhost].[/]       : Initializing Spring embedded WebApplicationContext
2022-07-01 10:46:56.010  INFO 28868 --- [main] w.s.c.ServletWebServerApplicationContext : Root WebApplicationContext: initialization completed in 568 ms
2022-07-01 10:46:56.188  INFO 28868 --- [main] o.s.b.a.w.s.WelcomePageHandlerMapping    : Adding welcome page template: index
2022-07-01 10:46:56.325  INFO 28868 --- [main] o.s.b.w.embedded.tomcat.TomcatWebServer  : Tomcat started on port(s): 8080 (http) with context path ''
2022-07-01 10:46:56.331  INFO 28868 --- [main] com.jeff.BlogApplication                 : Started BlogApplication in 1.292 seconds (JVM running for 1.715)
2022-07-01 10:46:58.733  INFO 28868 --- [http-nio-8080-exec-1] o.a.c.c.C.[Tomcat].[localhost].[/]       : Initializing Spring DispatcherServlet 'dispatcherServlet'
2022-07-01 10:46:58.733  INFO 28868 --- [http-nio-8080-exec-1] o.s.web.servlet.DispatcherServlet        : Initializing Servlet 'dispatcherServlet'
2022-07-01 10:46:58.734  INFO 28868 --- [http-nio-8080-exec-1] o.s.web.servlet.DispatcherServlet        : Completed initialization in 1 ms
2022-07-01 10:46:58.762  INFO 28868 --- [http-nio-8080-exec-1] com.zaxxer.hikari.HikariDataSource       : HikariPool-1 - Starting...
2022-07-01 10:46:58.939  INFO 28868 --- [http-nio-8080-exec-1] com.zaxxer.hikari.HikariDataSource       : HikariPool-1 - Start completed.
2022-07-01 10:47:47.407  INFO 23176 --- [main] com.jeff.BlogApplication                 : Starting BlogApplication using Java 1.8.0_302 on LAPTOP-4UBO5CM2 with PID 23176 (D:\work_space\IdeaProjects\Blog\target\classes started by Jeff in D:\work_space\IdeaProjects\Blog)
2022-07-01 10:47:47.409  INFO 23176 --- [main] com.jeff.BlogApplication                 : The following 1 profile is active: "dev"
2022-07-01 10:47:47.932  INFO 23176 --- [main] o.s.b.w.embedded.tomcat.TomcatWebServer  : Tomcat initialized with port(s): 8080 (http)
2022-07-01 10:47:47.936  INFO 23176 --- [main] o.apache.catalina.core.StandardService   : Starting service [Tomcat]
2022-07-01 10:47:47.936  INFO 23176 --- [main] org.apache.catalina.core.StandardEngine  : Starting Servlet engine: [Apache Tomcat/9.0.64]
2022-07-01 10:47:47.983  INFO 23176 --- [main] o.a.c.c.C.[Tomcat].[localhost].[/]       : Initializing Spring embedded WebApplicationContext
2022-07-01 10:47:47.983  INFO 23176 --- [main] w.s.c.ServletWebServerApplicationContext : Root WebApplicationContext: initialization completed in 547 ms
2022-07-01 10:47:48.154  INFO 23176 --- [main] o.s.b.a.w.s.WelcomePageHandlerMapping    : Adding welcome page template: index
2022-07-01 10:47:48.289  INFO 23176 --- [main] o.s.b.w.embedded.tomcat.TomcatWebServer  : Tomcat started on port(s): 8080 (http) with context path ''
2022-07-01 10:47:48.296  INFO 23176 --- [main] com.jeff.BlogApplication                 : Started BlogApplication in 1.162 seconds (JVM running for 1.576)
2022-07-01 10:47:49.752  INFO 23176 --- [http-nio-8080-exec-1] o.a.c.c.C.[Tomcat].[localhost].[/]       : Initializing Spring DispatcherServlet 'dispatcherServlet'
2022-07-01 10:47:49.752  INFO 23176 --- [http-nio-8080-exec-1] o.s.web.servlet.DispatcherServlet        : Initializing Servlet 'dispatcherServlet'
2022-07-01 10:47:49.753  INFO 23176 --- [http-nio-8080-exec-1] o.s.web.servlet.DispatcherServlet        : Completed initialization in 1 ms
2022-07-01 10:47:49.779  INFO 23176 --- [http-nio-8080-exec-1] com.zaxxer.hikari.HikariDataSource       : HikariPool-1 - Starting...
2022-07-01 10:47:49.957  INFO 23176 --- [http-nio-8080-exec-1] com.zaxxer.hikari.HikariDataSource       : HikariPool-1 - Start completed.
2022-07-01 10:49:40.303  INFO 14144 --- [main] com.jeff.BlogApplication                 : Starting BlogApplication using Java 1.8.0_302 on LAPTOP-4UBO5CM2 with PID 14144 (D:\work_space\IdeaProjects\Blog\target\classes started by Jeff in D:\work_space\IdeaProjects\Blog)
2022-07-01 10:49:40.304  INFO 14144 --- [main] com.jeff.BlogApplication                 : The following 1 profile is active: "dev"
2022-07-01 10:49:40.826  INFO 14144 --- [main] o.s.b.w.embedded.tomcat.TomcatWebServer  : Tomcat initialized with port(s): 8080 (http)
2022-07-01 10:49:40.831  INFO 14144 --- [main] o.apache.catalina.core.StandardService   : Starting service [Tomcat]
2022-07-01 10:49:40.831  INFO 14144 --- [main] org.apache.catalina.core.StandardEngine  : Starting Servlet engine: [Apache Tomcat/9.0.64]
2022-07-01 10:49:40.878  INFO 14144 --- [main] o.a.c.c.C.[Tomcat].[localhost].[/]       : Initializing Spring embedded WebApplicationContext
2022-07-01 10:49:40.878  INFO 14144 --- [main] w.s.c.ServletWebServerApplicationContext : Root WebApplicationContext: initialization completed in 549 ms
2022-07-01 10:49:41.061  INFO 14144 --- [main] o.s.b.a.w.s.WelcomePageHandlerMapping    : Adding welcome page template: index
2022-07-01 10:49:41.198  INFO 14144 --- [main] o.s.b.w.embedded.tomcat.TomcatWebServer  : Tomcat started on port(s): 8080 (http) with context path ''
2022-07-01 10:49:41.205  INFO 14144 --- [main] com.jeff.BlogApplication                 : Started BlogApplication in 1.213 seconds (JVM running for 1.619)
2022-07-01 10:49:46.823  INFO 14144 --- [http-nio-8080-exec-1] o.a.c.c.C.[Tomcat].[localhost].[/]       : Initializing Spring DispatcherServlet 'dispatcherServlet'
2022-07-01 10:49:46.823  INFO 14144 --- [http-nio-8080-exec-1] o.s.web.servlet.DispatcherServlet        : Initializing Servlet 'dispatcherServlet'
2022-07-01 10:49:46.824  INFO 14144 --- [http-nio-8080-exec-1] o.s.web.servlet.DispatcherServlet        : Completed initialization in 0 ms
2022-07-01 10:49:46.849  INFO 14144 --- [http-nio-8080-exec-1] com.zaxxer.hikari.HikariDataSource       : HikariPool-1 - Starting...
2022-07-01 10:49:47.027  INFO 14144 --- [http-nio-8080-exec-1] com.zaxxer.hikari.HikariDataSource       : HikariPool-1 - Start completed.
2022-07-01 10:50:23.274  INFO 10108 --- [main] com.jeff.BlogApplication                 : Starting BlogApplication using Java 1.8.0_302 on LAPTOP-4UBO5CM2 with PID 10108 (D:\work_space\IdeaProjects\Blog\target\classes started by Jeff in D:\work_space\IdeaProjects\Blog)
2022-07-01 10:50:23.275  INFO 10108 --- [main] com.jeff.BlogApplication                 : The following 1 profile is active: "dev"
2022-07-01 10:50:23.816  INFO 10108 --- [main] o.s.b.w.embedded.tomcat.TomcatWebServer  : Tomcat initialized with port(s): 8080 (http)
2022-07-01 10:50:23.821  INFO 10108 --- [main] o.apache.catalina.core.StandardService   : Starting service [Tomcat]
2022-07-01 10:50:23.821  INFO 10108 --- [main] org.apache.catalina.core.StandardEngine  : Starting Servlet engine: [Apache Tomcat/9.0.64]
2022-07-01 10:50:23.869  INFO 10108 --- [main] o.a.c.c.C.[Tomcat].[localhost].[/]       : Initializing Spring embedded WebApplicationContext
2022-07-01 10:50:23.869  INFO 10108 --- [main] w.s.c.ServletWebServerApplicationContext : Root WebApplicationContext: initialization completed in 570 ms
2022-07-01 10:50:24.044  INFO 10108 --- [main] o.s.b.a.w.s.WelcomePageHandlerMapping    : Adding welcome page template: index
2022-07-01 10:50:24.179  INFO 10108 --- [main] o.s.b.w.embedded.tomcat.TomcatWebServer  : Tomcat started on port(s): 8080 (http) with context path ''
2022-07-01 10:50:24.185  INFO 10108 --- [main] com.jeff.BlogApplication                 : Started BlogApplication in 1.179 seconds (JVM running for 1.591)
2022-07-01 10:50:25.946  INFO 10108 --- [http-nio-8080-exec-1] o.a.c.c.C.[Tomcat].[localhost].[/]       : Initializing Spring DispatcherServlet 'dispatcherServlet'
2022-07-01 10:50:25.946  INFO 10108 --- [http-nio-8080-exec-1] o.s.web.servlet.DispatcherServlet        : Initializing Servlet 'dispatcherServlet'
2022-07-01 10:50:25.947  INFO 10108 --- [http-nio-8080-exec-1] o.s.web.servlet.DispatcherServlet        : Completed initialization in 1 ms
2022-07-01 10:50:25.972  INFO 10108 --- [http-nio-8080-exec-1] com.zaxxer.hikari.HikariDataSource       : HikariPool-1 - Starting...
2022-07-01 10:50:26.148  INFO 10108 --- [http-nio-8080-exec-1] com.zaxxer.hikari.HikariDataSource       : HikariPool-1 - Start completed.
2022-07-01 10:51:20.423  INFO 7844 --- [main] com.jeff.BlogApplication                 : Starting BlogApplication using Java 1.8.0_302 on LAPTOP-4UBO5CM2 with PID 7844 (D:\work_space\IdeaProjects\Blog\target\classes started by Jeff in D:\work_space\IdeaProjects\Blog)
2022-07-01 10:51:20.425  INFO 7844 --- [main] com.jeff.BlogApplication                 : The following 1 profile is active: "dev"
2022-07-01 10:51:20.951  INFO 7844 --- [main] o.s.b.w.embedded.tomcat.TomcatWebServer  : Tomcat initialized with port(s): 8080 (http)
2022-07-01 10:51:20.956  INFO 7844 --- [main] o.apache.catalina.core.StandardService   : Starting service [Tomcat]
2022-07-01 10:51:20.956  INFO 7844 --- [main] org.apache.catalina.core.StandardEngine  : Starting Servlet engine: [Apache Tomcat/9.0.64]
2022-07-01 10:51:21.004  INFO 7844 --- [main] o.a.c.c.C.[Tomcat].[localhost].[/]       : Initializing Spring embedded WebApplicationContext
2022-07-01 10:51:21.004  INFO 7844 --- [main] w.s.c.ServletWebServerApplicationContext : Root WebApplicationContext: initialization completed in 556 ms
2022-07-01 10:51:21.176  INFO 7844 --- [main] o.s.b.a.w.s.WelcomePageHandlerMapping    : Adding welcome page template: index
2022-07-01 10:51:21.312  INFO 7844 --- [main] o.s.b.w.embedded.tomcat.TomcatWebServer  : Tomcat started on port(s): 8080 (http) with context path ''
2022-07-01 10:51:21.318  INFO 7844 --- [main] com.jeff.BlogApplication                 : Started BlogApplication in 1.159 seconds (JVM running for 1.561)
2022-07-01 10:51:24.056  INFO 7844 --- [http-nio-8080-exec-1] o.a.c.c.C.[Tomcat].[localhost].[/]       : Initializing Spring DispatcherServlet 'dispatcherServlet'
2022-07-01 10:51:24.056  INFO 7844 --- [http-nio-8080-exec-1] o.s.web.servlet.DispatcherServlet        : Initializing Servlet 'dispatcherServlet'
2022-07-01 10:51:24.056  INFO 7844 --- [http-nio-8080-exec-1] o.s.web.servlet.DispatcherServlet        : Completed initialization in 0 ms
2022-07-01 10:51:24.083  INFO 7844 --- [http-nio-8080-exec-1] com.zaxxer.hikari.HikariDataSource       : HikariPool-1 - Starting...
2022-07-01 10:51:24.256  INFO 7844 --- [http-nio-8080-exec-1] com.zaxxer.hikari.HikariDataSource       : HikariPool-1 - Start completed.
2022-07-01 10:52:36.016  INFO 4056 --- [main] com.jeff.BlogApplication                 : Starting BlogApplication using Java 1.8.0_302 on LAPTOP-4UBO5CM2 with PID 4056 (D:\work_space\IdeaProjects\Blog\target\classes started by Jeff in D:\work_space\IdeaProjects\Blog)
2022-07-01 10:52:36.018  INFO 4056 --- [main] com.jeff.BlogApplication                 : The following 1 profile is active: "dev"
2022-07-01 10:52:36.537  INFO 4056 --- [main] o.s.b.w.embedded.tomcat.TomcatWebServer  : Tomcat initialized with port(s): 8080 (http)
2022-07-01 10:52:36.541  INFO 4056 --- [main] o.apache.catalina.core.StandardService   : Starting service [Tomcat]
2022-07-01 10:52:36.542  INFO 4056 --- [main] org.apache.catalina.core.StandardEngine  : Starting Servlet engine: [Apache Tomcat/9.0.64]
2022-07-01 10:52:36.589  INFO 4056 --- [main] o.a.c.c.C.[Tomcat].[localhost].[/]       : Initializing Spring embedded WebApplicationContext
2022-07-01 10:52:36.590  INFO 4056 --- [main] w.s.c.ServletWebServerApplicationContext : Root WebApplicationContext: initialization completed in 549 ms
2022-07-01 10:52:36.768  INFO 4056 --- [main] o.s.b.a.w.s.WelcomePageHandlerMapping    : Adding welcome page template: index
2022-07-01 10:52:36.907  INFO 4056 --- [main] o.s.b.w.embedded.tomcat.TomcatWebServer  : Tomcat started on port(s): 8080 (http) with context path ''
2022-07-01 10:52:36.913  INFO 4056 --- [main] com.jeff.BlogApplication                 : Started BlogApplication in 1.166 seconds (JVM running for 1.579)
2022-07-01 10:52:39.176  INFO 4056 --- [http-nio-8080-exec-1] o.a.c.c.C.[Tomcat].[localhost].[/]       : Initializing Spring DispatcherServlet 'dispatcherServlet'
2022-07-01 10:52:39.177  INFO 4056 --- [http-nio-8080-exec-1] o.s.web.servlet.DispatcherServlet        : Initializing Servlet 'dispatcherServlet'
2022-07-01 10:52:39.177  INFO 4056 --- [http-nio-8080-exec-1] o.s.web.servlet.DispatcherServlet        : Completed initialization in 0 ms
2022-07-01 10:52:39.203  INFO 4056 --- [http-nio-8080-exec-1] com.zaxxer.hikari.HikariDataSource       : HikariPool-1 - Starting...
2022-07-01 10:52:39.383  INFO 4056 --- [http-nio-8080-exec-1] com.zaxxer.hikari.HikariDataSource       : HikariPool-1 - Start completed.
2022-07-01 10:52:49.717  INFO 33788 --- [main] com.jeff.BlogApplication                 : Starting BlogApplication using Java 1.8.0_302 on LAPTOP-4UBO5CM2 with PID 33788 (D:\work_space\IdeaProjects\Blog\target\classes started by Jeff in D:\work_space\IdeaProjects\Blog)
2022-07-01 10:52:49.718  INFO 33788 --- [main] com.jeff.BlogApplication                 : The following 1 profile is active: "dev"
2022-07-01 10:52:50.266  INFO 33788 --- [main] o.s.b.w.embedded.tomcat.TomcatWebServer  : Tomcat initialized with port(s): 8080 (http)
2022-07-01 10:52:50.271  INFO 33788 --- [main] o.apache.catalina.core.StandardService   : Starting service [Tomcat]
2022-07-01 10:52:50.271  INFO 33788 --- [main] org.apache.catalina.core.StandardEngine  : Starting Servlet engine: [Apache Tomcat/9.0.64]
2022-07-01 10:52:50.323  INFO 33788 --- [main] o.a.c.c.C.[Tomcat].[localhost].[/]       : Initializing Spring embedded WebApplicationContext
2022-07-01 10:52:50.323  INFO 33788 --- [main] w.s.c.ServletWebServerApplicationContext : Root WebApplicationContext: initialization completed in 580 ms
2022-07-01 10:52:50.498  INFO 33788 --- [main] o.s.b.a.w.s.WelcomePageHandlerMapping    : Adding welcome page template: index
2022-07-01 10:52:50.637  INFO 33788 --- [main] o.s.b.w.embedded.tomcat.TomcatWebServer  : Tomcat started on port(s): 8080 (http) with context path ''
2022-07-01 10:52:50.643  INFO 33788 --- [main] com.jeff.BlogApplication                 : Started BlogApplication in 1.198 seconds (JVM running for 1.6)
2022-07-01 10:52:52.473  INFO 33788 --- [http-nio-8080-exec-1] o.a.c.c.C.[Tomcat].[localhost].[/]       : Initializing Spring DispatcherServlet 'dispatcherServlet'
2022-07-01 10:52:52.473  INFO 33788 --- [http-nio-8080-exec-1] o.s.web.servlet.DispatcherServlet        : Initializing Servlet 'dispatcherServlet'
2022-07-01 10:52:52.474  INFO 33788 --- [http-nio-8080-exec-1] o.s.web.servlet.DispatcherServlet        : Completed initialization in 1 ms
2022-07-01 10:52:52.500  INFO 33788 --- [http-nio-8080-exec-1] com.zaxxer.hikari.HikariDataSource       : HikariPool-1 - Starting...
2022-07-01 10:52:52.677  INFO 33788 --- [http-nio-8080-exec-1] com.zaxxer.hikari.HikariDataSource       : HikariPool-1 - Start completed.
2022-07-01 10:53:05.180  INFO 588 --- [main] com.jeff.BlogApplication                 : Starting BlogApplication using Java 1.8.0_302 on LAPTOP-4UBO5CM2 with PID 588 (D:\work_space\IdeaProjects\Blog\target\classes started by Jeff in D:\work_space\IdeaProjects\Blog)
2022-07-01 10:53:05.181  INFO 588 --- [main] com.jeff.BlogApplication                 : The following 1 profile is active: "dev"
2022-07-01 10:53:05.703  INFO 588 --- [main] o.s.b.w.embedded.tomcat.TomcatWebServer  : Tomcat initialized with port(s): 8080 (http)
2022-07-01 10:53:05.708  INFO 588 --- [main] o.apache.catalina.core.StandardService   : Starting service [Tomcat]
2022-07-01 10:53:05.708  INFO 588 --- [main] org.apache.catalina.core.StandardEngine  : Starting Servlet engine: [Apache Tomcat/9.0.64]
2022-07-01 10:53:05.759  INFO 588 --- [main] o.a.c.c.C.[Tomcat].[localhost].[/]       : Initializing Spring embedded WebApplicationContext
2022-07-01 10:53:05.759  INFO 588 --- [main] w.s.c.ServletWebServerApplicationContext : Root WebApplicationContext: initialization completed in 553 ms
2022-07-01 10:53:05.942  INFO 588 --- [main] o.s.b.a.w.s.WelcomePageHandlerMapping    : Adding welcome page template: index
2022-07-01 10:53:06.091  INFO 588 --- [main] o.s.b.w.embedded.tomcat.TomcatWebServer  : Tomcat started on port(s): 8080 (http) with context path ''
2022-07-01 10:53:06.098  INFO 588 --- [main] com.jeff.BlogApplication                 : Started BlogApplication in 1.185 seconds (JVM running for 1.586)
2022-07-01 10:53:11.106  INFO 588 --- [http-nio-8080-exec-1] o.a.c.c.C.[Tomcat].[localhost].[/]       : Initializing Spring DispatcherServlet 'dispatcherServlet'
2022-07-01 10:53:11.106  INFO 588 --- [http-nio-8080-exec-1] o.s.web.servlet.DispatcherServlet        : Initializing Servlet 'dispatcherServlet'
2022-07-01 10:53:11.107  INFO 588 --- [http-nio-8080-exec-1] o.s.web.servlet.DispatcherServlet        : Completed initialization in 1 ms
2022-07-01 10:53:11.132  INFO 588 --- [http-nio-8080-exec-1] com.zaxxer.hikari.HikariDataSource       : HikariPool-1 - Starting...
2022-07-01 10:53:11.309  INFO 588 --- [http-nio-8080-exec-1] com.zaxxer.hikari.HikariDataSource       : HikariPool-1 - Start completed.
2022-07-01 10:53:20.023  INFO 28484 --- [main] com.jeff.BlogApplication                 : Starting BlogApplication using Java 1.8.0_302 on LAPTOP-4UBO5CM2 with PID 28484 (D:\work_space\IdeaProjects\Blog\target\classes started by Jeff in D:\work_space\IdeaProjects\Blog)
2022-07-01 10:53:20.024  INFO 28484 --- [main] com.jeff.BlogApplication                 : The following 1 profile is active: "dev"
2022-07-01 10:53:20.561  INFO 28484 --- [main] o.s.b.w.embedded.tomcat.TomcatWebServer  : Tomcat initialized with port(s): 8080 (http)
2022-07-01 10:53:20.566  INFO 28484 --- [main] o.apache.catalina.core.StandardService   : Starting service [Tomcat]
2022-07-01 10:53:20.566  INFO 28484 --- [main] org.apache.catalina.core.StandardEngine  : Starting Servlet engine: [Apache Tomcat/9.0.64]
2022-07-01 10:53:20.614  INFO 28484 --- [main] o.a.c.c.C.[Tomcat].[localhost].[/]       : Initializing Spring embedded WebApplicationContext
2022-07-01 10:53:20.614  INFO 28484 --- [main] w.s.c.ServletWebServerApplicationContext : Root WebApplicationContext: initialization completed in 564 ms
2022-07-01 10:53:20.791  INFO 28484 --- [main] o.s.b.a.w.s.WelcomePageHandlerMapping    : Adding welcome page template: index
2022-07-01 10:53:20.933  INFO 28484 --- [main] o.s.b.w.embedded.tomcat.TomcatWebServer  : Tomcat started on port(s): 8080 (http) with context path ''
2022-07-01 10:53:20.940  INFO 28484 --- [main] com.jeff.BlogApplication                 : Started BlogApplication in 1.189 seconds (JVM running for 1.599)
2022-07-01 10:53:28.140  INFO 28484 --- [http-nio-8080-exec-1] o.a.c.c.C.[Tomcat].[localhost].[/]       : Initializing Spring DispatcherServlet 'dispatcherServlet'
2022-07-01 10:53:28.141  INFO 28484 --- [http-nio-8080-exec-1] o.s.web.servlet.DispatcherServlet        : Initializing Servlet 'dispatcherServlet'
2022-07-01 10:53:28.141  INFO 28484 --- [http-nio-8080-exec-1] o.s.web.servlet.DispatcherServlet        : Completed initialization in 0 ms
2022-07-01 10:53:28.166  INFO 28484 --- [http-nio-8080-exec-1] com.zaxxer.hikari.HikariDataSource       : HikariPool-1 - Starting...
2022-07-01 10:53:28.342  INFO 28484 --- [http-nio-8080-exec-1] com.zaxxer.hikari.HikariDataSource       : HikariPool-1 - Start completed.
2022-07-01 10:53:36.346  INFO 10340 --- [main] com.jeff.BlogApplication                 : Starting BlogApplication using Java 1.8.0_302 on LAPTOP-4UBO5CM2 with PID 10340 (D:\work_space\IdeaProjects\Blog\target\classes started by Jeff in D:\work_space\IdeaProjects\Blog)
2022-07-01 10:53:36.348  INFO 10340 --- [main] com.jeff.BlogApplication                 : The following 1 profile is active: "dev"
2022-07-01 10:53:36.860  INFO 10340 --- [main] o.s.b.w.embedded.tomcat.TomcatWebServer  : Tomcat initialized with port(s): 8080 (http)
2022-07-01 10:53:36.865  INFO 10340 --- [main] o.apache.catalina.core.StandardService   : Starting service [Tomcat]
2022-07-01 10:53:36.865  INFO 10340 --- [main] org.apache.catalina.core.StandardEngine  : Starting Servlet engine: [Apache Tomcat/9.0.64]
2022-07-01 10:53:36.912  INFO 10340 --- [main] o.a.c.c.C.[Tomcat].[localhost].[/]       : Initializing Spring embedded WebApplicationContext
2022-07-01 10:53:36.912  INFO 10340 --- [main] w.s.c.ServletWebServerApplicationContext : Root WebApplicationContext: initialization completed in 540 ms
2022-07-01 10:53:37.086  INFO 10340 --- [main] o.s.b.a.w.s.WelcomePageHandlerMapping    : Adding welcome page template: index
2022-07-01 10:53:37.222  INFO 10340 --- [main] o.s.b.w.embedded.tomcat.TomcatWebServer  : Tomcat started on port(s): 8080 (http) with context path ''
2022-07-01 10:53:37.229  INFO 10340 --- [main] com.jeff.BlogApplication                 : Started BlogApplication in 1.149 seconds (JVM running for 1.553)
2022-07-01 10:53:39.213  INFO 10340 --- [http-nio-8080-exec-1] o.a.c.c.C.[Tomcat].[localhost].[/]       : Initializing Spring DispatcherServlet 'dispatcherServlet'
2022-07-01 10:53:39.213  INFO 10340 --- [http-nio-8080-exec-1] o.s.web.servlet.DispatcherServlet        : Initializing Servlet 'dispatcherServlet'
2022-07-01 10:53:39.213  INFO 10340 --- [http-nio-8080-exec-1] o.s.web.servlet.DispatcherServlet        : Completed initialization in 0 ms
2022-07-01 10:53:39.239  INFO 10340 --- [http-nio-8080-exec-1] com.zaxxer.hikari.HikariDataSource       : HikariPool-1 - Starting...
2022-07-01 10:53:39.414  INFO 10340 --- [http-nio-8080-exec-1] com.zaxxer.hikari.HikariDataSource       : HikariPool-1 - Start completed.
2022-07-01 10:53:59.429  INFO 21432 --- [main] com.jeff.BlogApplication                 : Starting BlogApplication using Java 1.8.0_302 on LAPTOP-4UBO5CM2 with PID 21432 (D:\work_space\IdeaProjects\Blog\target\classes started by Jeff in D:\work_space\IdeaProjects\Blog)
2022-07-01 10:53:59.430  INFO 21432 --- [main] com.jeff.BlogApplication                 : The following 1 profile is active: "dev"
2022-07-01 10:53:59.972  INFO 21432 --- [main] o.s.b.w.embedded.tomcat.TomcatWebServer  : Tomcat initialized with port(s): 8080 (http)
2022-07-01 10:53:59.977  INFO 21432 --- [main] o.apache.catalina.core.StandardService   : Starting service [Tomcat]
2022-07-01 10:53:59.977  INFO 21432 --- [main] org.apache.catalina.core.StandardEngine  : Starting Servlet engine: [Apache Tomcat/9.0.64]
2022-07-01 10:54:00.027  INFO 21432 --- [main] o.a.c.c.C.[Tomcat].[localhost].[/]       : Initializing Spring embedded WebApplicationContext
2022-07-01 10:54:00.027  INFO 21432 --- [main] w.s.c.ServletWebServerApplicationContext : Root WebApplicationContext: initialization completed in 573 ms
2022-07-01 10:54:00.202  INFO 21432 --- [main] o.s.b.a.w.s.WelcomePageHandlerMapping    : Adding welcome page template: index
2022-07-01 10:54:00.340  INFO 21432 --- [main] o.s.b.w.embedded.tomcat.TomcatWebServer  : Tomcat started on port(s): 8080 (http) with context path ''
2022-07-01 10:54:00.347  INFO 21432 --- [main] com.jeff.BlogApplication                 : Started BlogApplication in 1.219 seconds (JVM running for 1.629)
2022-07-01 10:54:03.157  INFO 21432 --- [http-nio-8080-exec-1] o.a.c.c.C.[Tomcat].[localhost].[/]       : Initializing Spring DispatcherServlet 'dispatcherServlet'
2022-07-01 10:54:03.158  INFO 21432 --- [http-nio-8080-exec-1] o.s.web.servlet.DispatcherServlet        : Initializing Servlet 'dispatcherServlet'
2022-07-01 10:54:03.159  INFO 21432 --- [http-nio-8080-exec-1] o.s.web.servlet.DispatcherServlet        : Completed initialization in 1 ms
2022-07-01 10:54:03.185  INFO 21432 --- [http-nio-8080-exec-1] com.zaxxer.hikari.HikariDataSource       : HikariPool-1 - Starting...
2022-07-01 10:54:03.360  INFO 21432 --- [http-nio-8080-exec-1] com.zaxxer.hikari.HikariDataSource       : HikariPool-1 - Start completed.
2022-07-01 11:15:08.942  INFO 33044 --- [main] com.jeff.BlogApplication                 : Starting BlogApplication using Java 1.8.0_302 on LAPTOP-4UBO5CM2 with PID 33044 (D:\work_space\IdeaProjects\Blog\target\classes started by Jeff in D:\work_space\IdeaProjects\Blog)
2022-07-01 11:15:08.943  INFO 33044 --- [main] com.jeff.BlogApplication                 : The following 1 profile is active: "dev"
2022-07-01 11:15:09.486  INFO 33044 --- [main] o.s.b.w.embedded.tomcat.TomcatWebServer  : Tomcat initialized with port(s): 8080 (http)
2022-07-01 11:15:09.491  INFO 33044 --- [main] o.apache.catalina.core.StandardService   : Starting service [Tomcat]
2022-07-01 11:15:09.491  INFO 33044 --- [main] org.apache.catalina.core.StandardEngine  : Starting Servlet engine: [Apache Tomcat/9.0.64]
2022-07-01 11:15:09.540  INFO 33044 --- [main] o.a.c.c.C.[Tomcat].[localhost].[/]       : Initializing Spring embedded WebApplicationContext
2022-07-01 11:15:09.540  INFO 33044 --- [main] w.s.c.ServletWebServerApplicationContext : Root WebApplicationContext: initialization completed in 568 ms
2022-07-01 11:15:09.722  INFO 33044 --- [main] o.s.b.a.w.s.WelcomePageHandlerMapping    : Adding welcome page template: index
2022-07-01 11:15:09.865  INFO 33044 --- [main] o.s.b.w.embedded.tomcat.TomcatWebServer  : Tomcat started on port(s): 8080 (http) with context path ''
2022-07-01 11:15:09.872  INFO 33044 --- [main] com.jeff.BlogApplication                 : Started BlogApplication in 1.203 seconds (JVM running for 1.602)
2022-07-01 11:15:14.221  INFO 33044 --- [http-nio-8080-exec-1] o.a.c.c.C.[Tomcat].[localhost].[/]       : Initializing Spring DispatcherServlet 'dispatcherServlet'
2022-07-01 11:15:14.221  INFO 33044 --- [http-nio-8080-exec-1] o.s.web.servlet.DispatcherServlet        : Initializing Servlet 'dispatcherServlet'
2022-07-01 11:15:14.222  INFO 33044 --- [http-nio-8080-exec-1] o.s.web.servlet.DispatcherServlet        : Completed initialization in 1 ms
2022-07-01 11:15:14.248  INFO 33044 --- [http-nio-8080-exec-1] com.zaxxer.hikari.HikariDataSource       : HikariPool-1 - Starting...
2022-07-01 11:15:14.425  INFO 33044 --- [http-nio-8080-exec-1] com.zaxxer.hikari.HikariDataSource       : HikariPool-1 - Start completed.
2022-07-01 11:15:33.872  WARN 33044 --- [http-nio-8080-exec-9] .w.s.m.s.DefaultHandlerExceptionResolver : Resolved [org.springframework.web.method.annotation.MethodArgumentTypeMismatchException: Failed to convert value of type 'java.lang.String' to required type 'java.lang.Integer'; nested exception is java.lang.NumberFormatException: For input string: "index"]
2022-07-01 11:15:44.214  WARN 33044 --- [http-nio-8080-exec-10] .w.s.m.s.DefaultHandlerExceptionResolver : Resolved [org.springframework.web.method.annotation.MethodArgumentTypeMismatchException: Failed to convert value of type 'java.lang.String' to required type 'java.lang.Integer'; nested exception is java.lang.NumberFormatException: For input string: "index"]
2022-07-01 11:16:09.584  WARN 33044 --- [http-nio-8080-exec-1] .w.s.m.s.DefaultHandlerExceptionResolver : Resolved [org.springframework.web.method.annotation.MethodArgumentTypeMismatchException: Failed to convert value of type 'java.lang.String' to required type 'java.lang.Integer'; nested exception is java.lang.NumberFormatException: For input string: "index"]
2022-07-01 11:16:14.163  WARN 33044 --- [http-nio-8080-exec-6] .w.s.m.s.DefaultHandlerExceptionResolver : Resolved [org.springframework.web.method.annotation.MethodArgumentTypeMismatchException: Failed to convert value of type 'java.lang.String' to required type 'java.lang.Integer'; nested exception is java.lang.NumberFormatException: For input string: "index"]
2022-07-01 11:16:49.788  INFO 9404 --- [main] com.jeff.BlogApplication                 : Starting BlogApplication using Java 1.8.0_302 on LAPTOP-4UBO5CM2 with PID 9404 (D:\work_space\IdeaProjects\Blog\target\classes started by Jeff in D:\work_space\IdeaProjects\Blog)
2022-07-01 11:16:49.790  INFO 9404 --- [main] com.jeff.BlogApplication                 : The following 1 profile is active: "dev"
2022-07-01 11:16:50.324  INFO 9404 --- [main] o.s.b.w.embedded.tomcat.TomcatWebServer  : Tomcat initialized with port(s): 8080 (http)
2022-07-01 11:16:50.329  INFO 9404 --- [main] o.apache.catalina.core.StandardService   : Starting service [Tomcat]
2022-07-01 11:16:50.329  INFO 9404 --- [main] org.apache.catalina.core.StandardEngine  : Starting Servlet engine: [Apache Tomcat/9.0.64]
2022-07-01 11:16:50.376  INFO 9404 --- [main] o.a.c.c.C.[Tomcat].[localhost].[/]       : Initializing Spring embedded WebApplicationContext
2022-07-01 11:16:50.376  INFO 9404 --- [main] w.s.c.ServletWebServerApplicationContext : Root WebApplicationContext: initialization completed in 558 ms
2022-07-01 11:16:50.565  INFO 9404 --- [main] o.s.b.a.w.s.WelcomePageHandlerMapping    : Adding welcome page template: index
2022-07-01 11:16:50.705  INFO 9404 --- [main] o.s.b.w.embedded.tomcat.TomcatWebServer  : Tomcat started on port(s): 8080 (http) with context path ''
2022-07-01 11:16:50.713  INFO 9404 --- [main] com.jeff.BlogApplication                 : Started BlogApplication in 1.254 seconds (JVM running for 1.692)
2022-07-01 11:16:52.639  INFO 9404 --- [http-nio-8080-exec-1] o.a.c.c.C.[Tomcat].[localhost].[/]       : Initializing Spring DispatcherServlet 'dispatcherServlet'
2022-07-01 11:16:52.639  INFO 9404 --- [http-nio-8080-exec-1] o.s.web.servlet.DispatcherServlet        : Initializing Servlet 'dispatcherServlet'
2022-07-01 11:16:52.640  INFO 9404 --- [http-nio-8080-exec-1] o.s.web.servlet.DispatcherServlet        : Completed initialization in 1 ms
2022-07-01 11:16:56.418  INFO 9404 --- [http-nio-8080-exec-2] com.zaxxer.hikari.HikariDataSource       : HikariPool-1 - Starting...
2022-07-01 11:16:56.677  INFO 9404 --- [http-nio-8080-exec-2] com.zaxxer.hikari.HikariDataSource       : HikariPool-1 - Start completed.
2022-07-01 11:17:51.039  INFO 5484 --- [main] com.jeff.BlogApplication                 : Starting BlogApplication using Java 1.8.0_302 on LAPTOP-4UBO5CM2 with PID 5484 (D:\work_space\IdeaProjects\Blog\target\classes started by Jeff in D:\work_space\IdeaProjects\Blog)
2022-07-01 11:17:51.041  INFO 5484 --- [main] com.jeff.BlogApplication                 : The following 1 profile is active: "dev"
2022-07-01 11:17:51.571  INFO 5484 --- [main] o.s.b.w.embedded.tomcat.TomcatWebServer  : Tomcat initialized with port(s): 8080 (http)
2022-07-01 11:17:51.576  INFO 5484 --- [main] o.apache.catalina.core.StandardService   : Starting service [Tomcat]
2022-07-01 11:17:51.576  INFO 5484 --- [main] org.apache.catalina.core.StandardEngine  : Starting Servlet engine: [Apache Tomcat/9.0.64]
2022-07-01 11:17:51.629  INFO 5484 --- [main] o.a.c.c.C.[Tomcat].[localhost].[/]       : Initializing Spring embedded WebApplicationContext
2022-07-01 11:17:51.629  INFO 5484 --- [main] w.s.c.ServletWebServerApplicationContext : Root WebApplicationContext: initialization completed in 562 ms
2022-07-01 11:17:51.803  INFO 5484 --- [main] o.s.b.a.w.s.WelcomePageHandlerMapping    : Adding welcome page template: index
2022-07-01 11:17:51.939  INFO 5484 --- [main] o.s.b.w.embedded.tomcat.TomcatWebServer  : Tomcat started on port(s): 8080 (http) with context path ''
2022-07-01 11:17:51.945  INFO 5484 --- [main] com.jeff.BlogApplication                 : Started BlogApplication in 1.179 seconds (JVM running for 1.624)
2022-07-01 11:17:57.401  INFO 5484 --- [http-nio-8080-exec-1] o.a.c.c.C.[Tomcat].[localhost].[/]       : Initializing Spring DispatcherServlet 'dispatcherServlet'
2022-07-01 11:17:57.401  INFO 5484 --- [http-nio-8080-exec-1] o.s.web.servlet.DispatcherServlet        : Initializing Servlet 'dispatcherServlet'
2022-07-01 11:17:57.402  INFO 5484 --- [http-nio-8080-exec-1] o.s.web.servlet.DispatcherServlet        : Completed initialization in 1 ms
2022-07-01 11:17:57.427  INFO 5484 --- [http-nio-8080-exec-1] com.zaxxer.hikari.HikariDataSource       : HikariPool-1 - Starting...
2022-07-01 11:17:57.602  INFO 5484 --- [http-nio-8080-exec-1] com.zaxxer.hikari.HikariDataSource       : HikariPool-1 - Start completed.
2022-07-01 12:07:57.962  INFO 31472 --- [main] com.jeff.BlogApplication                 : Starting BlogApplication using Java 1.8.0_302 on LAPTOP-4UBO5CM2 with PID 31472 (D:\work_space\IdeaProjects\Blog\target\classes started by Jeff in D:\work_space\IdeaProjects\Blog)
2022-07-01 12:07:57.965  INFO 31472 --- [main] com.jeff.BlogApplication                 : The following 1 profile is active: "dev"
2022-07-01 12:07:58.551  INFO 31472 --- [main] o.s.b.w.embedded.tomcat.TomcatWebServer  : Tomcat initialized with port(s): 8080 (http)
2022-07-01 12:07:58.556  INFO 31472 --- [main] o.apache.catalina.core.StandardService   : Starting service [Tomcat]
2022-07-01 12:07:58.556  INFO 31472 --- [main] org.apache.catalina.core.StandardEngine  : Starting Servlet engine: [Apache Tomcat/9.0.64]
2022-07-01 12:07:58.609  INFO 31472 --- [main] o.a.c.c.C.[Tomcat].[localhost].[/]       : Initializing Spring embedded WebApplicationContext
2022-07-01 12:07:58.610  INFO 31472 --- [main] w.s.c.ServletWebServerApplicationContext : Root WebApplicationContext: initialization completed in 613 ms
2022-07-01 12:07:58.813  INFO 31472 --- [main] o.s.b.a.w.s.WelcomePageHandlerMapping    : Adding welcome page template: index
2022-07-01 12:07:58.955  INFO 31472 --- [main] o.s.b.w.embedded.tomcat.TomcatWebServer  : Tomcat started on port(s): 8080 (http) with context path ''
2022-07-01 12:07:58.961  INFO 31472 --- [main] com.jeff.BlogApplication                 : Started BlogApplication in 1.351 seconds (JVM running for 1.767)
2022-07-01 12:08:02.647  INFO 31472 --- [http-nio-8080-exec-1] o.a.c.c.C.[Tomcat].[localhost].[/]       : Initializing Spring DispatcherServlet 'dispatcherServlet'
2022-07-01 12:08:02.647  INFO 31472 --- [http-nio-8080-exec-1] o.s.web.servlet.DispatcherServlet        : Initializing Servlet 'dispatcherServlet'
2022-07-01 12:08:02.647  INFO 31472 --- [http-nio-8080-exec-1] o.s.web.servlet.DispatcherServlet        : Completed initialization in 0 ms
2022-07-01 12:08:02.673  INFO 31472 --- [http-nio-8080-exec-1] com.zaxxer.hikari.HikariDataSource       : HikariPool-1 - Starting...
2022-07-01 12:08:02.850  INFO 31472 --- [http-nio-8080-exec-1] com.zaxxer.hikari.HikariDataSource       : HikariPool-1 - Start completed.
2022-07-01 12:09:33.714  INFO 21664 --- [main] com.jeff.BlogApplication                 : Starting BlogApplication using Java 1.8.0_302 on LAPTOP-4UBO5CM2 with PID 21664 (D:\work_space\IdeaProjects\Blog\target\classes started by Jeff in D:\work_space\IdeaProjects\Blog)
2022-07-01 12:09:33.716  INFO 21664 --- [main] com.jeff.BlogApplication                 : The following 1 profile is active: "dev"
2022-07-01 12:09:34.247  INFO 21664 --- [main] o.s.b.w.embedded.tomcat.TomcatWebServer  : Tomcat initialized with port(s): 8080 (http)
2022-07-01 12:09:34.252  INFO 21664 --- [main] o.apache.catalina.core.StandardService   : Starting service [Tomcat]
2022-07-01 12:09:34.252  INFO 21664 --- [main] org.apache.catalina.core.StandardEngine  : Starting Servlet engine: [Apache Tomcat/9.0.64]
2022-07-01 12:09:34.301  INFO 21664 --- [main] o.a.c.c.C.[Tomcat].[localhost].[/]       : Initializing Spring embedded WebApplicationContext
2022-07-01 12:09:34.302  INFO 21664 --- [main] w.s.c.ServletWebServerApplicationContext : Root WebApplicationContext: initialization completed in 562 ms
2022-07-01 12:09:34.478  INFO 21664 --- [main] o.s.b.a.w.s.WelcomePageHandlerMapping    : Adding welcome page template: index
2022-07-01 12:09:34.618  INFO 21664 --- [main] o.s.b.w.embedded.tomcat.TomcatWebServer  : Tomcat started on port(s): 8080 (http) with context path ''
2022-07-01 12:09:34.624  INFO 21664 --- [main] com.jeff.BlogApplication                 : Started BlogApplication in 1.189 seconds (JVM running for 1.672)
2022-07-01 12:09:37.003  INFO 21664 --- [http-nio-8080-exec-1] o.a.c.c.C.[Tomcat].[localhost].[/]       : Initializing Spring DispatcherServlet 'dispatcherServlet'
2022-07-01 12:09:37.003  INFO 21664 --- [http-nio-8080-exec-1] o.s.web.servlet.DispatcherServlet        : Initializing Servlet 'dispatcherServlet'
2022-07-01 12:09:37.004  INFO 21664 --- [http-nio-8080-exec-1] o.s.web.servlet.DispatcherServlet        : Completed initialization in 1 ms
2022-07-01 12:09:37.030  INFO 21664 --- [http-nio-8080-exec-1] com.zaxxer.hikari.HikariDataSource       : HikariPool-1 - Starting...
2022-07-01 12:09:37.214  INFO 21664 --- [http-nio-8080-exec-1] com.zaxxer.hikari.HikariDataSource       : HikariPool-1 - Start completed.
2022-07-01 13:35:44.473  INFO 5200 --- [main] com.jeff.BlogApplication                 : Starting BlogApplication using Java 1.8.0_302 on LAPTOP-4UBO5CM2 with PID 5200 (D:\work_space\IdeaProjects\Blog\target\classes started by Jeff in D:\work_space\IdeaProjects\Blog)
2022-07-01 13:35:44.475  INFO 5200 --- [main] com.jeff.BlogApplication                 : The following 1 profile is active: "dev"
2022-07-01 13:35:45.031  INFO 5200 --- [main] o.s.b.w.embedded.tomcat.TomcatWebServer  : Tomcat initialized with port(s): 8080 (http)
2022-07-01 13:35:45.036  INFO 5200 --- [main] o.apache.catalina.core.StandardService   : Starting service [Tomcat]
2022-07-01 13:35:45.036  INFO 5200 --- [main] org.apache.catalina.core.StandardEngine  : Starting Servlet engine: [Apache Tomcat/9.0.64]
2022-07-01 13:35:45.088  INFO 5200 --- [main] o.a.c.c.C.[Tomcat].[localhost].[/]       : Initializing Spring embedded WebApplicationContext
2022-07-01 13:35:45.088  INFO 5200 --- [main] w.s.c.ServletWebServerApplicationContext : Root WebApplicationContext: initialization completed in 588 ms
2022-07-01 13:35:45.265  INFO 5200 --- [main] o.s.b.a.w.s.WelcomePageHandlerMapping    : Adding welcome page template: index
2022-07-01 13:35:45.408  INFO 5200 --- [main] o.s.b.w.embedded.tomcat.TomcatWebServer  : Tomcat started on port(s): 8080 (http) with context path ''
2022-07-01 13:35:45.415  INFO 5200 --- [main] com.jeff.BlogApplication                 : Started BlogApplication in 1.212 seconds (JVM running for 1.656)
2022-07-01 13:35:48.923  INFO 5200 --- [http-nio-8080-exec-1] o.a.c.c.C.[Tomcat].[localhost].[/]       : Initializing Spring DispatcherServlet 'dispatcherServlet'
2022-07-01 13:35:48.923  INFO 5200 --- [http-nio-8080-exec-1] o.s.web.servlet.DispatcherServlet        : Initializing Servlet 'dispatcherServlet'
2022-07-01 13:35:48.923  INFO 5200 --- [http-nio-8080-exec-1] o.s.web.servlet.DispatcherServlet        : Completed initialization in 0 ms
2022-07-01 13:35:48.949  INFO 5200 --- [http-nio-8080-exec-1] com.zaxxer.hikari.HikariDataSource       : HikariPool-1 - Starting...
2022-07-01 13:35:49.132  INFO 5200 --- [http-nio-8080-exec-1] com.zaxxer.hikari.HikariDataSource       : HikariPool-1 - Start completed.
2022-07-01 14:00:09.766  INFO 9748 --- [main] com.jeff.BlogApplication                 : Starting BlogApplication using Java 1.8.0_302 on LAPTOP-4UBO5CM2 with PID 9748 (D:\work_space\IdeaProjects\Blog\target\classes started by Jeff in D:\work_space\IdeaProjects\Blog)
2022-07-01 14:00:09.767  INFO 9748 --- [main] com.jeff.BlogApplication                 : The following 1 profile is active: "dev"
2022-07-01 14:00:10.320  INFO 9748 --- [main] o.s.b.w.embedded.tomcat.TomcatWebServer  : Tomcat initialized with port(s): 8080 (http)
2022-07-01 14:00:10.325  INFO 9748 --- [main] o.apache.catalina.core.StandardService   : Starting service [Tomcat]
2022-07-01 14:00:10.325  INFO 9748 --- [main] org.apache.catalina.core.StandardEngine  : Starting Servlet engine: [Apache Tomcat/9.0.64]
2022-07-01 14:00:10.376  INFO 9748 --- [main] o.a.c.c.C.[Tomcat].[localhost].[/]       : Initializing Spring embedded WebApplicationContext
2022-07-01 14:00:10.376  INFO 9748 --- [main] w.s.c.ServletWebServerApplicationContext : Root WebApplicationContext: initialization completed in 583 ms
2022-07-01 14:00:10.551  INFO 9748 --- [main] o.s.b.a.w.s.WelcomePageHandlerMapping    : Adding welcome page template: index
2022-07-01 14:00:10.690  INFO 9748 --- [main] o.s.b.w.embedded.tomcat.TomcatWebServer  : Tomcat started on port(s): 8080 (http) with context path ''
2022-07-01 14:00:10.697  INFO 9748 --- [main] com.jeff.BlogApplication                 : Started BlogApplication in 1.199 seconds (JVM running for 1.652)
2022-07-01 14:00:17.031  INFO 9748 --- [http-nio-8080-exec-1] o.a.c.c.C.[Tomcat].[localhost].[/]       : Initializing Spring DispatcherServlet 'dispatcherServlet'
2022-07-01 14:00:17.031  INFO 9748 --- [http-nio-8080-exec-1] o.s.web.servlet.DispatcherServlet        : Initializing Servlet 'dispatcherServlet'
2022-07-01 14:00:17.032  INFO 9748 --- [http-nio-8080-exec-1] o.s.web.servlet.DispatcherServlet        : Completed initialization in 1 ms
2022-07-01 14:00:17.057  INFO 9748 --- [http-nio-8080-exec-1] com.zaxxer.hikari.HikariDataSource       : HikariPool-1 - Starting...
2022-07-01 14:00:17.243  INFO 9748 --- [http-nio-8080-exec-1] com.zaxxer.hikari.HikariDataSource       : HikariPool-1 - Start completed.
2022-07-01 14:01:35.784  INFO 22664 --- [main] com.jeff.BlogApplication                 : Starting BlogApplication using Java 1.8.0_302 on LAPTOP-4UBO5CM2 with PID 22664 (D:\work_space\IdeaProjects\Blog\target\classes started by Jeff in D:\work_space\IdeaProjects\Blog)
2022-07-01 14:01:35.785  INFO 22664 --- [main] com.jeff.BlogApplication                 : The following 1 profile is active: "dev"
2022-07-01 14:01:36.351  INFO 22664 --- [main] o.s.b.w.embedded.tomcat.TomcatWebServer  : Tomcat initialized with port(s): 8080 (http)
2022-07-01 14:01:36.356  INFO 22664 --- [main] o.apache.catalina.core.StandardService   : Starting service [Tomcat]
2022-07-01 14:01:36.356  INFO 22664 --- [main] org.apache.catalina.core.StandardEngine  : Starting Servlet engine: [Apache Tomcat/9.0.64]
2022-07-01 14:01:36.406  INFO 22664 --- [main] o.a.c.c.C.[Tomcat].[localhost].[/]       : Initializing Spring embedded WebApplicationContext
2022-07-01 14:01:36.406  INFO 22664 --- [main] w.s.c.ServletWebServerApplicationContext : Root WebApplicationContext: initialization completed in 595 ms
2022-07-01 14:01:36.587  INFO 22664 --- [main] o.s.b.a.w.s.WelcomePageHandlerMapping    : Adding welcome page template: index
2022-07-01 14:01:36.727  INFO 22664 --- [main] o.s.b.w.embedded.tomcat.TomcatWebServer  : Tomcat started on port(s): 8080 (http) with context path ''
2022-07-01 14:01:36.734  INFO 22664 --- [main] com.jeff.BlogApplication                 : Started BlogApplication in 1.256 seconds (JVM running for 1.72)
2022-07-01 14:01:38.997  INFO 22664 --- [http-nio-8080-exec-1] o.a.c.c.C.[Tomcat].[localhost].[/]       : Initializing Spring DispatcherServlet 'dispatcherServlet'
2022-07-01 14:01:38.997  INFO 22664 --- [http-nio-8080-exec-1] o.s.web.servlet.DispatcherServlet        : Initializing Servlet 'dispatcherServlet'
2022-07-01 14:01:38.998  INFO 22664 --- [http-nio-8080-exec-1] o.s.web.servlet.DispatcherServlet        : Completed initialization in 1 ms
2022-07-01 14:01:39.023  INFO 22664 --- [http-nio-8080-exec-1] com.zaxxer.hikari.HikariDataSource       : HikariPool-1 - Starting...
2022-07-01 14:01:39.204  INFO 22664 --- [http-nio-8080-exec-1] com.zaxxer.hikari.HikariDataSource       : HikariPool-1 - Start completed.
2022-07-01 14:15:02.616  INFO 16804 --- [main] com.jeff.BlogApplication                 : Starting BlogApplication using Java 1.8.0_302 on LAPTOP-4UBO5CM2 with PID 16804 (D:\work_space\IdeaProjects\Blog\target\classes started by Jeff in D:\work_space\IdeaProjects\Blog)
2022-07-01 14:15:02.617  INFO 16804 --- [main] com.jeff.BlogApplication                 : The following 1 profile is active: "dev"
2022-07-01 14:15:03.136  INFO 16804 --- [main] o.s.b.w.embedded.tomcat.TomcatWebServer  : Tomcat initialized with port(s): 8080 (http)
2022-07-01 14:15:03.141  INFO 16804 --- [main] o.apache.catalina.core.StandardService   : Starting service [Tomcat]
2022-07-01 14:15:03.141  INFO 16804 --- [main] org.apache.catalina.core.StandardEngine  : Starting Servlet engine: [Apache Tomcat/9.0.64]
2022-07-01 14:15:03.191  INFO 16804 --- [main] o.a.c.c.C.[Tomcat].[localhost].[/]       : Initializing Spring embedded WebApplicationContext
2022-07-01 14:15:03.191  INFO 16804 --- [main] w.s.c.ServletWebServerApplicationContext : Root WebApplicationContext: initialization completed in 551 ms
2022-07-01 14:15:03.356  INFO 16804 --- [main] o.s.b.a.w.s.WelcomePageHandlerMapping    : Adding welcome page template: index
2022-07-01 14:15:03.504  INFO 16804 --- [main] o.s.b.w.embedded.tomcat.TomcatWebServer  : Tomcat started on port(s): 8080 (http) with context path ''
2022-07-01 14:15:03.510  INFO 16804 --- [main] com.jeff.BlogApplication                 : Started BlogApplication in 1.169 seconds (JVM running for 1.613)
2022-07-01 14:17:09.018  INFO 16804 --- [http-nio-8080-exec-1] o.a.c.c.C.[Tomcat].[localhost].[/]       : Initializing Spring DispatcherServlet 'dispatcherServlet'
2022-07-01 14:17:09.018  INFO 16804 --- [http-nio-8080-exec-1] o.s.web.servlet.DispatcherServlet        : Initializing Servlet 'dispatcherServlet'
2022-07-01 14:17:09.019  INFO 16804 --- [http-nio-8080-exec-1] o.s.web.servlet.DispatcherServlet        : Completed initialization in 1 ms
2022-07-01 14:17:09.045  INFO 16804 --- [http-nio-8080-exec-1] com.zaxxer.hikari.HikariDataSource       : HikariPool-1 - Starting...
2022-07-01 14:17:09.227  INFO 16804 --- [http-nio-8080-exec-1] com.zaxxer.hikari.HikariDataSource       : HikariPool-1 - Start completed.
2022-07-01 14:24:41.178  INFO 12960 --- [main] com.jeff.BlogApplication                 : Starting BlogApplication using Java 1.8.0_302 on LAPTOP-4UBO5CM2 with PID 12960 (D:\work_space\IdeaProjects\Blog\target\classes started by Jeff in D:\work_space\IdeaProjects\Blog)
2022-07-01 14:24:41.178  INFO 12960 --- [main] com.jeff.BlogApplication                 : The following 1 profile is active: "dev"
2022-07-01 14:24:41.703  INFO 12960 --- [main] o.s.b.w.embedded.tomcat.TomcatWebServer  : Tomcat initialized with port(s): 8080 (http)
2022-07-01 14:24:41.709  INFO 12960 --- [main] o.apache.catalina.core.StandardService   : Starting service [Tomcat]
2022-07-01 14:24:41.709  INFO 12960 --- [main] org.apache.catalina.core.StandardEngine  : Starting Servlet engine: [Apache Tomcat/9.0.64]
2022-07-01 14:24:41.760  INFO 12960 --- [main] o.a.c.c.C.[Tomcat].[localhost].[/]       : Initializing Spring embedded WebApplicationContext
2022-07-01 14:24:41.760  INFO 12960 --- [main] w.s.c.ServletWebServerApplicationContext : Root WebApplicationContext: initialization completed in 553 ms
2022-07-01 14:24:41.940  INFO 12960 --- [main] o.s.b.a.w.s.WelcomePageHandlerMapping    : Adding welcome page template: index
2022-07-01 14:24:42.081  INFO 12960 --- [main] o.s.b.w.embedded.tomcat.TomcatWebServer  : Tomcat started on port(s): 8080 (http) with context path ''
2022-07-01 14:24:42.088  INFO 12960 --- [main] com.jeff.BlogApplication                 : Started BlogApplication in 1.19 seconds (JVM running for 1.669)
2022-07-01 14:24:49.507  INFO 20964 --- [main] com.jeff.BlogApplication                 : Starting BlogApplication using Java 1.8.0_302 on LAPTOP-4UBO5CM2 with PID 20964 (D:\work_space\IdeaProjects\Blog\target\classes started by Jeff in D:\work_space\IdeaProjects\Blog)
2022-07-01 14:24:49.508  INFO 20964 --- [main] com.jeff.BlogApplication                 : The following 1 profile is active: "dev"
2022-07-01 14:24:50.036  INFO 20964 --- [main] o.s.b.w.embedded.tomcat.TomcatWebServer  : Tomcat initialized with port(s): 8080 (http)
2022-07-01 14:24:50.041  INFO 20964 --- [main] o.apache.catalina.core.StandardService   : Starting service [Tomcat]
2022-07-01 14:24:50.041  INFO 20964 --- [main] org.apache.catalina.core.StandardEngine  : Starting Servlet engine: [Apache Tomcat/9.0.64]
2022-07-01 14:24:50.094  INFO 20964 --- [main] o.a.c.c.C.[Tomcat].[localhost].[/]       : Initializing Spring embedded WebApplicationContext
2022-07-01 14:24:50.094  INFO 20964 --- [main] w.s.c.ServletWebServerApplicationContext : Root WebApplicationContext: initialization completed in 566 ms
2022-07-01 14:24:50.268  INFO 20964 --- [main] o.s.b.a.w.s.WelcomePageHandlerMapping    : Adding welcome page template: index
2022-07-01 14:24:50.408  INFO 20964 --- [main] o.s.b.w.embedded.tomcat.TomcatWebServer  : Tomcat started on port(s): 8080 (http) with context path ''
2022-07-01 14:24:50.417  INFO 20964 --- [main] com.jeff.BlogApplication                 : Started BlogApplication in 1.18 seconds (JVM running for 1.617)
2022-07-01 14:24:54.946  INFO 20964 --- [http-nio-8080-exec-1] o.a.c.c.C.[Tomcat].[localhost].[/]       : Initializing Spring DispatcherServlet 'dispatcherServlet'
2022-07-01 14:24:54.947  INFO 20964 --- [http-nio-8080-exec-1] o.s.web.servlet.DispatcherServlet        : Initializing Servlet 'dispatcherServlet'
2022-07-01 14:24:54.948  INFO 20964 --- [http-nio-8080-exec-1] o.s.web.servlet.DispatcherServlet        : Completed initialization in 1 ms
2022-07-01 14:24:54.973  INFO 20964 --- [http-nio-8080-exec-1] com.zaxxer.hikari.HikariDataSource       : HikariPool-1 - Starting...
2022-07-01 14:24:55.151  INFO 20964 --- [http-nio-8080-exec-1] com.zaxxer.hikari.HikariDataSource       : HikariPool-1 - Start completed.
2022-07-01 14:26:28.085  INFO 10784 --- [main] com.jeff.BlogApplication                 : Starting BlogApplication using Java 1.8.0_302 on LAPTOP-4UBO5CM2 with PID 10784 (D:\work_space\IdeaProjects\Blog\target\classes started by Jeff in D:\work_space\IdeaProjects\Blog)
2022-07-01 14:26:28.087  INFO 10784 --- [main] com.jeff.BlogApplication                 : The following 1 profile is active: "dev"
2022-07-01 14:26:28.618  INFO 10784 --- [main] o.s.b.w.embedded.tomcat.TomcatWebServer  : Tomcat initialized with port(s): 8080 (http)
2022-07-01 14:26:28.627  INFO 10784 --- [main] o.apache.catalina.core.StandardService   : Starting service [Tomcat]
2022-07-01 14:26:28.627  INFO 10784 --- [main] org.apache.catalina.core.StandardEngine  : Starting Servlet engine: [Apache Tomcat/9.0.64]
2022-07-01 14:26:28.678  INFO 10784 --- [main] o.a.c.c.C.[Tomcat].[localhost].[/]       : Initializing Spring embedded WebApplicationContext
2022-07-01 14:26:28.678  INFO 10784 --- [main] w.s.c.ServletWebServerApplicationContext : Root WebApplicationContext: initialization completed in 567 ms
2022-07-01 14:26:28.856  INFO 10784 --- [main] o.s.b.a.w.s.WelcomePageHandlerMapping    : Adding welcome page template: index
2022-07-01 14:26:28.997  INFO 10784 --- [main] o.s.b.w.embedded.tomcat.TomcatWebServer  : Tomcat started on port(s): 8080 (http) with context path ''
2022-07-01 14:26:29.004  INFO 10784 --- [main] com.jeff.BlogApplication                 : Started BlogApplication in 1.188 seconds (JVM running for 1.68)
2022-07-01 14:26:34.751  INFO 10784 --- [http-nio-8080-exec-1] o.a.c.c.C.[Tomcat].[localhost].[/]       : Initializing Spring DispatcherServlet 'dispatcherServlet'
2022-07-01 14:26:34.752  INFO 10784 --- [http-nio-8080-exec-1] o.s.web.servlet.DispatcherServlet        : Initializing Servlet 'dispatcherServlet'
2022-07-01 14:26:34.752  INFO 10784 --- [http-nio-8080-exec-1] o.s.web.servlet.DispatcherServlet        : Completed initialization in 0 ms
2022-07-01 14:26:34.778  INFO 10784 --- [http-nio-8080-exec-1] com.zaxxer.hikari.HikariDataSource       : HikariPool-1 - Starting...
2022-07-01 14:26:34.956  INFO 10784 --- [http-nio-8080-exec-1] com.zaxxer.hikari.HikariDataSource       : HikariPool-1 - Start completed.
2022-07-01 16:16:20.120  INFO 28212 --- [main] com.jeff.BlogApplication                 : Starting BlogApplication using Java 1.8.0_302 on LAPTOP-4UBO5CM2 with PID 28212 (D:\work_space\IdeaProjects\Blog\target\classes started by Jeff in D:\work_space\IdeaProjects\Blog)
2022-07-01 16:16:20.121  INFO 28212 --- [main] com.jeff.BlogApplication                 : The following 1 profile is active: "dev"
2022-07-01 16:16:20.660  INFO 28212 --- [main] o.s.b.w.embedded.tomcat.TomcatWebServer  : Tomcat initialized with port(s): 8080 (http)
2022-07-01 16:16:20.665  INFO 28212 --- [main] o.apache.catalina.core.StandardService   : Starting service [Tomcat]
2022-07-01 16:16:20.666  INFO 28212 --- [main] org.apache.catalina.core.StandardEngine  : Starting Servlet engine: [Apache Tomcat/9.0.64]
2022-07-01 16:16:20.718  INFO 28212 --- [main] o.a.c.c.C.[Tomcat].[localhost].[/]       : Initializing Spring embedded WebApplicationContext
2022-07-01 16:16:20.719  INFO 28212 --- [main] w.s.c.ServletWebServerApplicationContext : Root WebApplicationContext: initialization completed in 570 ms
2022-07-01 16:16:20.903  INFO 28212 --- [main] o.s.b.a.w.s.WelcomePageHandlerMapping    : Adding welcome page template: index
2022-07-01 16:16:21.045  INFO 28212 --- [main] o.s.b.w.embedded.tomcat.TomcatWebServer  : Tomcat started on port(s): 8080 (http) with context path ''
2022-07-01 16:16:21.052  INFO 28212 --- [main] com.jeff.BlogApplication                 : Started BlogApplication in 1.217 seconds (JVM running for 1.721)
2022-07-01 16:16:21.138  INFO 28212 --- [http-nio-8080-exec-1] o.a.c.c.C.[Tomcat].[localhost].[/]       : Initializing Spring DispatcherServlet 'dispatcherServlet'
2022-07-01 16:16:21.139  INFO 28212 --- [http-nio-8080-exec-1] o.s.web.servlet.DispatcherServlet        : Initializing Servlet 'dispatcherServlet'
2022-07-01 16:16:21.139  INFO 28212 --- [http-nio-8080-exec-1] o.s.web.servlet.DispatcherServlet        : Completed initialization in 0 ms
2022-07-01 16:16:21.165  INFO 28212 --- [http-nio-8080-exec-1] com.zaxxer.hikari.HikariDataSource       : HikariPool-1 - Starting...
2022-07-01 16:16:21.348  INFO 28212 --- [http-nio-8080-exec-1] com.zaxxer.hikari.HikariDataSource       : HikariPool-1 - Start completed.
2022-07-01 16:29:16.361  INFO 13836 --- [main] com.jeff.BlogApplication                 : Starting BlogApplication using Java 1.8.0_302 on LAPTOP-4UBO5CM2 with PID 13836 (D:\work_space\IdeaProjects\Blog\target\classes started by Jeff in D:\work_space\IdeaProjects\Blog)
2022-07-01 16:29:16.362  INFO 13836 --- [main] com.jeff.BlogApplication                 : The following 1 profile is active: "dev"
2022-07-01 16:29:16.886  INFO 13836 --- [main] o.s.b.w.embedded.tomcat.TomcatWebServer  : Tomcat initialized with port(s): 8080 (http)
2022-07-01 16:29:16.891  INFO 13836 --- [main] o.apache.catalina.core.StandardService   : Starting service [Tomcat]
2022-07-01 16:29:16.891  INFO 13836 --- [main] org.apache.catalina.core.StandardEngine  : Starting Servlet engine: [Apache Tomcat/9.0.64]
2022-07-01 16:29:16.941  INFO 13836 --- [main] o.a.c.c.C.[Tomcat].[localhost].[/]       : Initializing Spring embedded WebApplicationContext
2022-07-01 16:29:16.941  INFO 13836 --- [main] w.s.c.ServletWebServerApplicationContext : Root WebApplicationContext: initialization completed in 555 ms
2022-07-01 16:29:17.119  INFO 13836 --- [main] o.s.b.a.w.s.WelcomePageHandlerMapping    : Adding welcome page template: index
2022-07-01 16:29:17.255  INFO 13836 --- [main] o.s.b.w.embedded.tomcat.TomcatWebServer  : Tomcat started on port(s): 8080 (http) with context path ''
2022-07-01 16:29:17.262  INFO 13836 --- [main] com.jeff.BlogApplication                 : Started BlogApplication in 1.208 seconds (JVM running for 1.672)
2022-07-01 16:29:21.186  INFO 13836 --- [http-nio-8080-exec-1] o.a.c.c.C.[Tomcat].[localhost].[/]       : Initializing Spring DispatcherServlet 'dispatcherServlet'
2022-07-01 16:29:21.186  INFO 13836 --- [http-nio-8080-exec-1] o.s.web.servlet.DispatcherServlet        : Initializing Servlet 'dispatcherServlet'
2022-07-01 16:29:21.187  INFO 13836 --- [http-nio-8080-exec-1] o.s.web.servlet.DispatcherServlet        : Completed initialization in 1 ms
2022-07-01 16:29:21.212  INFO 13836 --- [http-nio-8080-exec-1] com.zaxxer.hikari.HikariDataSource       : HikariPool-1 - Starting...
2022-07-01 16:29:21.390  INFO 13836 --- [http-nio-8080-exec-1] com.zaxxer.hikari.HikariDataSource       : HikariPool-1 - Start completed.
2022-07-01 16:34:11.196  INFO 11916 --- [main] com.jeff.BlogApplication                 : Starting BlogApplication using Java 1.8.0_302 on LAPTOP-4UBO5CM2 with PID 11916 (D:\work_space\IdeaProjects\Blog\target\classes started by Jeff in D:\work_space\IdeaProjects\Blog)
2022-07-01 16:34:11.198  INFO 11916 --- [main] com.jeff.BlogApplication                 : The following 1 profile is active: "dev"
2022-07-01 16:34:11.730  INFO 11916 --- [main] o.s.b.w.embedded.tomcat.TomcatWebServer  : Tomcat initialized with port(s): 8080 (http)
2022-07-01 16:34:11.735  INFO 11916 --- [main] o.apache.catalina.core.StandardService   : Starting service [Tomcat]
2022-07-01 16:34:11.735  INFO 11916 --- [main] org.apache.catalina.core.StandardEngine  : Starting Servlet engine: [Apache Tomcat/9.0.64]
2022-07-01 16:34:11.784  INFO 11916 --- [main] o.a.c.c.C.[Tomcat].[localhost].[/]       : Initializing Spring embedded WebApplicationContext
2022-07-01 16:34:11.784  INFO 11916 --- [main] w.s.c.ServletWebServerApplicationContext : Root WebApplicationContext: initialization completed in 561 ms
2022-07-01 16:34:11.959  INFO 11916 --- [main] o.s.b.a.w.s.WelcomePageHandlerMapping    : Adding welcome page template: index
2022-07-01 16:34:12.096  INFO 11916 --- [main] o.s.b.w.embedded.tomcat.TomcatWebServer  : Tomcat started on port(s): 8080 (http) with context path ''
2022-07-01 16:34:12.103  INFO 11916 --- [main] com.jeff.BlogApplication                 : Started BlogApplication in 1.174 seconds (JVM running for 1.65)
2022-07-01 16:34:15.632  INFO 11916 --- [http-nio-8080-exec-1] o.a.c.c.C.[Tomcat].[localhost].[/]       : Initializing Spring DispatcherServlet 'dispatcherServlet'
2022-07-01 16:34:15.633  INFO 11916 --- [http-nio-8080-exec-1] o.s.web.servlet.DispatcherServlet        : Initializing Servlet 'dispatcherServlet'
2022-07-01 16:34:15.633  INFO 11916 --- [http-nio-8080-exec-1] o.s.web.servlet.DispatcherServlet        : Completed initialization in 0 ms
2022-07-01 16:34:15.659  INFO 11916 --- [http-nio-8080-exec-1] com.zaxxer.hikari.HikariDataSource       : HikariPool-1 - Starting...
2022-07-01 16:34:15.838  INFO 11916 --- [http-nio-8080-exec-1] com.zaxxer.hikari.HikariDataSource       : HikariPool-1 - Start completed.
2022-07-01 16:34:46.019  INFO 932 --- [main] com.jeff.BlogApplication                 : Starting BlogApplication using Java 1.8.0_302 on LAPTOP-4UBO5CM2 with PID 932 (D:\work_space\IdeaProjects\Blog\target\classes started by Jeff in D:\work_space\IdeaProjects\Blog)
2022-07-01 16:34:46.021  INFO 932 --- [main] com.jeff.BlogApplication                 : The following 1 profile is active: "dev"
2022-07-01 16:34:46.593  INFO 932 --- [main] o.s.b.w.embedded.tomcat.TomcatWebServer  : Tomcat initialized with port(s): 8080 (http)
2022-07-01 16:34:46.598  INFO 932 --- [main] o.apache.catalina.core.StandardService   : Starting service [Tomcat]
2022-07-01 16:34:46.599  INFO 932 --- [main] org.apache.catalina.core.StandardEngine  : Starting Servlet engine: [Apache Tomcat/9.0.64]
2022-07-01 16:34:46.673  INFO 932 --- [main] o.a.c.c.C.[Tomcat].[localhost].[/]       : Initializing Spring embedded WebApplicationContext
2022-07-01 16:34:46.674  INFO 932 --- [main] w.s.c.ServletWebServerApplicationContext : Root WebApplicationContext: initialization completed in 625 ms
2022-07-01 16:34:46.858  INFO 932 --- [main] o.s.b.a.w.s.WelcomePageHandlerMapping    : Adding welcome page template: index
2022-07-01 16:34:46.994  INFO 932 --- [main] o.s.b.w.embedded.tomcat.TomcatWebServer  : Tomcat started on port(s): 8080 (http) with context path ''
2022-07-01 16:34:47.000  INFO 932 --- [main] com.jeff.BlogApplication                 : Started BlogApplication in 1.381 seconds (JVM running for 1.862)
2022-07-01 16:34:49.042  INFO 932 --- [http-nio-8080-exec-1] o.a.c.c.C.[Tomcat].[localhost].[/]       : Initializing Spring DispatcherServlet 'dispatcherServlet'
2022-07-01 16:34:49.042  INFO 932 --- [http-nio-8080-exec-1] o.s.web.servlet.DispatcherServlet        : Initializing Servlet 'dispatcherServlet'
2022-07-01 16:34:49.043  INFO 932 --- [http-nio-8080-exec-1] o.s.web.servlet.DispatcherServlet        : Completed initialization in 1 ms
2022-07-01 16:34:49.072  INFO 932 --- [http-nio-8080-exec-1] com.zaxxer.hikari.HikariDataSource       : HikariPool-1 - Starting...
2022-07-01 16:34:49.249  INFO 932 --- [http-nio-8080-exec-1] com.zaxxer.hikari.HikariDataSource       : HikariPool-1 - Start completed.
2022-07-01 16:35:25.457  INFO 16172 --- [main] com.jeff.BlogApplication                 : Starting BlogApplication using Java 1.8.0_302 on LAPTOP-4UBO5CM2 with PID 16172 (D:\work_space\IdeaProjects\Blog\target\classes started by Jeff in D:\work_space\IdeaProjects\Blog)
2022-07-01 16:35:25.459  INFO 16172 --- [main] com.jeff.BlogApplication                 : The following 1 profile is active: "dev"
2022-07-01 16:35:26.060  INFO 16172 --- [main] o.s.b.w.embedded.tomcat.TomcatWebServer  : Tomcat initialized with port(s): 8080 (http)
2022-07-01 16:35:26.065  INFO 16172 --- [main] o.apache.catalina.core.StandardService   : Starting service [Tomcat]
2022-07-01 16:35:26.065  INFO 16172 --- [main] org.apache.catalina.core.StandardEngine  : Starting Servlet engine: [Apache Tomcat/9.0.64]
2022-07-01 16:35:26.115  INFO 16172 --- [main] o.a.c.c.C.[Tomcat].[localhost].[/]       : Initializing Spring embedded WebApplicationContext
2022-07-01 16:35:26.115  INFO 16172 --- [main] w.s.c.ServletWebServerApplicationContext : Root WebApplicationContext: initialization completed in 630 ms
2022-07-01 16:35:26.291  INFO 16172 --- [main] o.s.b.a.w.s.WelcomePageHandlerMapping    : Adding welcome page template: index
2022-07-01 16:35:26.443  INFO 16172 --- [main] o.s.b.w.embedded.tomcat.TomcatWebServer  : Tomcat started on port(s): 8080 (http) with context path ''
2022-07-01 16:35:26.450  INFO 16172 --- [main] com.jeff.BlogApplication                 : Started BlogApplication in 1.288 seconds (JVM running for 1.72)
2022-07-01 16:35:29.180  INFO 16172 --- [http-nio-8080-exec-1] o.a.c.c.C.[Tomcat].[localhost].[/]       : Initializing Spring DispatcherServlet 'dispatcherServlet'
2022-07-01 16:35:29.180  INFO 16172 --- [http-nio-8080-exec-1] o.s.web.servlet.DispatcherServlet        : Initializing Servlet 'dispatcherServlet'
2022-07-01 16:35:29.181  INFO 16172 --- [http-nio-8080-exec-1] o.s.web.servlet.DispatcherServlet        : Completed initialization in 1 ms
2022-07-01 16:35:29.208  INFO 16172 --- [http-nio-8080-exec-1] com.zaxxer.hikari.HikariDataSource       : HikariPool-1 - Starting...
2022-07-01 16:35:29.388  INFO 16172 --- [http-nio-8080-exec-1] com.zaxxer.hikari.HikariDataSource       : HikariPool-1 - Start completed.
2022-07-01 16:36:33.098  INFO 33608 --- [main] com.jeff.BlogApplication                 : Starting BlogApplication using Java 1.8.0_302 on LAPTOP-4UBO5CM2 with PID 33608 (D:\work_space\IdeaProjects\Blog\target\classes started by Jeff in D:\work_space\IdeaProjects\Blog)
2022-07-01 16:36:33.099  INFO 33608 --- [main] com.jeff.BlogApplication                 : The following 1 profile is active: "dev"
2022-07-01 16:36:33.631  INFO 33608 --- [main] o.s.b.w.embedded.tomcat.TomcatWebServer  : Tomcat initialized with port(s): 8080 (http)
2022-07-01 16:36:33.636  INFO 33608 --- [main] o.apache.catalina.core.StandardService   : Starting service [Tomcat]
2022-07-01 16:36:33.636  INFO 33608 --- [main] org.apache.catalina.core.StandardEngine  : Starting Servlet engine: [Apache Tomcat/9.0.64]
2022-07-01 16:36:33.684  INFO 33608 --- [main] o.a.c.c.C.[Tomcat].[localhost].[/]       : Initializing Spring embedded WebApplicationContext
2022-07-01 16:36:33.684  INFO 33608 --- [main] w.s.c.ServletWebServerApplicationContext : Root WebApplicationContext: initialization completed in 559 ms
2022-07-01 16:36:33.859  INFO 33608 --- [main] o.s.b.a.w.s.WelcomePageHandlerMapping    : Adding welcome page template: index
2022-07-01 16:36:33.997  INFO 33608 --- [main] o.s.b.w.embedded.tomcat.TomcatWebServer  : Tomcat started on port(s): 8080 (http) with context path ''
2022-07-01 16:36:34.003  INFO 33608 --- [main] com.jeff.BlogApplication                 : Started BlogApplication in 1.177 seconds (JVM running for 1.63)
2022-07-01 16:36:35.549  INFO 33608 --- [http-nio-8080-exec-1] o.a.c.c.C.[Tomcat].[localhost].[/]       : Initializing Spring DispatcherServlet 'dispatcherServlet'
2022-07-01 16:36:35.550  INFO 33608 --- [http-nio-8080-exec-1] o.s.web.servlet.DispatcherServlet        : Initializing Servlet 'dispatcherServlet'
2022-07-01 16:36:35.550  INFO 33608 --- [http-nio-8080-exec-1] o.s.web.servlet.DispatcherServlet        : Completed initialization in 0 ms
2022-07-01 16:36:35.576  INFO 33608 --- [http-nio-8080-exec-1] com.zaxxer.hikari.HikariDataSource       : HikariPool-1 - Starting...
2022-07-01 16:36:35.752  INFO 33608 --- [http-nio-8080-exec-1] com.zaxxer.hikari.HikariDataSource       : HikariPool-1 - Start completed.
2022-07-01 16:36:53.651  INFO 7708 --- [main] com.jeff.BlogApplication                 : Starting BlogApplication using Java 1.8.0_302 on LAPTOP-4UBO5CM2 with PID 7708 (D:\work_space\IdeaProjects\Blog\target\classes started by Jeff in D:\work_space\IdeaProjects\Blog)
2022-07-01 16:36:53.653  INFO 7708 --- [main] com.jeff.BlogApplication                 : The following 1 profile is active: "dev"
2022-07-01 16:36:54.214  INFO 7708 --- [main] o.s.b.w.embedded.tomcat.TomcatWebServer  : Tomcat initialized with port(s): 8080 (http)
2022-07-01 16:36:54.220  INFO 7708 --- [main] o.apache.catalina.core.StandardService   : Starting service [Tomcat]
2022-07-01 16:36:54.220  INFO 7708 --- [main] org.apache.catalina.core.StandardEngine  : Starting Servlet engine: [Apache Tomcat/9.0.64]
2022-07-01 16:36:54.271  INFO 7708 --- [main] o.a.c.c.C.[Tomcat].[localhost].[/]       : Initializing Spring embedded WebApplicationContext
2022-07-01 16:36:54.271  INFO 7708 --- [main] w.s.c.ServletWebServerApplicationContext : Root WebApplicationContext: initialization completed in 581 ms
2022-07-01 16:36:54.445  INFO 7708 --- [main] o.s.b.a.w.s.WelcomePageHandlerMapping    : Adding welcome page template: index
2022-07-01 16:36:54.586  INFO 7708 --- [main] o.s.b.w.embedded.tomcat.TomcatWebServer  : Tomcat started on port(s): 8080 (http) with context path ''
2022-07-01 16:36:54.593  INFO 7708 --- [main] com.jeff.BlogApplication                 : Started BlogApplication in 1.258 seconds (JVM running for 1.762)
2022-07-01 16:36:58.894  INFO 7708 --- [http-nio-8080-exec-1] o.a.c.c.C.[Tomcat].[localhost].[/]       : Initializing Spring DispatcherServlet 'dispatcherServlet'
2022-07-01 16:36:58.895  INFO 7708 --- [http-nio-8080-exec-1] o.s.web.servlet.DispatcherServlet        : Initializing Servlet 'dispatcherServlet'
2022-07-01 16:36:58.895  INFO 7708 --- [http-nio-8080-exec-1] o.s.web.servlet.DispatcherServlet        : Completed initialization in 0 ms
2022-07-01 16:36:58.922  INFO 7708 --- [http-nio-8080-exec-1] com.zaxxer.hikari.HikariDataSource       : HikariPool-1 - Starting...
2022-07-01 16:36:59.097  INFO 7708 --- [http-nio-8080-exec-1] com.zaxxer.hikari.HikariDataSource       : HikariPool-1 - Start completed.
2022-07-01 16:39:30.981  INFO 27788 --- [main] com.jeff.BlogApplication                 : Starting BlogApplication using Java 1.8.0_302 on LAPTOP-4UBO5CM2 with PID 27788 (D:\work_space\IdeaProjects\Blog\target\classes started by Jeff in D:\work_space\IdeaProjects\Blog)
2022-07-01 16:39:30.983  INFO 27788 --- [main] com.jeff.BlogApplication                 : The following 1 profile is active: "dev"
2022-07-01 16:39:31.503  INFO 27788 --- [main] o.s.b.w.embedded.tomcat.TomcatWebServer  : Tomcat initialized with port(s): 8080 (http)
2022-07-01 16:39:31.508  INFO 27788 --- [main] o.apache.catalina.core.StandardService   : Starting service [Tomcat]
2022-07-01 16:39:31.508  INFO 27788 --- [main] org.apache.catalina.core.StandardEngine  : Starting Servlet engine: [Apache Tomcat/9.0.64]
2022-07-01 16:39:31.558  INFO 27788 --- [main] o.a.c.c.C.[Tomcat].[localhost].[/]       : Initializing Spring embedded WebApplicationContext
2022-07-01 16:39:31.558  INFO 27788 --- [main] w.s.c.ServletWebServerApplicationContext : Root WebApplicationContext: initialization completed in 547 ms
2022-07-01 16:39:31.731  INFO 27788 --- [main] o.s.b.a.w.s.WelcomePageHandlerMapping    : Adding welcome page template: index
2022-07-01 16:39:31.866  INFO 27788 --- [main] o.s.b.w.embedded.tomcat.TomcatWebServer  : Tomcat started on port(s): 8080 (http) with context path ''
2022-07-01 16:39:31.872  INFO 27788 --- [main] com.jeff.BlogApplication                 : Started BlogApplication in 1.214 seconds (JVM running for 1.745)
2022-07-01 16:39:34.363  INFO 27788 --- [http-nio-8080-exec-1] o.a.c.c.C.[Tomcat].[localhost].[/]       : Initializing Spring DispatcherServlet 'dispatcherServlet'
2022-07-01 16:39:34.363  INFO 27788 --- [http-nio-8080-exec-1] o.s.web.servlet.DispatcherServlet        : Initializing Servlet 'dispatcherServlet'
2022-07-01 16:39:34.364  INFO 27788 --- [http-nio-8080-exec-1] o.s.web.servlet.DispatcherServlet        : Completed initialization in 1 ms
2022-07-01 16:39:34.390  INFO 27788 --- [http-nio-8080-exec-1] com.zaxxer.hikari.HikariDataSource       : HikariPool-1 - Starting...
2022-07-01 16:39:34.565  INFO 27788 --- [http-nio-8080-exec-1] com.zaxxer.hikari.HikariDataSource       : HikariPool-1 - Start completed.
2022-07-01 16:41:45.370  INFO 19244 --- [main] com.jeff.BlogApplication                 : Starting BlogApplication using Java 1.8.0_302 on LAPTOP-4UBO5CM2 with PID 19244 (D:\work_space\IdeaProjects\Blog\target\classes started by Jeff in D:\work_space\IdeaProjects\Blog)
2022-07-01 16:41:45.372  INFO 19244 --- [main] com.jeff.BlogApplication                 : The following 1 profile is active: "dev"
2022-07-01 16:41:45.910  INFO 19244 --- [main] o.s.b.w.embedded.tomcat.TomcatWebServer  : Tomcat initialized with port(s): 8080 (http)
2022-07-01 16:41:45.915  INFO 19244 --- [main] o.apache.catalina.core.StandardService   : Starting service [Tomcat]
2022-07-01 16:41:45.915  INFO 19244 --- [main] org.apache.catalina.core.StandardEngine  : Starting Servlet engine: [Apache Tomcat/9.0.64]
2022-07-01 16:41:45.966  INFO 19244 --- [main] o.a.c.c.C.[Tomcat].[localhost].[/]       : Initializing Spring embedded WebApplicationContext
2022-07-01 16:41:45.966  INFO 19244 --- [main] w.s.c.ServletWebServerApplicationContext : Root WebApplicationContext: initialization completed in 567 ms
2022-07-01 16:41:46.144  INFO 19244 --- [main] o.s.b.a.w.s.WelcomePageHandlerMapping    : Adding welcome page template: index
2022-07-01 16:41:46.283  INFO 19244 --- [main] o.s.b.w.embedded.tomcat.TomcatWebServer  : Tomcat started on port(s): 8080 (http) with context path ''
2022-07-01 16:41:46.289  INFO 19244 --- [main] com.jeff.BlogApplication                 : Started BlogApplication in 1.199 seconds (JVM running for 1.783)
2022-07-01 16:41:50.545  INFO 19244 --- [http-nio-8080-exec-1] o.a.c.c.C.[Tomcat].[localhost].[/]       : Initializing Spring DispatcherServlet 'dispatcherServlet'
2022-07-01 16:41:50.545  INFO 19244 --- [http-nio-8080-exec-1] o.s.web.servlet.DispatcherServlet        : Initializing Servlet 'dispatcherServlet'
2022-07-01 16:41:50.546  INFO 19244 --- [http-nio-8080-exec-1] o.s.web.servlet.DispatcherServlet        : Completed initialization in 0 ms
2022-07-01 16:41:50.572  INFO 19244 --- [http-nio-8080-exec-1] com.zaxxer.hikari.HikariDataSource       : HikariPool-1 - Starting...
2022-07-01 16:41:50.749  INFO 19244 --- [http-nio-8080-exec-1] com.zaxxer.hikari.HikariDataSource       : HikariPool-1 - Start completed.
2022-07-01 16:42:13.141  INFO 19772 --- [main] com.jeff.BlogApplication                 : Starting BlogApplication using Java 1.8.0_302 on LAPTOP-4UBO5CM2 with PID 19772 (D:\work_space\IdeaProjects\Blog\target\classes started by Jeff in D:\work_space\IdeaProjects\Blog)
2022-07-01 16:42:13.142  INFO 19772 --- [main] com.jeff.BlogApplication                 : The following 1 profile is active: "dev"
2022-07-01 16:42:13.688  INFO 19772 --- [main] o.s.b.w.embedded.tomcat.TomcatWebServer  : Tomcat initialized with port(s): 8080 (http)
2022-07-01 16:42:13.693  INFO 19772 --- [main] o.apache.catalina.core.StandardService   : Starting service [Tomcat]
2022-07-01 16:42:13.694  INFO 19772 --- [main] org.apache.catalina.core.StandardEngine  : Starting Servlet engine: [Apache Tomcat/9.0.64]
2022-07-01 16:42:13.747  INFO 19772 --- [main] o.a.c.c.C.[Tomcat].[localhost].[/]       : Initializing Spring embedded WebApplicationContext
2022-07-01 16:42:13.747  INFO 19772 --- [main] w.s.c.ServletWebServerApplicationContext : Root WebApplicationContext: initialization completed in 581 ms
2022-07-01 16:42:13.944  INFO 19772 --- [main] o.s.b.a.w.s.WelcomePageHandlerMapping    : Adding welcome page template: index
2022-07-01 16:42:14.089  INFO 19772 --- [main] o.s.b.w.embedded.tomcat.TomcatWebServer  : Tomcat started on port(s): 8080 (http) with context path ''
2022-07-01 16:42:14.096  INFO 19772 --- [main] com.jeff.BlogApplication                 : Started BlogApplication in 1.225 seconds (JVM running for 1.652)
2022-07-01 16:42:16.302  INFO 19772 --- [http-nio-8080-exec-1] o.a.c.c.C.[Tomcat].[localhost].[/]       : Initializing Spring DispatcherServlet 'dispatcherServlet'
2022-07-01 16:42:16.302  INFO 19772 --- [http-nio-8080-exec-1] o.s.web.servlet.DispatcherServlet        : Initializing Servlet 'dispatcherServlet'
2022-07-01 16:42:16.303  INFO 19772 --- [http-nio-8080-exec-1] o.s.web.servlet.DispatcherServlet        : Completed initialization in 1 ms
2022-07-01 16:42:16.334  INFO 19772 --- [http-nio-8080-exec-1] com.zaxxer.hikari.HikariDataSource       : HikariPool-1 - Starting...
2022-07-01 16:42:16.516  INFO 19772 --- [http-nio-8080-exec-1] com.zaxxer.hikari.HikariDataSource       : HikariPool-1 - Start completed.
2022-07-01 16:43:59.068  INFO 24832 --- [main] com.jeff.BlogApplication                 : Starting BlogApplication using Java 1.8.0_302 on LAPTOP-4UBO5CM2 with PID 24832 (D:\work_space\IdeaProjects\Blog\target\classes started by Jeff in D:\work_space\IdeaProjects\Blog)
2022-07-01 16:43:59.070  INFO 24832 --- [main] com.jeff.BlogApplication                 : The following 1 profile is active: "dev"
2022-07-01 16:43:59.613  INFO 24832 --- [main] o.s.b.w.embedded.tomcat.TomcatWebServer  : Tomcat initialized with port(s): 8080 (http)
2022-07-01 16:43:59.618  INFO 24832 --- [main] o.apache.catalina.core.StandardService   : Starting service [Tomcat]
2022-07-01 16:43:59.618  INFO 24832 --- [main] org.apache.catalina.core.StandardEngine  : Starting Servlet engine: [Apache Tomcat/9.0.64]
2022-07-01 16:43:59.666  INFO 24832 --- [main] o.a.c.c.C.[Tomcat].[localhost].[/]       : Initializing Spring embedded WebApplicationContext
2022-07-01 16:43:59.666  INFO 24832 --- [main] w.s.c.ServletWebServerApplicationContext : Root WebApplicationContext: initialization completed in 571 ms
2022-07-01 16:43:59.842  INFO 24832 --- [main] o.s.b.a.w.s.WelcomePageHandlerMapping    : Adding welcome page template: index
2022-07-01 16:43:59.981  INFO 24832 --- [main] o.s.b.w.embedded.tomcat.TomcatWebServer  : Tomcat started on port(s): 8080 (http) with context path ''
2022-07-01 16:43:59.988  INFO 24832 --- [main] com.jeff.BlogApplication                 : Started BlogApplication in 1.241 seconds (JVM running for 1.704)
2022-07-01 16:44:02.314  INFO 24832 --- [http-nio-8080-exec-1] o.a.c.c.C.[Tomcat].[localhost].[/]       : Initializing Spring DispatcherServlet 'dispatcherServlet'
2022-07-01 16:44:02.314  INFO 24832 --- [http-nio-8080-exec-1] o.s.web.servlet.DispatcherServlet        : Initializing Servlet 'dispatcherServlet'
2022-07-01 16:44:02.315  INFO 24832 --- [http-nio-8080-exec-1] o.s.web.servlet.DispatcherServlet        : Completed initialization in 1 ms
2022-07-01 16:44:02.341  INFO 24832 --- [http-nio-8080-exec-1] com.zaxxer.hikari.HikariDataSource       : HikariPool-1 - Starting...
2022-07-01 16:44:02.518  INFO 24832 --- [http-nio-8080-exec-1] com.zaxxer.hikari.HikariDataSource       : HikariPool-1 - Start completed.
2022-07-01 16:44:51.520  INFO 31876 --- [main] com.jeff.BlogApplication                 : Starting BlogApplication using Java 1.8.0_302 on LAPTOP-4UBO5CM2 with PID 31876 (D:\work_space\IdeaProjects\Blog\target\classes started by Jeff in D:\work_space\IdeaProjects\Blog)
2022-07-01 16:44:51.521  INFO 31876 --- [main] com.jeff.BlogApplication                 : The following 1 profile is active: "dev"
2022-07-01 16:44:52.043  INFO 31876 --- [main] o.s.b.w.embedded.tomcat.TomcatWebServer  : Tomcat initialized with port(s): 8080 (http)
2022-07-01 16:44:52.048  INFO 31876 --- [main] o.apache.catalina.core.StandardService   : Starting service [Tomcat]
2022-07-01 16:44:52.048  INFO 31876 --- [main] org.apache.catalina.core.StandardEngine  : Starting Servlet engine: [Apache Tomcat/9.0.64]
2022-07-01 16:44:52.097  INFO 31876 --- [main] o.a.c.c.C.[Tomcat].[localhost].[/]       : Initializing Spring embedded WebApplicationContext
2022-07-01 16:44:52.097  INFO 31876 --- [main] w.s.c.ServletWebServerApplicationContext : Root WebApplicationContext: initialization completed in 550 ms
2022-07-01 16:44:52.271  INFO 31876 --- [main] o.s.b.a.w.s.WelcomePageHandlerMapping    : Adding welcome page template: index
2022-07-01 16:44:52.409  INFO 31876 --- [main] o.s.b.w.embedded.tomcat.TomcatWebServer  : Tomcat started on port(s): 8080 (http) with context path ''
2022-07-01 16:44:52.416  INFO 31876 --- [main] com.jeff.BlogApplication                 : Started BlogApplication in 1.183 seconds (JVM running for 1.665)
2022-07-01 16:44:54.371  INFO 31876 --- [http-nio-8080-exec-1] o.a.c.c.C.[Tomcat].[localhost].[/]       : Initializing Spring DispatcherServlet 'dispatcherServlet'
2022-07-01 16:44:54.372  INFO 31876 --- [http-nio-8080-exec-1] o.s.web.servlet.DispatcherServlet        : Initializing Servlet 'dispatcherServlet'
2022-07-01 16:44:54.372  INFO 31876 --- [http-nio-8080-exec-1] o.s.web.servlet.DispatcherServlet        : Completed initialization in 0 ms
2022-07-01 16:44:54.399  INFO 31876 --- [http-nio-8080-exec-1] com.zaxxer.hikari.HikariDataSource       : HikariPool-1 - Starting...
2022-07-01 16:44:54.573  INFO 31876 --- [http-nio-8080-exec-1] com.zaxxer.hikari.HikariDataSource       : HikariPool-1 - Start completed.
