2022-07-07 11:35:56.362  INFO 10784 --- [main] com.jeff.BlogApplication                 : Starting BlogApplication using Java 1.8.0_302 on LAPTOP-4UBO5CM2 with PID 10784 (D:\work_space\IdeaProjects\Blog\target\classes started by Jeff in D:\work_space\IdeaProjects\Blog)
2022-07-07 11:35:56.366  INFO 10784 --- [main] com.jeff.BlogApplication                 : The following 1 profile is active: "dev"
2022-07-07 11:35:56.810  WARN 10784 --- [main] o.m.s.mapper.ClassPathMapperScanner      : Skipping MapperFactoryBean with name 'blogMapper' and 'com.jeff.mapper.BlogMapper' mapperInterface. Bean already defined with the same name!
2022-07-07 11:35:56.810  WARN 10784 --- [main] o.m.s.mapper.ClassPathMapperScanner      : Skipping MapperFactoryBean with name 'tagMapper' and 'com.jeff.mapper.TagMapper' mapperInterface. Bean already defined with the same name!
2022-07-07 11:35:56.810  WARN 10784 --- [main] o.m.s.mapper.ClassPathMapperScanner      : Skipping MapperFactoryBean with name 'userMapper' and 'com.jeff.mapper.UserMapper' mapperInterface. Bean already defined with the same name!
2022-07-07 11:35:56.810  WARN 10784 --- [main] o.m.s.mapper.ClassPathMapperScanner      : No MyBatis mapper was found in '[com.jeff.mapper]' package. Please check your configuration.
2022-07-07 11:35:57.018  INFO 10784 --- [main] o.s.b.w.embedded.tomcat.TomcatWebServer  : Tomcat initialized with port(s): 8080 (http)
2022-07-07 11:35:57.023  INFO 10784 --- [main] o.apache.catalina.core.StandardService   : Starting service [Tomcat]
2022-07-07 11:35:57.024  INFO 10784 --- [main] org.apache.catalina.core.StandardEngine  : Starting Servlet engine: [Apache Tomcat/9.0.64]
2022-07-07 11:35:57.083  INFO 10784 --- [main] o.a.c.c.C.[Tomcat].[localhost].[/]       : Initializing Spring embedded WebApplicationContext
2022-07-07 11:35:57.083  INFO 10784 --- [main] w.s.c.ServletWebServerApplicationContext : Root WebApplicationContext: initialization completed in 675 ms
2022-07-07 11:35:57.182  INFO 10784 --- [main] com.zaxxer.hikari.HikariDataSource       : HikariPool-1 - Starting...
2022-07-07 11:35:57.403  INFO 10784 --- [main] com.zaxxer.hikari.HikariDataSource       : HikariPool-1 - Start completed.
2022-07-07 11:35:57.572  INFO 10784 --- [main] o.s.b.a.w.s.WelcomePageHandlerMapping    : Adding welcome page template: index
2022-07-07 11:35:57.696  INFO 10784 --- [main] o.s.b.w.embedded.tomcat.TomcatWebServer  : Tomcat started on port(s): 8080 (http) with context path ''
2022-07-07 11:35:57.702  INFO 10784 --- [main] com.jeff.BlogApplication                 : Started BlogApplication in 1.992 seconds (JVM running for 2.641)
2022-07-07 11:36:02.641  INFO 10784 --- [http-nio-8080-exec-1] o.a.c.c.C.[Tomcat].[localhost].[/]       : Initializing Spring DispatcherServlet 'dispatcherServlet'
2022-07-07 11:36:02.641  INFO 10784 --- [http-nio-8080-exec-1] o.s.web.servlet.DispatcherServlet        : Initializing Servlet 'dispatcherServlet'
2022-07-07 11:36:02.642  INFO 10784 --- [http-nio-8080-exec-1] o.s.web.servlet.DispatcherServlet        : Completed initialization in 0 ms
2022-07-07 11:40:26.046  INFO 13008 --- [main] com.jeff.BlogApplicationTests            : Starting BlogApplicationTests using Java 1.8.0_302 on LAPTOP-4UBO5CM2 with PID 13008 (started by Jeff in D:\work_space\IdeaProjects\Blog)
2022-07-07 11:40:26.047  INFO 13008 --- [main] com.jeff.BlogApplicationTests            : The following 1 profile is active: "dev"
2022-07-07 11:40:26.455  WARN 13008 --- [main] o.m.s.mapper.ClassPathMapperScanner      : Skipping MapperFactoryBean with name 'blogMapper' and 'com.jeff.mapper.BlogMapper' mapperInterface. Bean already defined with the same name!
2022-07-07 11:40:26.455  WARN 13008 --- [main] o.m.s.mapper.ClassPathMapperScanner      : Skipping MapperFactoryBean with name 'tagMapper' and 'com.jeff.mapper.TagMapper' mapperInterface. Bean already defined with the same name!
2022-07-07 11:40:26.455  WARN 13008 --- [main] o.m.s.mapper.ClassPathMapperScanner      : Skipping MapperFactoryBean with name 'userMapper' and 'com.jeff.mapper.UserMapper' mapperInterface. Bean already defined with the same name!
2022-07-07 11:40:26.455  WARN 13008 --- [main] o.m.s.mapper.ClassPathMapperScanner      : No MyBatis mapper was found in '[com.jeff.mapper]' package. Please check your configuration.
2022-07-07 11:40:26.727  INFO 13008 --- [main] com.zaxxer.hikari.HikariDataSource       : HikariPool-1 - Starting...
2022-07-07 11:40:27.133  INFO 13008 --- [main] com.zaxxer.hikari.HikariDataSource       : HikariPool-1 - Start completed.
2022-07-07 11:40:27.575  INFO 13008 --- [main] o.s.b.a.w.s.WelcomePageHandlerMapping    : Adding welcome page template: index
2022-07-07 11:40:27.887  INFO 13008 --- [main] com.jeff.BlogApplicationTests            : Started BlogApplicationTests in 2.119 seconds (JVM running for 2.783)
2022-07-07 11:40:28.090  INFO 13008 --- [SpringApplicationShutdownHook] com.zaxxer.hikari.HikariDataSource       : HikariPool-1 - Shutdown initiated...
2022-07-07 11:40:28.093  INFO 13008 --- [SpringApplicationShutdownHook] com.zaxxer.hikari.HikariDataSource       : HikariPool-1 - Shutdown completed.
2022-07-07 11:41:02.756  INFO 6264 --- [main] com.jeff.BlogApplicationTests            : Starting BlogApplicationTests using Java 1.8.0_302 on LAPTOP-4UBO5CM2 with PID 6264 (started by Jeff in D:\work_space\IdeaProjects\Blog)
2022-07-07 11:41:02.757  INFO 6264 --- [main] com.jeff.BlogApplicationTests            : The following 1 profile is active: "dev"
2022-07-07 11:41:03.159  WARN 6264 --- [main] o.m.s.mapper.ClassPathMapperScanner      : Skipping MapperFactoryBean with name 'blogMapper' and 'com.jeff.mapper.BlogMapper' mapperInterface. Bean already defined with the same name!
2022-07-07 11:41:03.159  WARN 6264 --- [main] o.m.s.mapper.ClassPathMapperScanner      : Skipping MapperFactoryBean with name 'tagMapper' and 'com.jeff.mapper.TagMapper' mapperInterface. Bean already defined with the same name!
2022-07-07 11:41:03.159  WARN 6264 --- [main] o.m.s.mapper.ClassPathMapperScanner      : Skipping MapperFactoryBean with name 'userMapper' and 'com.jeff.mapper.UserMapper' mapperInterface. Bean already defined with the same name!
2022-07-07 11:41:03.160  WARN 6264 --- [main] o.m.s.mapper.ClassPathMapperScanner      : No MyBatis mapper was found in '[com.jeff.mapper]' package. Please check your configuration.
2022-07-07 11:41:03.439  INFO 6264 --- [main] com.zaxxer.hikari.HikariDataSource       : HikariPool-1 - Starting...
2022-07-07 11:41:03.839  INFO 6264 --- [main] com.zaxxer.hikari.HikariDataSource       : HikariPool-1 - Start completed.
2022-07-07 11:41:04.285  INFO 6264 --- [main] o.s.b.a.w.s.WelcomePageHandlerMapping    : Adding welcome page template: index
2022-07-07 11:41:04.620  INFO 6264 --- [main] com.jeff.BlogApplicationTests            : Started BlogApplicationTests in 2.152 seconds (JVM running for 2.774)
2022-07-07 11:41:04.793  INFO 6264 --- [SpringApplicationShutdownHook] com.zaxxer.hikari.HikariDataSource       : HikariPool-1 - Shutdown initiated...
2022-07-07 11:41:04.795  INFO 6264 --- [SpringApplicationShutdownHook] com.zaxxer.hikari.HikariDataSource       : HikariPool-1 - Shutdown completed.
2022-07-07 11:46:00.288  INFO 3088 --- [main] com.jeff.BlogApplicationTests            : Starting BlogApplicationTests using Java 1.8.0_302 on LAPTOP-4UBO5CM2 with PID 3088 (started by Jeff in D:\work_space\IdeaProjects\Blog)
2022-07-07 11:46:00.289  INFO 3088 --- [main] com.jeff.BlogApplicationTests            : The following 1 profile is active: "dev"
2022-07-07 11:46:00.696  WARN 3088 --- [main] o.m.s.mapper.ClassPathMapperScanner      : Skipping MapperFactoryBean with name 'blogMapper' and 'com.jeff.mapper.BlogMapper' mapperInterface. Bean already defined with the same name!
2022-07-07 11:46:00.696  WARN 3088 --- [main] o.m.s.mapper.ClassPathMapperScanner      : Skipping MapperFactoryBean with name 'tagMapper' and 'com.jeff.mapper.TagMapper' mapperInterface. Bean already defined with the same name!
2022-07-07 11:46:00.696  WARN 3088 --- [main] o.m.s.mapper.ClassPathMapperScanner      : Skipping MapperFactoryBean with name 'userMapper' and 'com.jeff.mapper.UserMapper' mapperInterface. Bean already defined with the same name!
2022-07-07 11:46:00.696  WARN 3088 --- [main] o.m.s.mapper.ClassPathMapperScanner      : No MyBatis mapper was found in '[com.jeff.mapper]' package. Please check your configuration.
2022-07-07 11:46:00.965  INFO 3088 --- [main] com.zaxxer.hikari.HikariDataSource       : HikariPool-1 - Starting...
2022-07-07 11:46:01.361  INFO 3088 --- [main] com.zaxxer.hikari.HikariDataSource       : HikariPool-1 - Start completed.
2022-07-07 11:46:01.810  INFO 3088 --- [main] o.s.b.a.w.s.WelcomePageHandlerMapping    : Adding welcome page template: index
2022-07-07 11:46:02.133  INFO 3088 --- [main] com.jeff.BlogApplicationTests            : Started BlogApplicationTests in 2.116 seconds (JVM running for 2.733)
2022-07-07 11:46:02.293  INFO 3088 --- [SpringApplicationShutdownHook] com.zaxxer.hikari.HikariDataSource       : HikariPool-1 - Shutdown initiated...
2022-07-07 11:46:02.297  INFO 3088 --- [SpringApplicationShutdownHook] com.zaxxer.hikari.HikariDataSource       : HikariPool-1 - Shutdown completed.
2022-07-07 11:46:50.784  INFO 13748 --- [main] com.jeff.BlogApplicationTests            : Starting BlogApplicationTests using Java 1.8.0_302 on LAPTOP-4UBO5CM2 with PID 13748 (started by Jeff in D:\work_space\IdeaProjects\Blog)
2022-07-07 11:46:50.785  INFO 13748 --- [main] com.jeff.BlogApplicationTests            : The following 1 profile is active: "dev"
2022-07-07 11:46:51.203  WARN 13748 --- [main] o.m.s.mapper.ClassPathMapperScanner      : Skipping MapperFactoryBean with name 'blogMapper' and 'com.jeff.mapper.BlogMapper' mapperInterface. Bean already defined with the same name!
2022-07-07 11:46:51.203  WARN 13748 --- [main] o.m.s.mapper.ClassPathMapperScanner      : Skipping MapperFactoryBean with name 'tagMapper' and 'com.jeff.mapper.TagMapper' mapperInterface. Bean already defined with the same name!
2022-07-07 11:46:51.204  WARN 13748 --- [main] o.m.s.mapper.ClassPathMapperScanner      : Skipping MapperFactoryBean with name 'userMapper' and 'com.jeff.mapper.UserMapper' mapperInterface. Bean already defined with the same name!
2022-07-07 11:46:51.204  WARN 13748 --- [main] o.m.s.mapper.ClassPathMapperScanner      : No MyBatis mapper was found in '[com.jeff.mapper]' package. Please check your configuration.
2022-07-07 11:46:51.481  INFO 13748 --- [main] com.zaxxer.hikari.HikariDataSource       : HikariPool-1 - Starting...
2022-07-07 11:46:51.880  INFO 13748 --- [main] com.zaxxer.hikari.HikariDataSource       : HikariPool-1 - Start completed.
2022-07-07 11:46:52.323  INFO 13748 --- [main] o.s.b.a.w.s.WelcomePageHandlerMapping    : Adding welcome page template: index
2022-07-07 11:46:52.649  INFO 13748 --- [main] com.jeff.BlogApplicationTests            : Started BlogApplicationTests in 2.152 seconds (JVM running for 2.782)
2022-07-07 11:46:52.812  INFO 13748 --- [SpringApplicationShutdownHook] com.zaxxer.hikari.HikariDataSource       : HikariPool-1 - Shutdown initiated...
2022-07-07 11:46:52.814  INFO 13748 --- [SpringApplicationShutdownHook] com.zaxxer.hikari.HikariDataSource       : HikariPool-1 - Shutdown completed.
2022-07-07 11:48:49.473  INFO 5932 --- [main] com.jeff.BlogApplicationTests            : Starting BlogApplicationTests using Java 1.8.0_302 on LAPTOP-4UBO5CM2 with PID 5932 (started by Jeff in D:\work_space\IdeaProjects\Blog)
2022-07-07 11:48:49.474  INFO 5932 --- [main] com.jeff.BlogApplicationTests            : The following 1 profile is active: "dev"
2022-07-07 11:48:49.878  WARN 5932 --- [main] o.m.s.mapper.ClassPathMapperScanner      : Skipping MapperFactoryBean with name 'blogMapper' and 'com.jeff.mapper.BlogMapper' mapperInterface. Bean already defined with the same name!
2022-07-07 11:48:49.878  WARN 5932 --- [main] o.m.s.mapper.ClassPathMapperScanner      : Skipping MapperFactoryBean with name 'tagMapper' and 'com.jeff.mapper.TagMapper' mapperInterface. Bean already defined with the same name!
2022-07-07 11:48:49.878  WARN 5932 --- [main] o.m.s.mapper.ClassPathMapperScanner      : Skipping MapperFactoryBean with name 'userMapper' and 'com.jeff.mapper.UserMapper' mapperInterface. Bean already defined with the same name!
2022-07-07 11:48:49.878  WARN 5932 --- [main] o.m.s.mapper.ClassPathMapperScanner      : No MyBatis mapper was found in '[com.jeff.mapper]' package. Please check your configuration.
2022-07-07 11:48:50.146  INFO 5932 --- [main] com.zaxxer.hikari.HikariDataSource       : HikariPool-1 - Starting...
2022-07-07 11:48:50.537  INFO 5932 --- [main] com.zaxxer.hikari.HikariDataSource       : HikariPool-1 - Start completed.
2022-07-07 11:48:50.973  INFO 5932 --- [main] o.s.b.a.w.s.WelcomePageHandlerMapping    : Adding welcome page template: index
2022-07-07 11:48:51.309  INFO 5932 --- [main] com.jeff.BlogApplicationTests            : Started BlogApplicationTests in 2.112 seconds (JVM running for 2.747)
2022-07-07 11:48:51.667  INFO 5932 --- [SpringApplicationShutdownHook] com.zaxxer.hikari.HikariDataSource       : HikariPool-1 - Shutdown initiated...
2022-07-07 11:48:51.670  INFO 5932 --- [SpringApplicationShutdownHook] com.zaxxer.hikari.HikariDataSource       : HikariPool-1 - Shutdown completed.
2022-07-07 11:49:26.473  INFO 20348 --- [main] com.jeff.BlogApplicationTests            : Starting BlogApplicationTests using Java 1.8.0_302 on LAPTOP-4UBO5CM2 with PID 20348 (started by Jeff in D:\work_space\IdeaProjects\Blog)
2022-07-07 11:49:26.474  INFO 20348 --- [main] com.jeff.BlogApplicationTests            : The following 1 profile is active: "dev"
2022-07-07 11:49:26.898  WARN 20348 --- [main] o.m.s.mapper.ClassPathMapperScanner      : Skipping MapperFactoryBean with name 'blogMapper' and 'com.jeff.mapper.BlogMapper' mapperInterface. Bean already defined with the same name!
2022-07-07 11:49:26.898  WARN 20348 --- [main] o.m.s.mapper.ClassPathMapperScanner      : Skipping MapperFactoryBean with name 'tagMapper' and 'com.jeff.mapper.TagMapper' mapperInterface. Bean already defined with the same name!
2022-07-07 11:49:26.898  WARN 20348 --- [main] o.m.s.mapper.ClassPathMapperScanner      : Skipping MapperFactoryBean with name 'userMapper' and 'com.jeff.mapper.UserMapper' mapperInterface. Bean already defined with the same name!
2022-07-07 11:49:26.898  WARN 20348 --- [main] o.m.s.mapper.ClassPathMapperScanner      : No MyBatis mapper was found in '[com.jeff.mapper]' package. Please check your configuration.
2022-07-07 11:49:27.164  INFO 20348 --- [main] com.zaxxer.hikari.HikariDataSource       : HikariPool-1 - Starting...
2022-07-07 11:49:27.553  INFO 20348 --- [main] com.zaxxer.hikari.HikariDataSource       : HikariPool-1 - Start completed.
2022-07-07 11:49:27.994  INFO 20348 --- [main] o.s.b.a.w.s.WelcomePageHandlerMapping    : Adding welcome page template: index
2022-07-07 11:49:28.294  INFO 20348 --- [main] com.jeff.BlogApplicationTests            : Started BlogApplicationTests in 2.107 seconds (JVM running for 2.719)
2022-07-07 11:49:28.613  INFO 20348 --- [SpringApplicationShutdownHook] com.zaxxer.hikari.HikariDataSource       : HikariPool-1 - Shutdown initiated...
2022-07-07 11:49:28.617  INFO 20348 --- [SpringApplicationShutdownHook] com.zaxxer.hikari.HikariDataSource       : HikariPool-1 - Shutdown completed.
2022-07-07 11:50:08.850  INFO 17588 --- [main] com.jeff.BlogApplicationTests            : Starting BlogApplicationTests using Java 1.8.0_302 on LAPTOP-4UBO5CM2 with PID 17588 (started by Jeff in D:\work_space\IdeaProjects\Blog)
2022-07-07 11:50:08.851  INFO 17588 --- [main] com.jeff.BlogApplicationTests            : The following 1 profile is active: "dev"
2022-07-07 11:50:09.263  WARN 17588 --- [main] o.m.s.mapper.ClassPathMapperScanner      : Skipping MapperFactoryBean with name 'blogMapper' and 'com.jeff.mapper.BlogMapper' mapperInterface. Bean already defined with the same name!
2022-07-07 11:50:09.263  WARN 17588 --- [main] o.m.s.mapper.ClassPathMapperScanner      : Skipping MapperFactoryBean with name 'tagMapper' and 'com.jeff.mapper.TagMapper' mapperInterface. Bean already defined with the same name!
2022-07-07 11:50:09.263  WARN 17588 --- [main] o.m.s.mapper.ClassPathMapperScanner      : Skipping MapperFactoryBean with name 'userMapper' and 'com.jeff.mapper.UserMapper' mapperInterface. Bean already defined with the same name!
2022-07-07 11:50:09.263  WARN 17588 --- [main] o.m.s.mapper.ClassPathMapperScanner      : No MyBatis mapper was found in '[com.jeff.mapper]' package. Please check your configuration.
2022-07-07 11:50:09.531  INFO 17588 --- [main] com.zaxxer.hikari.HikariDataSource       : HikariPool-1 - Starting...
2022-07-07 11:50:09.929  INFO 17588 --- [main] com.zaxxer.hikari.HikariDataSource       : HikariPool-1 - Start completed.
2022-07-07 11:50:10.390  INFO 17588 --- [main] o.s.b.a.w.s.WelcomePageHandlerMapping    : Adding welcome page template: index
2022-07-07 11:50:10.697  INFO 17588 --- [main] com.jeff.BlogApplicationTests            : Started BlogApplicationTests in 2.129 seconds (JVM running for 2.763)
2022-07-07 11:50:10.970  INFO 17588 --- [SpringApplicationShutdownHook] com.zaxxer.hikari.HikariDataSource       : HikariPool-1 - Shutdown initiated...
2022-07-07 11:50:10.973  INFO 17588 --- [SpringApplicationShutdownHook] com.zaxxer.hikari.HikariDataSource       : HikariPool-1 - Shutdown completed.
2022-07-07 11:50:32.957  INFO 19688 --- [main] com.jeff.BlogApplicationTests            : Starting BlogApplicationTests using Java 1.8.0_302 on LAPTOP-4UBO5CM2 with PID 19688 (started by Jeff in D:\work_space\IdeaProjects\Blog)
2022-07-07 11:50:32.958  INFO 19688 --- [main] com.jeff.BlogApplicationTests            : The following 1 profile is active: "dev"
2022-07-07 11:50:33.366  WARN 19688 --- [main] o.m.s.mapper.ClassPathMapperScanner      : Skipping MapperFactoryBean with name 'blogMapper' and 'com.jeff.mapper.BlogMapper' mapperInterface. Bean already defined with the same name!
2022-07-07 11:50:33.366  WARN 19688 --- [main] o.m.s.mapper.ClassPathMapperScanner      : Skipping MapperFactoryBean with name 'tagMapper' and 'com.jeff.mapper.TagMapper' mapperInterface. Bean already defined with the same name!
2022-07-07 11:50:33.367  WARN 19688 --- [main] o.m.s.mapper.ClassPathMapperScanner      : Skipping MapperFactoryBean with name 'userMapper' and 'com.jeff.mapper.UserMapper' mapperInterface. Bean already defined with the same name!
2022-07-07 11:50:33.367  WARN 19688 --- [main] o.m.s.mapper.ClassPathMapperScanner      : No MyBatis mapper was found in '[com.jeff.mapper]' package. Please check your configuration.
2022-07-07 11:50:33.630  INFO 19688 --- [main] com.zaxxer.hikari.HikariDataSource       : HikariPool-1 - Starting...
2022-07-07 11:50:34.020  INFO 19688 --- [main] com.zaxxer.hikari.HikariDataSource       : HikariPool-1 - Start completed.
2022-07-07 11:50:34.462  INFO 19688 --- [main] o.s.b.a.w.s.WelcomePageHandlerMapping    : Adding welcome page template: index
2022-07-07 11:50:34.802  INFO 19688 --- [main] com.jeff.BlogApplicationTests            : Started BlogApplicationTests in 2.105 seconds (JVM running for 2.739)
2022-07-07 11:50:35.119  INFO 19688 --- [SpringApplicationShutdownHook] com.zaxxer.hikari.HikariDataSource       : HikariPool-1 - Shutdown initiated...
2022-07-07 11:50:35.122  INFO 19688 --- [SpringApplicationShutdownHook] com.zaxxer.hikari.HikariDataSource       : HikariPool-1 - Shutdown completed.
2022-07-07 11:55:15.472  INFO 11564 --- [main] com.jeff.BlogApplicationTests            : Starting BlogApplicationTests using Java 1.8.0_302 on LAPTOP-4UBO5CM2 with PID 11564 (started by Jeff in D:\work_space\IdeaProjects\Blog)
2022-07-07 11:55:15.473  INFO 11564 --- [main] com.jeff.BlogApplicationTests            : The following 1 profile is active: "dev"
2022-07-07 11:55:15.880  WARN 11564 --- [main] o.m.s.mapper.ClassPathMapperScanner      : Skipping MapperFactoryBean with name 'blogMapper' and 'com.jeff.mapper.BlogMapper' mapperInterface. Bean already defined with the same name!
2022-07-07 11:55:15.880  WARN 11564 --- [main] o.m.s.mapper.ClassPathMapperScanner      : Skipping MapperFactoryBean with name 'tagMapper' and 'com.jeff.mapper.TagMapper' mapperInterface. Bean already defined with the same name!
2022-07-07 11:55:15.881  WARN 11564 --- [main] o.m.s.mapper.ClassPathMapperScanner      : Skipping MapperFactoryBean with name 'userMapper' and 'com.jeff.mapper.UserMapper' mapperInterface. Bean already defined with the same name!
2022-07-07 11:55:15.881  WARN 11564 --- [main] o.m.s.mapper.ClassPathMapperScanner      : No MyBatis mapper was found in '[com.jeff.mapper]' package. Please check your configuration.
2022-07-07 11:55:16.221  INFO 11564 --- [main] com.zaxxer.hikari.HikariDataSource       : HikariPool-1 - Starting...
2022-07-07 11:55:16.615  INFO 11564 --- [main] com.zaxxer.hikari.HikariDataSource       : HikariPool-1 - Start completed.
2022-07-07 11:55:17.050  INFO 11564 --- [main] o.s.b.a.w.s.WelcomePageHandlerMapping    : Adding welcome page template: index
2022-07-07 11:55:17.399  INFO 11564 --- [main] com.jeff.BlogApplicationTests            : Started BlogApplicationTests in 2.211 seconds (JVM running for 2.826)
2022-07-07 11:55:17.732  INFO 11564 --- [SpringApplicationShutdownHook] com.zaxxer.hikari.HikariDataSource       : HikariPool-1 - Shutdown initiated...
2022-07-07 11:55:17.736  INFO 11564 --- [SpringApplicationShutdownHook] com.zaxxer.hikari.HikariDataSource       : HikariPool-1 - Shutdown completed.
2022-07-07 11:55:34.934  INFO 19976 --- [main] com.jeff.BlogApplicationTests            : Starting BlogApplicationTests using Java 1.8.0_302 on LAPTOP-4UBO5CM2 with PID 19976 (started by Jeff in D:\work_space\IdeaProjects\Blog)
2022-07-07 11:55:34.935  INFO 19976 --- [main] com.jeff.BlogApplicationTests            : The following 1 profile is active: "dev"
2022-07-07 11:55:35.328  WARN 19976 --- [main] o.m.s.mapper.ClassPathMapperScanner      : Skipping MapperFactoryBean with name 'blogMapper' and 'com.jeff.mapper.BlogMapper' mapperInterface. Bean already defined with the same name!
2022-07-07 11:55:35.329  WARN 19976 --- [main] o.m.s.mapper.ClassPathMapperScanner      : Skipping MapperFactoryBean with name 'tagMapper' and 'com.jeff.mapper.TagMapper' mapperInterface. Bean already defined with the same name!
2022-07-07 11:55:35.329  WARN 19976 --- [main] o.m.s.mapper.ClassPathMapperScanner      : Skipping MapperFactoryBean with name 'userMapper' and 'com.jeff.mapper.UserMapper' mapperInterface. Bean already defined with the same name!
2022-07-07 11:55:35.329  WARN 19976 --- [main] o.m.s.mapper.ClassPathMapperScanner      : No MyBatis mapper was found in '[com.jeff.mapper]' package. Please check your configuration.
2022-07-07 11:55:35.599  INFO 19976 --- [main] com.zaxxer.hikari.HikariDataSource       : HikariPool-1 - Starting...
2022-07-07 11:55:35.995  INFO 19976 --- [main] com.zaxxer.hikari.HikariDataSource       : HikariPool-1 - Start completed.
2022-07-07 11:55:36.434  INFO 19976 --- [main] o.s.b.a.w.s.WelcomePageHandlerMapping    : Adding welcome page template: index
2022-07-07 11:55:36.757  INFO 19976 --- [main] com.jeff.BlogApplicationTests            : Started BlogApplicationTests in 2.102 seconds (JVM running for 2.723)
2022-07-07 11:55:37.030  INFO 19976 --- [SpringApplicationShutdownHook] com.zaxxer.hikari.HikariDataSource       : HikariPool-1 - Shutdown initiated...
2022-07-07 11:55:37.034  INFO 19976 --- [SpringApplicationShutdownHook] com.zaxxer.hikari.HikariDataSource       : HikariPool-1 - Shutdown completed.
2022-07-07 11:55:54.184  INFO 7760 --- [main] com.jeff.BlogApplicationTests            : Starting BlogApplicationTests using Java 1.8.0_302 on LAPTOP-4UBO5CM2 with PID 7760 (started by Jeff in D:\work_space\IdeaProjects\Blog)
2022-07-07 11:55:54.185  INFO 7760 --- [main] com.jeff.BlogApplicationTests            : The following 1 profile is active: "dev"
2022-07-07 11:55:54.582  WARN 7760 --- [main] o.m.s.mapper.ClassPathMapperScanner      : Skipping MapperFactoryBean with name 'blogMapper' and 'com.jeff.mapper.BlogMapper' mapperInterface. Bean already defined with the same name!
2022-07-07 11:55:54.583  WARN 7760 --- [main] o.m.s.mapper.ClassPathMapperScanner      : Skipping MapperFactoryBean with name 'tagMapper' and 'com.jeff.mapper.TagMapper' mapperInterface. Bean already defined with the same name!
2022-07-07 11:55:54.583  WARN 7760 --- [main] o.m.s.mapper.ClassPathMapperScanner      : Skipping MapperFactoryBean with name 'userMapper' and 'com.jeff.mapper.UserMapper' mapperInterface. Bean already defined with the same name!
2022-07-07 11:55:54.583  WARN 7760 --- [main] o.m.s.mapper.ClassPathMapperScanner      : No MyBatis mapper was found in '[com.jeff.mapper]' package. Please check your configuration.
2022-07-07 11:55:54.858  INFO 7760 --- [main] com.zaxxer.hikari.HikariDataSource       : HikariPool-1 - Starting...
2022-07-07 11:55:55.266  INFO 7760 --- [main] com.zaxxer.hikari.HikariDataSource       : HikariPool-1 - Start completed.
2022-07-07 11:55:55.721  INFO 7760 --- [main] o.s.b.a.w.s.WelcomePageHandlerMapping    : Adding welcome page template: index
2022-07-07 11:55:56.050  INFO 7760 --- [main] com.jeff.BlogApplicationTests            : Started BlogApplicationTests in 2.144 seconds (JVM running for 2.817)
2022-07-07 11:55:56.359  INFO 7760 --- [SpringApplicationShutdownHook] com.zaxxer.hikari.HikariDataSource       : HikariPool-1 - Shutdown initiated...
2022-07-07 11:55:56.363  INFO 7760 --- [SpringApplicationShutdownHook] com.zaxxer.hikari.HikariDataSource       : HikariPool-1 - Shutdown completed.
2022-07-07 13:08:22.323  WARN 10784 --- [HikariPool-1 housekeeper] com.zaxxer.hikari.pool.HikariPool        : HikariPool-1 - Thread starvation or clock leap detected (housekeeper delta=28m23s832ms422µs300ns).
2022-07-07 13:14:53.578  INFO 17044 --- [main] com.jeff.BlogApplication                 : Starting BlogApplication using Java 1.8.0_302 on LAPTOP-4UBO5CM2 with PID 17044 (D:\work_space\IdeaProjects\Blog\target\classes started by Jeff in D:\work_space\IdeaProjects\Blog)
2022-07-07 13:14:53.578  INFO 17044 --- [main] com.jeff.BlogApplication                 : The following 1 profile is active: "dev"
2022-07-07 13:14:54.126  INFO 17044 --- [main] o.s.b.w.embedded.tomcat.TomcatWebServer  : Tomcat initialized with port(s): 8080 (http)
2022-07-07 13:14:54.131  INFO 17044 --- [main] o.apache.catalina.core.StandardService   : Starting service [Tomcat]
2022-07-07 13:14:54.132  INFO 17044 --- [main] org.apache.catalina.core.StandardEngine  : Starting Servlet engine: [Apache Tomcat/9.0.64]
2022-07-07 13:14:54.187  INFO 17044 --- [main] o.a.c.c.C.[Tomcat].[localhost].[/]       : Initializing Spring embedded WebApplicationContext
2022-07-07 13:14:54.187  INFO 17044 --- [main] w.s.c.ServletWebServerApplicationContext : Root WebApplicationContext: initialization completed in 578 ms
2022-07-07 13:14:54.619  INFO 17044 --- [main] o.s.b.a.w.s.WelcomePageHandlerMapping    : Adding welcome page template: index
2022-07-07 13:14:54.720  INFO 17044 --- [main] o.s.b.w.embedded.tomcat.TomcatWebServer  : Tomcat started on port(s): 8080 (http) with context path ''
2022-07-07 13:14:54.735  INFO 17044 --- [main] com.jeff.BlogApplication                 : Started BlogApplication in 1.585 seconds (JVM running for 2.174)
2022-07-07 13:14:57.885  INFO 17044 --- [http-nio-8080-exec-1] o.a.c.c.C.[Tomcat].[localhost].[/]       : Initializing Spring DispatcherServlet 'dispatcherServlet'
2022-07-07 13:14:57.886  INFO 17044 --- [http-nio-8080-exec-1] o.s.web.servlet.DispatcherServlet        : Initializing Servlet 'dispatcherServlet'
2022-07-07 13:14:57.887  INFO 17044 --- [http-nio-8080-exec-1] o.s.web.servlet.DispatcherServlet        : Completed initialization in 1 ms
2022-07-07 13:14:57.910  INFO 17044 --- [http-nio-8080-exec-1] com.zaxxer.hikari.HikariDataSource       : HikariPool-1 - Starting...
2022-07-07 13:14:58.082  INFO 17044 --- [http-nio-8080-exec-1] com.zaxxer.hikari.HikariDataSource       : HikariPool-1 - Start completed.
2022-07-07 13:14:58.323 ERROR 17044 --- [http-nio-8080-exec-1] org.thymeleaf.TemplateEngine             : [THYMELEAF][http-nio-8080-exec-1] Exception processing template "index": Exception evaluating SpringEL expression: "pageInfo.getPages()" (template: "index" - line 72, col 31)

org.thymeleaf.exceptions.TemplateProcessingException: Exception evaluating SpringEL expression: "pageInfo.getPages()" (template: "index" - line 72, col 31)
	at org.thymeleaf.spring5.expression.SPELVariableExpressionEvaluator.evaluate(SPELVariableExpressionEvaluator.java:292)
	at org.thymeleaf.standard.expression.VariableExpression.executeVariableExpression(VariableExpression.java:166)
	at org.thymeleaf.standard.expression.SimpleExpression.executeSimple(SimpleExpression.java:66)
	at org.thymeleaf.standard.expression.Expression.execute(Expression.java:109)
	at org.thymeleaf.standard.expression.AdditionExpression.executeAddition(AdditionExpression.java:96)
	at org.thymeleaf.standard.expression.ComplexExpression.executeComplex(ComplexExpression.java:62)
	at org.thymeleaf.standard.expression.Expression.execute(Expression.java:112)
	at org.thymeleaf.standard.expression.AdditionExpression.executeAddition(AdditionExpression.java:89)
	at org.thymeleaf.standard.expression.ComplexExpression.executeComplex(ComplexExpression.java:62)
	at org.thymeleaf.standard.expression.Expression.execute(Expression.java:112)
	at org.thymeleaf.standard.expression.Expression.execute(Expression.java:138)
	at org.thymeleaf.standard.processor.AbstractStandardExpressionAttributeTagProcessor.doProcess(AbstractStandardExpressionAttributeTagProcessor.java:144)
	at org.thymeleaf.processor.element.AbstractAttributeTagProcessor.doProcess(AbstractAttributeTagProcessor.java:74)
	at org.thymeleaf.processor.element.AbstractElementTagProcessor.process(AbstractElementTagProcessor.java:95)
	at org.thymeleaf.util.ProcessorConfigurationUtils$ElementTagProcessorWrapper.process(ProcessorConfigurationUtils.java:633)
	at org.thymeleaf.engine.ProcessorTemplateHandler.handleOpenElement(ProcessorTemplateHandler.java:1314)
	at org.thymeleaf.engine.OpenElementTag.beHandled(OpenElementTag.java:205)
	at org.thymeleaf.engine.TemplateModel.process(TemplateModel.java:136)
	at org.thymeleaf.engine.TemplateManager.parseAndProcess(TemplateManager.java:661)
	at org.thymeleaf.TemplateEngine.process(TemplateEngine.java:1098)
	at org.thymeleaf.TemplateEngine.process(TemplateEngine.java:1072)
	at org.thymeleaf.spring5.view.ThymeleafView.renderFragment(ThymeleafView.java:366)
	at org.thymeleaf.spring5.view.ThymeleafView.render(ThymeleafView.java:190)
	at org.springframework.web.servlet.DispatcherServlet.render(DispatcherServlet.java:1401)
	at org.springframework.web.servlet.DispatcherServlet.processDispatchResult(DispatcherServlet.java:1145)
	at org.springframework.web.servlet.DispatcherServlet.doDispatch(DispatcherServlet.java:1084)
	at org.springframework.web.servlet.DispatcherServlet.doService(DispatcherServlet.java:963)
	at org.springframework.web.servlet.FrameworkServlet.processRequest(FrameworkServlet.java:1006)
	at org.springframework.web.servlet.FrameworkServlet.doGet(FrameworkServlet.java:898)
	at javax.servlet.http.HttpServlet.service(HttpServlet.java:655)
	at org.springframework.web.servlet.FrameworkServlet.service(FrameworkServlet.java:883)
	at javax.servlet.http.HttpServlet.service(HttpServlet.java:764)
	at org.apache.catalina.core.ApplicationFilterChain.internalDoFilter(ApplicationFilterChain.java:227)
	at org.apache.catalina.core.ApplicationFilterChain.doFilter(ApplicationFilterChain.java:162)
	at org.apache.tomcat.websocket.server.WsFilter.doFilter(WsFilter.java:53)
	at org.apache.catalina.core.ApplicationFilterChain.internalDoFilter(ApplicationFilterChain.java:189)
	at org.apache.catalina.core.ApplicationFilterChain.doFilter(ApplicationFilterChain.java:162)
	at org.springframework.web.filter.RequestContextFilter.doFilterInternal(RequestContextFilter.java:100)
	at org.springframework.web.filter.OncePerRequestFilter.doFilter(OncePerRequestFilter.java:117)
	at org.apache.catalina.core.ApplicationFilterChain.internalDoFilter(ApplicationFilterChain.java:189)
	at org.apache.catalina.core.ApplicationFilterChain.doFilter(ApplicationFilterChain.java:162)
	at org.springframework.web.filter.FormContentFilter.doFilterInternal(FormContentFilter.java:93)
	at org.springframework.web.filter.OncePerRequestFilter.doFilter(OncePerRequestFilter.java:117)
	at org.apache.catalina.core.ApplicationFilterChain.internalDoFilter(ApplicationFilterChain.java:189)
	at org.apache.catalina.core.ApplicationFilterChain.doFilter(ApplicationFilterChain.java:162)
	at org.springframework.web.filter.CharacterEncodingFilter.doFilterInternal(CharacterEncodingFilter.java:201)
	at org.springframework.web.filter.OncePerRequestFilter.doFilter(OncePerRequestFilter.java:117)
	at org.apache.catalina.core.ApplicationFilterChain.internalDoFilter(ApplicationFilterChain.java:189)
	at org.apache.catalina.core.ApplicationFilterChain.doFilter(ApplicationFilterChain.java:162)
	at org.apache.catalina.core.StandardWrapperValve.invoke(StandardWrapperValve.java:197)
	at org.apache.catalina.core.StandardContextValve.invoke(StandardContextValve.java:97)
	at org.apache.catalina.authenticator.AuthenticatorBase.invoke(AuthenticatorBase.java:541)
	at org.apache.catalina.core.StandardHostValve.invoke(StandardHostValve.java:135)
	at org.apache.catalina.valves.ErrorReportValve.invoke(ErrorReportValve.java:92)
	at org.apache.catalina.core.StandardEngineValve.invoke(StandardEngineValve.java:78)
	at org.apache.catalina.connector.CoyoteAdapter.service(CoyoteAdapter.java:360)
	at org.apache.coyote.http11.Http11Processor.service(Http11Processor.java:399)
	at org.apache.coyote.AbstractProcessorLight.process(AbstractProcessorLight.java:65)
	at org.apache.coyote.AbstractProtocol$ConnectionHandler.process(AbstractProtocol.java:890)
	at org.apache.tomcat.util.net.NioEndpoint$SocketProcessor.doRun(NioEndpoint.java:1787)
	at org.apache.tomcat.util.net.SocketProcessorBase.run(SocketProcessorBase.java:49)
	at org.apache.tomcat.util.threads.ThreadPoolExecutor.runWorker(ThreadPoolExecutor.java:1191)
	at org.apache.tomcat.util.threads.ThreadPoolExecutor$Worker.run(ThreadPoolExecutor.java:659)
	at org.apache.tomcat.util.threads.TaskThread$WrappingRunnable.run(TaskThread.java:61)
	at java.lang.Thread.run(Thread.java:748)
Caused by: org.springframework.expression.spel.SpelEvaluationException: EL1011E: Method call: Attempted to call method getPages() on null context object
	at org.springframework.expression.spel.ast.MethodReference.throwIfNotNullSafe(MethodReference.java:154)
	at org.springframework.expression.spel.ast.MethodReference.getValueRef(MethodReference.java:83)
	at org.springframework.expression.spel.ast.CompoundExpression.getValueRef(CompoundExpression.java:70)
	at org.springframework.expression.spel.ast.CompoundExpression.getValueInternal(CompoundExpression.java:91)
	at org.springframework.expression.spel.ast.SpelNodeImpl.getValue(SpelNodeImpl.java:112)
	at org.springframework.expression.spel.standard.SpelExpression.getValue(SpelExpression.java:338)
	at org.thymeleaf.spring5.expression.SPELVariableExpressionEvaluator.evaluate(SPELVariableExpressionEvaluator.java:265)
	... 64 common frames omitted

2022-07-07 13:14:58.325 ERROR 17044 --- [http-nio-8080-exec-1] o.a.c.c.C.[.[.[/].[dispatcherServlet]    : Servlet.service() for servlet [dispatcherServlet] in context with path [] threw exception [Request processing failed; nested exception is org.thymeleaf.exceptions.TemplateProcessingException: Exception evaluating SpringEL expression: "pageInfo.getPages()" (template: "index" - line 72, col 31)] with root cause

org.springframework.expression.spel.SpelEvaluationException: EL1011E: Method call: Attempted to call method getPages() on null context object
	at org.springframework.expression.spel.ast.MethodReference.throwIfNotNullSafe(MethodReference.java:154)
	at org.springframework.expression.spel.ast.MethodReference.getValueRef(MethodReference.java:83)
	at org.springframework.expression.spel.ast.CompoundExpression.getValueRef(CompoundExpression.java:70)
	at org.springframework.expression.spel.ast.CompoundExpression.getValueInternal(CompoundExpression.java:91)
	at org.springframework.expression.spel.ast.SpelNodeImpl.getValue(SpelNodeImpl.java:112)
	at org.springframework.expression.spel.standard.SpelExpression.getValue(SpelExpression.java:338)
	at org.thymeleaf.spring5.expression.SPELVariableExpressionEvaluator.evaluate(SPELVariableExpressionEvaluator.java:265)
	at org.thymeleaf.standard.expression.VariableExpression.executeVariableExpression(VariableExpression.java:166)
	at org.thymeleaf.standard.expression.SimpleExpression.executeSimple(SimpleExpression.java:66)
	at org.thymeleaf.standard.expression.Expression.execute(Expression.java:109)
	at org.thymeleaf.standard.expression.AdditionExpression.executeAddition(AdditionExpression.java:96)
	at org.thymeleaf.standard.expression.ComplexExpression.executeComplex(ComplexExpression.java:62)
	at org.thymeleaf.standard.expression.Expression.execute(Expression.java:112)
	at org.thymeleaf.standard.expression.AdditionExpression.executeAddition(AdditionExpression.java:89)
	at org.thymeleaf.standard.expression.ComplexExpression.executeComplex(ComplexExpression.java:62)
	at org.thymeleaf.standard.expression.Expression.execute(Expression.java:112)
	at org.thymeleaf.standard.expression.Expression.execute(Expression.java:138)
	at org.thymeleaf.standard.processor.AbstractStandardExpressionAttributeTagProcessor.doProcess(AbstractStandardExpressionAttributeTagProcessor.java:144)
	at org.thymeleaf.processor.element.AbstractAttributeTagProcessor.doProcess(AbstractAttributeTagProcessor.java:74)
	at org.thymeleaf.processor.element.AbstractElementTagProcessor.process(AbstractElementTagProcessor.java:95)
	at org.thymeleaf.util.ProcessorConfigurationUtils$ElementTagProcessorWrapper.process(ProcessorConfigurationUtils.java:633)
	at org.thymeleaf.engine.ProcessorTemplateHandler.handleOpenElement(ProcessorTemplateHandler.java:1314)
	at org.thymeleaf.engine.OpenElementTag.beHandled(OpenElementTag.java:205)
	at org.thymeleaf.engine.TemplateModel.process(TemplateModel.java:136)
	at org.thymeleaf.engine.TemplateManager.parseAndProcess(TemplateManager.java:661)
	at org.thymeleaf.TemplateEngine.process(TemplateEngine.java:1098)
	at org.thymeleaf.TemplateEngine.process(TemplateEngine.java:1072)
	at org.thymeleaf.spring5.view.ThymeleafView.renderFragment(ThymeleafView.java:366)
	at org.thymeleaf.spring5.view.ThymeleafView.render(ThymeleafView.java:190)
	at org.springframework.web.servlet.DispatcherServlet.render(DispatcherServlet.java:1401)
	at org.springframework.web.servlet.DispatcherServlet.processDispatchResult(DispatcherServlet.java:1145)
	at org.springframework.web.servlet.DispatcherServlet.doDispatch(DispatcherServlet.java:1084)
	at org.springframework.web.servlet.DispatcherServlet.doService(DispatcherServlet.java:963)
	at org.springframework.web.servlet.FrameworkServlet.processRequest(FrameworkServlet.java:1006)
	at org.springframework.web.servlet.FrameworkServlet.doGet(FrameworkServlet.java:898)
	at javax.servlet.http.HttpServlet.service(HttpServlet.java:655)
	at org.springframework.web.servlet.FrameworkServlet.service(FrameworkServlet.java:883)
	at javax.servlet.http.HttpServlet.service(HttpServlet.java:764)
	at org.apache.catalina.core.ApplicationFilterChain.internalDoFilter(ApplicationFilterChain.java:227)
	at org.apache.catalina.core.ApplicationFilterChain.doFilter(ApplicationFilterChain.java:162)
	at org.apache.tomcat.websocket.server.WsFilter.doFilter(WsFilter.java:53)
	at org.apache.catalina.core.ApplicationFilterChain.internalDoFilter(ApplicationFilterChain.java:189)
	at org.apache.catalina.core.ApplicationFilterChain.doFilter(ApplicationFilterChain.java:162)
	at org.springframework.web.filter.RequestContextFilter.doFilterInternal(RequestContextFilter.java:100)
	at org.springframework.web.filter.OncePerRequestFilter.doFilter(OncePerRequestFilter.java:117)
	at org.apache.catalina.core.ApplicationFilterChain.internalDoFilter(ApplicationFilterChain.java:189)
	at org.apache.catalina.core.ApplicationFilterChain.doFilter(ApplicationFilterChain.java:162)
	at org.springframework.web.filter.FormContentFilter.doFilterInternal(FormContentFilter.java:93)
	at org.springframework.web.filter.OncePerRequestFilter.doFilter(OncePerRequestFilter.java:117)
	at org.apache.catalina.core.ApplicationFilterChain.internalDoFilter(ApplicationFilterChain.java:189)
	at org.apache.catalina.core.ApplicationFilterChain.doFilter(ApplicationFilterChain.java:162)
	at org.springframework.web.filter.CharacterEncodingFilter.doFilterInternal(CharacterEncodingFilter.java:201)
	at org.springframework.web.filter.OncePerRequestFilter.doFilter(OncePerRequestFilter.java:117)
	at org.apache.catalina.core.ApplicationFilterChain.internalDoFilter(ApplicationFilterChain.java:189)
	at org.apache.catalina.core.ApplicationFilterChain.doFilter(ApplicationFilterChain.java:162)
	at org.apache.catalina.core.StandardWrapperValve.invoke(StandardWrapperValve.java:197)
	at org.apache.catalina.core.StandardContextValve.invoke(StandardContextValve.java:97)
	at org.apache.catalina.authenticator.AuthenticatorBase.invoke(AuthenticatorBase.java:541)
	at org.apache.catalina.core.StandardHostValve.invoke(StandardHostValve.java:135)
	at org.apache.catalina.valves.ErrorReportValve.invoke(ErrorReportValve.java:92)
	at org.apache.catalina.core.StandardEngineValve.invoke(StandardEngineValve.java:78)
	at org.apache.catalina.connector.CoyoteAdapter.service(CoyoteAdapter.java:360)
	at org.apache.coyote.http11.Http11Processor.service(Http11Processor.java:399)
	at org.apache.coyote.AbstractProcessorLight.process(AbstractProcessorLight.java:65)
	at org.apache.coyote.AbstractProtocol$ConnectionHandler.process(AbstractProtocol.java:890)
	at org.apache.tomcat.util.net.NioEndpoint$SocketProcessor.doRun(NioEndpoint.java:1787)
	at org.apache.tomcat.util.net.SocketProcessorBase.run(SocketProcessorBase.java:49)
	at org.apache.tomcat.util.threads.ThreadPoolExecutor.runWorker(ThreadPoolExecutor.java:1191)
	at org.apache.tomcat.util.threads.ThreadPoolExecutor$Worker.run(ThreadPoolExecutor.java:659)
	at org.apache.tomcat.util.threads.TaskThread$WrappingRunnable.run(TaskThread.java:61)
	at java.lang.Thread.run(Thread.java:748)

2022-07-07 13:14:58.338 ERROR 17044 --- [http-nio-8080-exec-1] s.e.ErrorMvcAutoConfiguration$StaticView : Cannot render error page for request [/] as the response has already been committed. As a result, the response may have the wrong status code.
2022-07-07 13:59:43.455 ERROR 17044 --- [http-nio-8080-exec-1] org.thymeleaf.TemplateEngine             : [THYMELEAF][http-nio-8080-exec-1] Exception processing template "index": Exception evaluating SpringEL expression: "pageInfo.getPages()" (template: "index" - line 72, col 31)

org.thymeleaf.exceptions.TemplateProcessingException: Exception evaluating SpringEL expression: "pageInfo.getPages()" (template: "index" - line 72, col 31)
	at org.thymeleaf.spring5.expression.SPELVariableExpressionEvaluator.evaluate(SPELVariableExpressionEvaluator.java:292)
	at org.thymeleaf.standard.expression.VariableExpression.executeVariableExpression(VariableExpression.java:166)
	at org.thymeleaf.standard.expression.SimpleExpression.executeSimple(SimpleExpression.java:66)
	at org.thymeleaf.standard.expression.Expression.execute(Expression.java:109)
	at org.thymeleaf.standard.expression.AdditionExpression.executeAddition(AdditionExpression.java:96)
	at org.thymeleaf.standard.expression.ComplexExpression.executeComplex(ComplexExpression.java:62)
	at org.thymeleaf.standard.expression.Expression.execute(Expression.java:112)
	at org.thymeleaf.standard.expression.AdditionExpression.executeAddition(AdditionExpression.java:89)
	at org.thymeleaf.standard.expression.ComplexExpression.executeComplex(ComplexExpression.java:62)
	at org.thymeleaf.standard.expression.Expression.execute(Expression.java:112)
	at org.thymeleaf.standard.expression.Expression.execute(Expression.java:138)
	at org.thymeleaf.standard.processor.AbstractStandardExpressionAttributeTagProcessor.doProcess(AbstractStandardExpressionAttributeTagProcessor.java:144)
	at org.thymeleaf.processor.element.AbstractAttributeTagProcessor.doProcess(AbstractAttributeTagProcessor.java:74)
	at org.thymeleaf.processor.element.AbstractElementTagProcessor.process(AbstractElementTagProcessor.java:95)
	at org.thymeleaf.util.ProcessorConfigurationUtils$ElementTagProcessorWrapper.process(ProcessorConfigurationUtils.java:633)
	at org.thymeleaf.engine.ProcessorTemplateHandler.handleOpenElement(ProcessorTemplateHandler.java:1314)
	at org.thymeleaf.engine.OpenElementTag.beHandled(OpenElementTag.java:205)
	at org.thymeleaf.engine.TemplateModel.process(TemplateModel.java:136)
	at org.thymeleaf.engine.TemplateManager.parseAndProcess(TemplateManager.java:592)
	at org.thymeleaf.TemplateEngine.process(TemplateEngine.java:1098)
	at org.thymeleaf.TemplateEngine.process(TemplateEngine.java:1072)
	at org.thymeleaf.spring5.view.ThymeleafView.renderFragment(ThymeleafView.java:366)
	at org.thymeleaf.spring5.view.ThymeleafView.render(ThymeleafView.java:190)
	at org.springframework.web.servlet.DispatcherServlet.render(DispatcherServlet.java:1401)
	at org.springframework.web.servlet.DispatcherServlet.processDispatchResult(DispatcherServlet.java:1145)
	at org.springframework.web.servlet.DispatcherServlet.doDispatch(DispatcherServlet.java:1084)
	at org.springframework.web.servlet.DispatcherServlet.doService(DispatcherServlet.java:963)
	at org.springframework.web.servlet.FrameworkServlet.processRequest(FrameworkServlet.java:1006)
	at org.springframework.web.servlet.FrameworkServlet.doGet(FrameworkServlet.java:898)
	at javax.servlet.http.HttpServlet.service(HttpServlet.java:655)
	at org.springframework.web.servlet.FrameworkServlet.service(FrameworkServlet.java:883)
	at javax.servlet.http.HttpServlet.service(HttpServlet.java:764)
	at org.apache.catalina.core.ApplicationFilterChain.internalDoFilter(ApplicationFilterChain.java:227)
	at org.apache.catalina.core.ApplicationFilterChain.doFilter(ApplicationFilterChain.java:162)
	at org.apache.tomcat.websocket.server.WsFilter.doFilter(WsFilter.java:53)
	at org.apache.catalina.core.ApplicationFilterChain.internalDoFilter(ApplicationFilterChain.java:189)
	at org.apache.catalina.core.ApplicationFilterChain.doFilter(ApplicationFilterChain.java:162)
	at org.springframework.web.filter.RequestContextFilter.doFilterInternal(RequestContextFilter.java:100)
	at org.springframework.web.filter.OncePerRequestFilter.doFilter(OncePerRequestFilter.java:117)
	at org.apache.catalina.core.ApplicationFilterChain.internalDoFilter(ApplicationFilterChain.java:189)
	at org.apache.catalina.core.ApplicationFilterChain.doFilter(ApplicationFilterChain.java:162)
	at org.springframework.web.filter.FormContentFilter.doFilterInternal(FormContentFilter.java:93)
	at org.springframework.web.filter.OncePerRequestFilter.doFilter(OncePerRequestFilter.java:117)
	at org.apache.catalina.core.ApplicationFilterChain.internalDoFilter(ApplicationFilterChain.java:189)
	at org.apache.catalina.core.ApplicationFilterChain.doFilter(ApplicationFilterChain.java:162)
	at org.springframework.web.filter.CharacterEncodingFilter.doFilterInternal(CharacterEncodingFilter.java:201)
	at org.springframework.web.filter.OncePerRequestFilter.doFilter(OncePerRequestFilter.java:117)
	at org.apache.catalina.core.ApplicationFilterChain.internalDoFilter(ApplicationFilterChain.java:189)
	at org.apache.catalina.core.ApplicationFilterChain.doFilter(ApplicationFilterChain.java:162)
	at org.apache.catalina.core.StandardWrapperValve.invoke(StandardWrapperValve.java:197)
	at org.apache.catalina.core.StandardContextValve.invoke(StandardContextValve.java:97)
	at org.apache.catalina.authenticator.AuthenticatorBase.invoke(AuthenticatorBase.java:541)
	at org.apache.catalina.core.StandardHostValve.invoke(StandardHostValve.java:135)
	at org.apache.catalina.valves.ErrorReportValve.invoke(ErrorReportValve.java:92)
	at org.apache.catalina.core.StandardEngineValve.invoke(StandardEngineValve.java:78)
	at org.apache.catalina.connector.CoyoteAdapter.service(CoyoteAdapter.java:360)
	at org.apache.coyote.http11.Http11Processor.service(Http11Processor.java:399)
	at org.apache.coyote.AbstractProcessorLight.process(AbstractProcessorLight.java:65)
	at org.apache.coyote.AbstractProtocol$ConnectionHandler.process(AbstractProtocol.java:890)
	at org.apache.tomcat.util.net.NioEndpoint$SocketProcessor.doRun(NioEndpoint.java:1787)
	at org.apache.tomcat.util.net.SocketProcessorBase.run(SocketProcessorBase.java:49)
	at org.apache.tomcat.util.threads.ThreadPoolExecutor.runWorker(ThreadPoolExecutor.java:1191)
	at org.apache.tomcat.util.threads.ThreadPoolExecutor$Worker.run(ThreadPoolExecutor.java:659)
	at org.apache.tomcat.util.threads.TaskThread$WrappingRunnable.run(TaskThread.java:61)
	at java.lang.Thread.run(Thread.java:748)
Caused by: org.springframework.expression.spel.SpelEvaluationException: EL1011E: Method call: Attempted to call method getPages() on null context object
	at org.springframework.expression.spel.ast.MethodReference.throwIfNotNullSafe(MethodReference.java:154)
	at org.springframework.expression.spel.ast.MethodReference.getValueRef(MethodReference.java:83)
	at org.springframework.expression.spel.ast.CompoundExpression.getValueRef(CompoundExpression.java:70)
	at org.springframework.expression.spel.ast.CompoundExpression.getValueInternal(CompoundExpression.java:91)
	at org.springframework.expression.spel.ast.SpelNodeImpl.getValue(SpelNodeImpl.java:112)
	at org.springframework.expression.spel.standard.SpelExpression.getValue(SpelExpression.java:338)
	at org.thymeleaf.spring5.expression.SPELVariableExpressionEvaluator.evaluate(SPELVariableExpressionEvaluator.java:265)
	... 64 common frames omitted

2022-07-07 13:59:43.456 ERROR 17044 --- [http-nio-8080-exec-1] o.a.c.c.C.[.[.[/].[dispatcherServlet]    : Servlet.service() for servlet [dispatcherServlet] in context with path [] threw exception [Request processing failed; nested exception is org.thymeleaf.exceptions.TemplateProcessingException: Exception evaluating SpringEL expression: "pageInfo.getPages()" (template: "index" - line 72, col 31)] with root cause

org.springframework.expression.spel.SpelEvaluationException: EL1011E: Method call: Attempted to call method getPages() on null context object
	at org.springframework.expression.spel.ast.MethodReference.throwIfNotNullSafe(MethodReference.java:154)
	at org.springframework.expression.spel.ast.MethodReference.getValueRef(MethodReference.java:83)
	at org.springframework.expression.spel.ast.CompoundExpression.getValueRef(CompoundExpression.java:70)
	at org.springframework.expression.spel.ast.CompoundExpression.getValueInternal(CompoundExpression.java:91)
	at org.springframework.expression.spel.ast.SpelNodeImpl.getValue(SpelNodeImpl.java:112)
	at org.springframework.expression.spel.standard.SpelExpression.getValue(SpelExpression.java:338)
	at org.thymeleaf.spring5.expression.SPELVariableExpressionEvaluator.evaluate(SPELVariableExpressionEvaluator.java:265)
	at org.thymeleaf.standard.expression.VariableExpression.executeVariableExpression(VariableExpression.java:166)
	at org.thymeleaf.standard.expression.SimpleExpression.executeSimple(SimpleExpression.java:66)
	at org.thymeleaf.standard.expression.Expression.execute(Expression.java:109)
	at org.thymeleaf.standard.expression.AdditionExpression.executeAddition(AdditionExpression.java:96)
	at org.thymeleaf.standard.expression.ComplexExpression.executeComplex(ComplexExpression.java:62)
	at org.thymeleaf.standard.expression.Expression.execute(Expression.java:112)
	at org.thymeleaf.standard.expression.AdditionExpression.executeAddition(AdditionExpression.java:89)
	at org.thymeleaf.standard.expression.ComplexExpression.executeComplex(ComplexExpression.java:62)
	at org.thymeleaf.standard.expression.Expression.execute(Expression.java:112)
	at org.thymeleaf.standard.expression.Expression.execute(Expression.java:138)
	at org.thymeleaf.standard.processor.AbstractStandardExpressionAttributeTagProcessor.doProcess(AbstractStandardExpressionAttributeTagProcessor.java:144)
	at org.thymeleaf.processor.element.AbstractAttributeTagProcessor.doProcess(AbstractAttributeTagProcessor.java:74)
	at org.thymeleaf.processor.element.AbstractElementTagProcessor.process(AbstractElementTagProcessor.java:95)
	at org.thymeleaf.util.ProcessorConfigurationUtils$ElementTagProcessorWrapper.process(ProcessorConfigurationUtils.java:633)
	at org.thymeleaf.engine.ProcessorTemplateHandler.handleOpenElement(ProcessorTemplateHandler.java:1314)
	at org.thymeleaf.engine.OpenElementTag.beHandled(OpenElementTag.java:205)
	at org.thymeleaf.engine.TemplateModel.process(TemplateModel.java:136)
	at org.thymeleaf.engine.TemplateManager.parseAndProcess(TemplateManager.java:592)
	at org.thymeleaf.TemplateEngine.process(TemplateEngine.java:1098)
	at org.thymeleaf.TemplateEngine.process(TemplateEngine.java:1072)
	at org.thymeleaf.spring5.view.ThymeleafView.renderFragment(ThymeleafView.java:366)
	at org.thymeleaf.spring5.view.ThymeleafView.render(ThymeleafView.java:190)
	at org.springframework.web.servlet.DispatcherServlet.render(DispatcherServlet.java:1401)
	at org.springframework.web.servlet.DispatcherServlet.processDispatchResult(DispatcherServlet.java:1145)
	at org.springframework.web.servlet.DispatcherServlet.doDispatch(DispatcherServlet.java:1084)
	at org.springframework.web.servlet.DispatcherServlet.doService(DispatcherServlet.java:963)
	at org.springframework.web.servlet.FrameworkServlet.processRequest(FrameworkServlet.java:1006)
	at org.springframework.web.servlet.FrameworkServlet.doGet(FrameworkServlet.java:898)
	at javax.servlet.http.HttpServlet.service(HttpServlet.java:655)
	at org.springframework.web.servlet.FrameworkServlet.service(FrameworkServlet.java:883)
	at javax.servlet.http.HttpServlet.service(HttpServlet.java:764)
	at org.apache.catalina.core.ApplicationFilterChain.internalDoFilter(ApplicationFilterChain.java:227)
	at org.apache.catalina.core.ApplicationFilterChain.doFilter(ApplicationFilterChain.java:162)
	at org.apache.tomcat.websocket.server.WsFilter.doFilter(WsFilter.java:53)
	at org.apache.catalina.core.ApplicationFilterChain.internalDoFilter(ApplicationFilterChain.java:189)
	at org.apache.catalina.core.ApplicationFilterChain.doFilter(ApplicationFilterChain.java:162)
	at org.springframework.web.filter.RequestContextFilter.doFilterInternal(RequestContextFilter.java:100)
	at org.springframework.web.filter.OncePerRequestFilter.doFilter(OncePerRequestFilter.java:117)
	at org.apache.catalina.core.ApplicationFilterChain.internalDoFilter(ApplicationFilterChain.java:189)
	at org.apache.catalina.core.ApplicationFilterChain.doFilter(ApplicationFilterChain.java:162)
	at org.springframework.web.filter.FormContentFilter.doFilterInternal(FormContentFilter.java:93)
	at org.springframework.web.filter.OncePerRequestFilter.doFilter(OncePerRequestFilter.java:117)
	at org.apache.catalina.core.ApplicationFilterChain.internalDoFilter(ApplicationFilterChain.java:189)
	at org.apache.catalina.core.ApplicationFilterChain.doFilter(ApplicationFilterChain.java:162)
	at org.springframework.web.filter.CharacterEncodingFilter.doFilterInternal(CharacterEncodingFilter.java:201)
	at org.springframework.web.filter.OncePerRequestFilter.doFilter(OncePerRequestFilter.java:117)
	at org.apache.catalina.core.ApplicationFilterChain.internalDoFilter(ApplicationFilterChain.java:189)
	at org.apache.catalina.core.ApplicationFilterChain.doFilter(ApplicationFilterChain.java:162)
	at org.apache.catalina.core.StandardWrapperValve.invoke(StandardWrapperValve.java:197)
	at org.apache.catalina.core.StandardContextValve.invoke(StandardContextValve.java:97)
	at org.apache.catalina.authenticator.AuthenticatorBase.invoke(AuthenticatorBase.java:541)
	at org.apache.catalina.core.StandardHostValve.invoke(StandardHostValve.java:135)
	at org.apache.catalina.valves.ErrorReportValve.invoke(ErrorReportValve.java:92)
	at org.apache.catalina.core.StandardEngineValve.invoke(StandardEngineValve.java:78)
	at org.apache.catalina.connector.CoyoteAdapter.service(CoyoteAdapter.java:360)
	at org.apache.coyote.http11.Http11Processor.service(Http11Processor.java:399)
	at org.apache.coyote.AbstractProcessorLight.process(AbstractProcessorLight.java:65)
	at org.apache.coyote.AbstractProtocol$ConnectionHandler.process(AbstractProtocol.java:890)
	at org.apache.tomcat.util.net.NioEndpoint$SocketProcessor.doRun(NioEndpoint.java:1787)
	at org.apache.tomcat.util.net.SocketProcessorBase.run(SocketProcessorBase.java:49)
	at org.apache.tomcat.util.threads.ThreadPoolExecutor.runWorker(ThreadPoolExecutor.java:1191)
	at org.apache.tomcat.util.threads.ThreadPoolExecutor$Worker.run(ThreadPoolExecutor.java:659)
	at org.apache.tomcat.util.threads.TaskThread$WrappingRunnable.run(TaskThread.java:61)
	at java.lang.Thread.run(Thread.java:748)

2022-07-07 13:59:43.459 ERROR 17044 --- [http-nio-8080-exec-1] s.e.ErrorMvcAutoConfiguration$StaticView : Cannot render error page for request [/] as the response has already been committed. As a result, the response may have the wrong status code.
