2022-06-28 15:38:25.407  INFO 26756 --- [main] com.jeff.BlogApplication                 : Starting BlogApplication using Java 1.8.0_302 on LAPTOP-4UBO5CM2 with PID 26756 (D:\work_space\IdeaProjects\Blog\target\classes started by Jeff in D:\work_space\IdeaProjects\Blog)
2022-06-28 15:38:25.409  INFO 26756 --- [main] com.jeff.BlogApplication                 : The following 1 profile is active: "dev"
2022-06-28 15:38:25.757  WARN 26756 --- [main] o.m.s.mapper.ClassPathMapperScanner      : No MyBatis mapper was found in '[com.jeff]' package. Please check your configuration.
2022-06-28 15:38:25.946  INFO 26756 --- [main] o.s.b.w.embedded.tomcat.TomcatWebServer  : Tomcat initialized with port(s): 8080 (http)
2022-06-28 15:38:25.952  INFO 26756 --- [main] o.apache.catalina.core.StandardService   : Starting service [Tomcat]
2022-06-28 15:38:25.953  INFO 26756 --- [main] org.apache.catalina.core.StandardEngine  : Starting Servlet engine: [Apache Tomcat/9.0.64]
2022-06-28 15:38:26.003  INFO 26756 --- [main] o.a.c.c.C.[Tomcat].[localhost].[/]       : Initializing Spring embedded WebApplicationContext
2022-06-28 15:38:26.003  INFO 26756 --- [main] w.s.c.ServletWebServerApplicationContext : Root WebApplicationContext: initialization completed in 569 ms
2022-06-28 15:38:26.110  INFO 26756 --- [main] o.s.b.a.w.s.WelcomePageHandlerMapping    : Adding welcome page template: index
2022-06-28 15:38:26.273  INFO 26756 --- [main] o.s.b.w.embedded.tomcat.TomcatWebServer  : Tomcat started on port(s): 8080 (http) with context path ''
2022-06-28 15:38:26.280  INFO 26756 --- [main] com.jeff.BlogApplication                 : Started BlogApplication in 1.159 seconds (JVM running for 1.593)
2022-06-28 15:38:41.388  INFO 30204 --- [main] com.jeff.BlogApplication                 : Starting BlogApplication using Java 1.8.0_302 on LAPTOP-4UBO5CM2 with PID 30204 (D:\work_space\IdeaProjects\Blog\target\classes started by Jeff in D:\work_space\IdeaProjects\Blog)
2022-06-28 15:38:41.390  INFO 30204 --- [main] com.jeff.BlogApplication                 : The following 1 profile is active: "dev"
2022-06-28 15:38:41.726  WARN 30204 --- [main] o.m.s.mapper.ClassPathMapperScanner      : No MyBatis mapper was found in '[com.jeff]' package. Please check your configuration.
2022-06-28 15:38:41.924  INFO 30204 --- [main] o.s.b.w.embedded.tomcat.TomcatWebServer  : Tomcat initialized with port(s): 8080 (http)
2022-06-28 15:38:41.929  INFO 30204 --- [main] o.apache.catalina.core.StandardService   : Starting service [Tomcat]
2022-06-28 15:38:41.929  INFO 30204 --- [main] org.apache.catalina.core.StandardEngine  : Starting Servlet engine: [Apache Tomcat/9.0.64]
2022-06-28 15:38:41.983  INFO 30204 --- [main] o.a.c.c.C.[Tomcat].[localhost].[/]       : Initializing Spring embedded WebApplicationContext
2022-06-28 15:38:41.983  INFO 30204 --- [main] w.s.c.ServletWebServerApplicationContext : Root WebApplicationContext: initialization completed in 572 ms
2022-06-28 15:38:42.088  INFO 30204 --- [main] o.s.b.a.w.s.WelcomePageHandlerMapping    : Adding welcome page template: index
2022-06-28 15:38:42.237  INFO 30204 --- [main] o.s.b.w.embedded.tomcat.TomcatWebServer  : Tomcat started on port(s): 8080 (http) with context path ''
2022-06-28 15:38:42.244  INFO 30204 --- [main] com.jeff.BlogApplication                 : Started BlogApplication in 1.13 seconds (JVM running for 1.572)
2022-06-28 15:39:06.168  INFO 30204 --- [http-nio-8080-exec-1] o.a.c.c.C.[Tomcat].[localhost].[/]       : Initializing Spring DispatcherServlet 'dispatcherServlet'
2022-06-28 15:39:06.168  INFO 30204 --- [http-nio-8080-exec-1] o.s.web.servlet.DispatcherServlet        : Initializing Servlet 'dispatcherServlet'
2022-06-28 15:39:06.169  INFO 30204 --- [http-nio-8080-exec-1] o.s.web.servlet.DispatcherServlet        : Completed initialization in 1 ms
2022-06-28 15:39:06.293  WARN 30204 --- [http-nio-8080-exec-3] o.s.web.servlet.PageNotFound             : No mapping for GET /assets/images/profile.png
2022-06-28 15:39:06.293  WARN 30204 --- [http-nio-8080-exec-4] o.s.web.servlet.PageNotFound             : No mapping for GET /assets/images/blog/blog-post-thumb-1.jpg
2022-06-28 15:39:06.293  WARN 30204 --- [http-nio-8080-exec-5] o.s.web.servlet.PageNotFound             : No mapping for GET /assets/images/blog/blog-post-thumb-4.jpg
2022-06-28 15:39:06.293  WARN 30204 --- [http-nio-8080-exec-7] o.s.web.servlet.PageNotFound             : No mapping for GET /assets/images/blog/blog-post-thumb-2.jpg
2022-06-28 15:39:06.293  WARN 30204 --- [http-nio-8080-exec-2] o.s.web.servlet.PageNotFound             : No mapping for GET /css/theme-1.css
2022-06-28 15:39:06.293  WARN 30204 --- [http-nio-8080-exec-6] o.s.web.servlet.PageNotFound             : No mapping for GET /assets/images/blog/blog-post-thumb-3.jpg
2022-06-28 15:39:06.336  WARN 30204 --- [http-nio-8080-exec-9] o.s.web.servlet.PageNotFound             : No mapping for GET /assets/images/blog/blog-post-thumb-6.jpg
2022-06-28 15:39:06.336  WARN 30204 --- [http-nio-8080-exec-8] o.s.web.servlet.PageNotFound             : No mapping for GET /assets/images/blog/blog-post-thumb-5.jpg
2022-06-28 15:39:06.336  WARN 30204 --- [http-nio-8080-exec-10] o.s.web.servlet.PageNotFound             : No mapping for GET /assets/plugins/jquery-3.3.1.min.js
2022-06-28 15:39:06.336  WARN 30204 --- [http-nio-8080-exec-1] o.s.web.servlet.PageNotFound             : No mapping for GET /assets/plugins/popper.min.js
2022-06-28 15:39:06.336  WARN 30204 --- [http-nio-8080-exec-3] o.s.web.servlet.PageNotFound             : No mapping for GET /assets/js/demo/style-switcher.js
2022-06-28 15:39:06.336  WARN 30204 --- [http-nio-8080-exec-6] o.s.web.servlet.PageNotFound             : No mapping for GET /assets/plugins/bootstrap/js/bootstrap.min.js
2022-06-28 15:40:39.106  WARN 30204 --- [http-nio-8080-exec-9] o.s.web.servlet.PageNotFound             : No mapping for GET /css/theme-1.css
2022-06-28 15:40:41.193  WARN 30204 --- [http-nio-8080-exec-10] o.s.web.servlet.PageNotFound             : No mapping for GET /css/theme-1.css
2022-06-28 15:40:41.193  WARN 30204 --- [http-nio-8080-exec-8] o.s.web.servlet.PageNotFound             : No mapping for GET /assets/images/profile.png
2022-06-28 15:40:41.218  WARN 30204 --- [http-nio-8080-exec-5] o.s.web.servlet.PageNotFound             : No mapping for GET /assets/js/demo/style-switcher.js
2022-06-28 15:40:41.218  WARN 30204 --- [http-nio-8080-exec-3] o.s.web.servlet.PageNotFound             : No mapping for GET /assets/plugins/jquery-3.3.1.min.js
2022-06-28 15:40:41.218  WARN 30204 --- [http-nio-8080-exec-7] o.s.web.servlet.PageNotFound             : No mapping for GET /assets/plugins/bootstrap/js/bootstrap.min.js
2022-06-28 15:40:41.218  WARN 30204 --- [http-nio-8080-exec-4] o.s.web.servlet.PageNotFound             : No mapping for GET /assets/plugins/popper.min.js
2022-06-28 15:40:41.219  WARN 30204 --- [http-nio-8080-exec-2] o.s.web.servlet.PageNotFound             : No mapping for GET /assets/images/blog/blog-post-thumb-2.jpg
2022-06-28 15:40:41.219  WARN 30204 --- [http-nio-8080-exec-1] o.s.web.servlet.PageNotFound             : No mapping for GET /assets/images/blog/blog-post-thumb-1.jpg
2022-06-28 15:40:41.225  WARN 30204 --- [http-nio-8080-exec-8] o.s.web.servlet.PageNotFound             : No mapping for GET /assets/images/blog/blog-post-thumb-5.jpg
2022-06-28 15:40:41.225  WARN 30204 --- [http-nio-8080-exec-9] o.s.web.servlet.PageNotFound             : No mapping for GET /assets/images/blog/blog-post-thumb-3.jpg
2022-06-28 15:40:41.225  WARN 30204 --- [http-nio-8080-exec-6] o.s.web.servlet.PageNotFound             : No mapping for GET /assets/images/blog/blog-post-thumb-4.jpg
2022-06-28 15:40:41.225  WARN 30204 --- [http-nio-8080-exec-10] o.s.web.servlet.PageNotFound             : No mapping for GET /assets/images/blog/blog-post-thumb-6.jpg
2022-06-28 15:42:32.484  INFO 8176 --- [main] com.jeff.BlogApplication                 : Starting BlogApplication using Java 1.8.0_302 on LAPTOP-4UBO5CM2 with PID 8176 (D:\work_space\IdeaProjects\Blog\target\classes started by Jeff in D:\work_space\IdeaProjects\Blog)
2022-06-28 15:42:32.485  INFO 8176 --- [main] com.jeff.BlogApplication                 : The following 1 profile is active: "dev"
2022-06-28 15:42:32.823  WARN 8176 --- [main] o.m.s.mapper.ClassPathMapperScanner      : No MyBatis mapper was found in '[com.jeff]' package. Please check your configuration.
2022-06-28 15:42:33.013  INFO 8176 --- [main] o.s.b.w.embedded.tomcat.TomcatWebServer  : Tomcat initialized with port(s): 8080 (http)
2022-06-28 15:42:33.018  INFO 8176 --- [main] o.apache.catalina.core.StandardService   : Starting service [Tomcat]
2022-06-28 15:42:33.018  INFO 8176 --- [main] org.apache.catalina.core.StandardEngine  : Starting Servlet engine: [Apache Tomcat/9.0.64]
2022-06-28 15:42:33.068  INFO 8176 --- [main] o.a.c.c.C.[Tomcat].[localhost].[/]       : Initializing Spring embedded WebApplicationContext
2022-06-28 15:42:33.069  INFO 8176 --- [main] w.s.c.ServletWebServerApplicationContext : Root WebApplicationContext: initialization completed in 563 ms
2022-06-28 15:42:33.174  INFO 8176 --- [main] o.s.b.a.w.s.WelcomePageHandlerMapping    : Adding welcome page template: index
2022-06-28 15:42:33.326  INFO 8176 --- [main] o.s.b.w.embedded.tomcat.TomcatWebServer  : Tomcat started on port(s): 8080 (http) with context path ''
2022-06-28 15:42:33.332  INFO 8176 --- [main] com.jeff.BlogApplication                 : Started BlogApplication in 1.182 seconds (JVM running for 1.699)
2022-06-28 15:42:35.778  INFO 8176 --- [http-nio-8080-exec-1] o.a.c.c.C.[Tomcat].[localhost].[/]       : Initializing Spring DispatcherServlet 'dispatcherServlet'
2022-06-28 15:42:35.778  INFO 8176 --- [http-nio-8080-exec-1] o.s.web.servlet.DispatcherServlet        : Initializing Servlet 'dispatcherServlet'
2022-06-28 15:42:35.779  INFO 8176 --- [http-nio-8080-exec-1] o.s.web.servlet.DispatcherServlet        : Completed initialization in 1 ms
2022-06-28 15:42:35.961  WARN 8176 --- [http-nio-8080-exec-2] o.s.web.servlet.PageNotFound             : No mapping for GET /css/theme-1.css
2022-06-28 15:42:35.961  WARN 8176 --- [http-nio-8080-exec-3] o.s.web.servlet.PageNotFound             : No mapping for GET /assets/images/profile.png
2022-06-28 15:42:35.984  WARN 8176 --- [http-nio-8080-exec-4] o.s.web.servlet.PageNotFound             : No mapping for GET /assets/plugins/jquery-3.3.1.min.js
2022-06-28 15:42:35.984  WARN 8176 --- [http-nio-8080-exec-5] o.s.web.servlet.PageNotFound             : No mapping for GET /assets/plugins/popper.min.js
2022-06-28 15:42:35.985  WARN 8176 --- [http-nio-8080-exec-6] o.s.web.servlet.PageNotFound             : No mapping for GET /assets/plugins/bootstrap/js/bootstrap.min.js
2022-06-28 15:42:35.985  WARN 8176 --- [http-nio-8080-exec-7] o.s.web.servlet.PageNotFound             : No mapping for GET /assets/js/demo/style-switcher.js
2022-06-28 15:42:36.020  WARN 8176 --- [http-nio-8080-exec-9] o.s.web.servlet.PageNotFound             : No mapping for GET /assets/images/blog/blog-post-thumb-2.jpg
2022-06-28 15:42:36.020  WARN 8176 --- [http-nio-8080-exec-3] o.s.web.servlet.PageNotFound             : No mapping for GET /assets/images/blog/blog-post-thumb-5.jpg
2022-06-28 15:42:36.020  WARN 8176 --- [http-nio-8080-exec-6] o.s.web.servlet.PageNotFound             : No mapping for GET /assets/images/blog/blog-post-thumb-6.jpg
2022-06-28 15:42:36.020  WARN 8176 --- [http-nio-8080-exec-8] o.s.web.servlet.PageNotFound             : No mapping for GET /assets/images/blog/blog-post-thumb-1.jpg
2022-06-28 15:42:36.020  WARN 8176 --- [http-nio-8080-exec-1] o.s.web.servlet.PageNotFound             : No mapping for GET /assets/images/blog/blog-post-thumb-4.jpg
2022-06-28 15:42:36.020  WARN 8176 --- [http-nio-8080-exec-10] o.s.web.servlet.PageNotFound             : No mapping for GET /assets/images/blog/blog-post-thumb-3.jpg
2022-06-28 15:43:03.221  WARN 8176 --- [http-nio-8080-exec-4] o.s.web.servlet.PageNotFound             : No mapping for GET /css/theme-1.css
2022-06-28 15:43:45.640  WARN 8176 --- [http-nio-8080-exec-1] o.s.web.servlet.PageNotFound             : No mapping for GET /css/theme-1.css
2022-06-28 15:43:47.755  WARN 8176 --- [http-nio-8080-exec-3] o.s.web.servlet.PageNotFound             : No mapping for GET /assets/images/profile.png
2022-06-28 15:43:47.755  WARN 8176 --- [http-nio-8080-exec-8] o.s.web.servlet.PageNotFound             : No mapping for GET /css/theme-1.css
2022-06-28 15:43:47.778  WARN 8176 --- [http-nio-8080-exec-7] o.s.web.servlet.PageNotFound             : No mapping for GET /assets/js/demo/style-switcher.js
2022-06-28 15:43:47.778  WARN 8176 --- [http-nio-8080-exec-10] o.s.web.servlet.PageNotFound             : No mapping for GET /assets/plugins/popper.min.js
2022-06-28 15:43:47.778  WARN 8176 --- [http-nio-8080-exec-9] o.s.web.servlet.PageNotFound             : No mapping for GET /assets/images/blog/blog-post-thumb-1.jpg
2022-06-28 15:43:47.778  WARN 8176 --- [http-nio-8080-exec-5] o.s.web.servlet.PageNotFound             : No mapping for GET /assets/plugins/bootstrap/js/bootstrap.min.js
2022-06-28 15:43:47.778  WARN 8176 --- [http-nio-8080-exec-4] o.s.web.servlet.PageNotFound             : No mapping for GET /assets/plugins/jquery-3.3.1.min.js
2022-06-28 15:43:47.778  WARN 8176 --- [http-nio-8080-exec-2] o.s.web.servlet.PageNotFound             : No mapping for GET /assets/images/blog/blog-post-thumb-2.jpg
2022-06-28 15:43:47.787  WARN 8176 --- [http-nio-8080-exec-6] o.s.web.servlet.PageNotFound             : No mapping for GET /assets/images/blog/blog-post-thumb-4.jpg
2022-06-28 15:43:47.787  WARN 8176 --- [http-nio-8080-exec-8] o.s.web.servlet.PageNotFound             : No mapping for GET /assets/images/blog/blog-post-thumb-5.jpg
2022-06-28 15:43:47.787  WARN 8176 --- [http-nio-8080-exec-3] o.s.web.servlet.PageNotFound             : No mapping for GET /assets/images/blog/blog-post-thumb-6.jpg
2022-06-28 15:43:47.787  WARN 8176 --- [http-nio-8080-exec-1] o.s.web.servlet.PageNotFound             : No mapping for GET /assets/images/blog/blog-post-thumb-3.jpg
2022-06-28 15:44:01.882  WARN 8176 --- [http-nio-8080-exec-4] o.s.web.servlet.PageNotFound             : No mapping for GET /css/theme-1.css
2022-06-28 15:44:01.903  WARN 8176 --- [http-nio-8080-exec-2] o.s.web.servlet.PageNotFound             : No mapping for GET /assets/plugins/jquery-3.3.1.min.js
2022-06-28 15:44:01.904  WARN 8176 --- [http-nio-8080-exec-5] o.s.web.servlet.PageNotFound             : No mapping for GET /assets/js/demo/style-switcher.js
2022-06-28 15:44:01.904  WARN 8176 --- [http-nio-8080-exec-10] o.s.web.servlet.PageNotFound             : No mapping for GET /assets/plugins/popper.min.js
2022-06-28 15:44:01.904  WARN 8176 --- [http-nio-8080-exec-9] o.s.web.servlet.PageNotFound             : No mapping for GET /assets/plugins/bootstrap/js/bootstrap.min.js
2022-06-28 15:44:01.904  WARN 8176 --- [http-nio-8080-exec-1] o.s.web.servlet.PageNotFound             : No mapping for GET /assets/images/blog/blog-post-thumb-1.jpg
2022-06-28 15:44:01.904  WARN 8176 --- [http-nio-8080-exec-3] o.s.web.servlet.PageNotFound             : No mapping for GET /assets/images/profile.png
2022-06-28 15:44:01.909  WARN 8176 --- [http-nio-8080-exec-8] o.s.web.servlet.PageNotFound             : No mapping for GET /assets/images/blog/blog-post-thumb-2.jpg
2022-06-28 15:44:01.909  WARN 8176 --- [http-nio-8080-exec-4] o.s.web.servlet.PageNotFound             : No mapping for GET /assets/images/blog/blog-post-thumb-5.jpg
2022-06-28 15:44:01.909  WARN 8176 --- [http-nio-8080-exec-7] o.s.web.servlet.PageNotFound             : No mapping for GET /assets/images/blog/blog-post-thumb-4.jpg
2022-06-28 15:44:01.909  WARN 8176 --- [http-nio-8080-exec-1] o.s.web.servlet.PageNotFound             : No mapping for GET /assets/images/blog/blog-post-thumb-6.jpg
2022-06-28 15:44:01.909  WARN 8176 --- [http-nio-8080-exec-6] o.s.web.servlet.PageNotFound             : No mapping for GET /assets/images/blog/blog-post-thumb-3.jpg
2022-06-28 15:44:08.718  WARN 8176 --- [http-nio-8080-exec-2] o.s.web.servlet.PageNotFound             : No mapping for GET /favicon.ico
2022-06-28 15:44:57.279  INFO 24400 --- [main] com.jeff.BlogApplication                 : Starting BlogApplication using Java 1.8.0_302 on LAPTOP-4UBO5CM2 with PID 24400 (D:\work_space\IdeaProjects\Blog\target\classes started by Jeff in D:\work_space\IdeaProjects\Blog)
2022-06-28 15:44:57.282  INFO 24400 --- [main] com.jeff.BlogApplication                 : The following 1 profile is active: "dev"
2022-06-28 15:44:57.619  WARN 24400 --- [main] o.m.s.mapper.ClassPathMapperScanner      : No MyBatis mapper was found in '[com.jeff]' package. Please check your configuration.
2022-06-28 15:44:57.801  INFO 24400 --- [main] o.s.b.w.embedded.tomcat.TomcatWebServer  : Tomcat initialized with port(s): 8080 (http)
2022-06-28 15:44:57.806  INFO 24400 --- [main] o.apache.catalina.core.StandardService   : Starting service [Tomcat]
2022-06-28 15:44:57.807  INFO 24400 --- [main] org.apache.catalina.core.StandardEngine  : Starting Servlet engine: [Apache Tomcat/9.0.64]
2022-06-28 15:44:57.857  INFO 24400 --- [main] o.a.c.c.C.[Tomcat].[localhost].[/]       : Initializing Spring embedded WebApplicationContext
2022-06-28 15:44:57.858  INFO 24400 --- [main] w.s.c.ServletWebServerApplicationContext : Root WebApplicationContext: initialization completed in 553 ms
2022-06-28 15:44:57.969  INFO 24400 --- [main] o.s.b.a.w.s.WelcomePageHandlerMapping    : Adding welcome page template: index
2022-06-28 15:44:58.125  INFO 24400 --- [main] o.s.b.w.embedded.tomcat.TomcatWebServer  : Tomcat started on port(s): 8080 (http) with context path ''
2022-06-28 15:44:58.132  INFO 24400 --- [main] com.jeff.BlogApplication                 : Started BlogApplication in 1.122 seconds (JVM running for 1.548)
2022-06-28 15:45:00.456  INFO 24400 --- [http-nio-8080-exec-1] o.a.c.c.C.[Tomcat].[localhost].[/]       : Initializing Spring DispatcherServlet 'dispatcherServlet'
2022-06-28 15:45:00.456  INFO 24400 --- [http-nio-8080-exec-1] o.s.web.servlet.DispatcherServlet        : Initializing Servlet 'dispatcherServlet'
2022-06-28 15:45:00.458  INFO 24400 --- [http-nio-8080-exec-1] o.s.web.servlet.DispatcherServlet        : Completed initialization in 2 ms
2022-06-28 15:45:00.641  WARN 24400 --- [http-nio-8080-exec-3] o.s.web.servlet.PageNotFound             : No mapping for GET /css/theme-1.css
2022-06-28 15:45:00.641  WARN 24400 --- [http-nio-8080-exec-2] o.s.web.servlet.PageNotFound             : No mapping for GET /images/profile.png
2022-06-28 15:45:00.660  WARN 24400 --- [http-nio-8080-exec-5] o.s.web.servlet.PageNotFound             : No mapping for GET /assets/plugins/popper.min.js
2022-06-28 15:45:00.660  WARN 24400 --- [http-nio-8080-exec-6] o.s.web.servlet.PageNotFound             : No mapping for GET /assets/plugins/bootstrap/js/bootstrap.min.js
2022-06-28 15:45:00.660  WARN 24400 --- [http-nio-8080-exec-9] o.s.web.servlet.PageNotFound             : No mapping for GET /assets/js/demo/style-switcher.js
2022-06-28 15:45:00.660  WARN 24400 --- [http-nio-8080-exec-4] o.s.web.servlet.PageNotFound             : No mapping for GET /assets/plugins/jquery-3.3.1.min.js
2022-06-28 15:45:00.704  WARN 24400 --- [http-nio-8080-exec-10] o.s.web.servlet.PageNotFound             : No mapping for GET /assets/images/blog/blog-post-thumb-3.jpg
2022-06-28 15:45:00.704  WARN 24400 --- [http-nio-8080-exec-9] o.s.web.servlet.PageNotFound             : No mapping for GET /assets/images/blog/blog-post-thumb-6.jpg
2022-06-28 15:45:00.704  WARN 24400 --- [http-nio-8080-exec-7] o.s.web.servlet.PageNotFound             : No mapping for GET /assets/images/blog/blog-post-thumb-2.jpg
2022-06-28 15:45:00.704  WARN 24400 --- [http-nio-8080-exec-1] o.s.web.servlet.PageNotFound             : No mapping for GET /assets/images/blog/blog-post-thumb-4.jpg
2022-06-28 15:45:00.704  WARN 24400 --- [http-nio-8080-exec-8] o.s.web.servlet.PageNotFound             : No mapping for GET /assets/images/blog/blog-post-thumb-1.jpg
2022-06-28 15:45:00.704  WARN 24400 --- [http-nio-8080-exec-3] o.s.web.servlet.PageNotFound             : No mapping for GET /assets/images/blog/blog-post-thumb-5.jpg
2022-06-28 15:46:19.174  WARN 24400 --- [http-nio-8080-exec-8] o.s.web.servlet.PageNotFound             : No mapping for GET /images/blogblog-post-banner.jpg
2022-06-28 15:46:24.899  WARN 24400 --- [http-nio-8080-exec-3] o.s.web.servlet.PageNotFound             : No mapping for GET /images/blog/blog-post-banner.jpg
2022-06-28 15:48:17.767  INFO 29944 --- [main] com.jeff.BlogApplication                 : Starting BlogApplication using Java 1.8.0_302 on LAPTOP-4UBO5CM2 with PID 29944 (D:\work_space\IdeaProjects\Blog\target\classes started by Jeff in D:\work_space\IdeaProjects\Blog)
2022-06-28 15:48:17.768  INFO 29944 --- [main] com.jeff.BlogApplication                 : The following 1 profile is active: "dev"
2022-06-28 15:48:18.105  WARN 29944 --- [main] o.m.s.mapper.ClassPathMapperScanner      : No MyBatis mapper was found in '[com.jeff]' package. Please check your configuration.
2022-06-28 15:48:18.293  INFO 29944 --- [main] o.s.b.w.embedded.tomcat.TomcatWebServer  : Tomcat initialized with port(s): 8080 (http)
2022-06-28 15:48:18.297  INFO 29944 --- [main] o.apache.catalina.core.StandardService   : Starting service [Tomcat]
2022-06-28 15:48:18.298  INFO 29944 --- [main] org.apache.catalina.core.StandardEngine  : Starting Servlet engine: [Apache Tomcat/9.0.64]
2022-06-28 15:48:18.348  INFO 29944 --- [main] o.a.c.c.C.[Tomcat].[localhost].[/]       : Initializing Spring embedded WebApplicationContext
2022-06-28 15:48:18.348  INFO 29944 --- [main] w.s.c.ServletWebServerApplicationContext : Root WebApplicationContext: initialization completed in 558 ms
2022-06-28 15:48:18.462  INFO 29944 --- [main] o.s.b.a.w.s.WelcomePageHandlerMapping    : Adding welcome page template: index
2022-06-28 15:48:18.615  INFO 29944 --- [main] o.s.b.w.embedded.tomcat.TomcatWebServer  : Tomcat started on port(s): 8080 (http) with context path ''
2022-06-28 15:48:18.622  INFO 29944 --- [main] com.jeff.BlogApplication                 : Started BlogApplication in 1.126 seconds (JVM running for 1.559)
2022-06-28 15:48:25.069  INFO 7052 --- [main] com.jeff.BlogApplication                 : Starting BlogApplication using Java 1.8.0_302 on LAPTOP-4UBO5CM2 with PID 7052 (D:\work_space\IdeaProjects\Blog\target\classes started by Jeff in D:\work_space\IdeaProjects\Blog)
2022-06-28 15:48:25.070  INFO 7052 --- [main] com.jeff.BlogApplication                 : The following 1 profile is active: "dev"
2022-06-28 15:48:25.425  WARN 7052 --- [main] o.m.s.mapper.ClassPathMapperScanner      : No MyBatis mapper was found in '[com.jeff]' package. Please check your configuration.
2022-06-28 15:48:25.615  INFO 7052 --- [main] o.s.b.w.embedded.tomcat.TomcatWebServer  : Tomcat initialized with port(s): 8080 (http)
2022-06-28 15:48:25.620  INFO 7052 --- [main] o.apache.catalina.core.StandardService   : Starting service [Tomcat]
2022-06-28 15:48:25.620  INFO 7052 --- [main] org.apache.catalina.core.StandardEngine  : Starting Servlet engine: [Apache Tomcat/9.0.64]
2022-06-28 15:48:25.672  INFO 7052 --- [main] o.a.c.c.C.[Tomcat].[localhost].[/]       : Initializing Spring embedded WebApplicationContext
2022-06-28 15:48:25.672  INFO 7052 --- [main] w.s.c.ServletWebServerApplicationContext : Root WebApplicationContext: initialization completed in 580 ms
2022-06-28 15:48:25.779  INFO 7052 --- [main] o.s.b.a.w.s.WelcomePageHandlerMapping    : Adding welcome page template: index
2022-06-28 15:48:25.936  INFO 7052 --- [main] o.s.b.w.embedded.tomcat.TomcatWebServer  : Tomcat started on port(s): 8080 (http) with context path ''
2022-06-28 15:48:25.944  INFO 7052 --- [main] com.jeff.BlogApplication                 : Started BlogApplication in 1.145 seconds (JVM running for 1.585)
2022-06-28 15:48:31.011  INFO 7052 --- [http-nio-8080-exec-1] o.a.c.c.C.[Tomcat].[localhost].[/]       : Initializing Spring DispatcherServlet 'dispatcherServlet'
2022-06-28 15:48:31.011  INFO 7052 --- [http-nio-8080-exec-1] o.s.web.servlet.DispatcherServlet        : Initializing Servlet 'dispatcherServlet'
2022-06-28 15:48:31.011  INFO 7052 --- [http-nio-8080-exec-1] o.s.web.servlet.DispatcherServlet        : Completed initialization in 0 ms
2022-06-28 15:54:12.041  INFO 32472 --- [main] com.jeff.BlogApplication                 : Starting BlogApplication using Java 1.8.0_302 on LAPTOP-4UBO5CM2 with PID 32472 (D:\work_space\IdeaProjects\Blog\target\classes started by Jeff in D:\work_space\IdeaProjects\Blog)
2022-06-28 15:54:12.042  INFO 32472 --- [main] com.jeff.BlogApplication                 : The following 1 profile is active: "dev"
2022-06-28 15:54:12.380  WARN 32472 --- [main] o.m.s.mapper.ClassPathMapperScanner      : No MyBatis mapper was found in '[com.jeff]' package. Please check your configuration.
2022-06-28 15:54:12.559  INFO 32472 --- [main] o.s.b.w.embedded.tomcat.TomcatWebServer  : Tomcat initialized with port(s): 8080 (http)
2022-06-28 15:54:12.564  INFO 32472 --- [main] o.apache.catalina.core.StandardService   : Starting service [Tomcat]
2022-06-28 15:54:12.564  INFO 32472 --- [main] org.apache.catalina.core.StandardEngine  : Starting Servlet engine: [Apache Tomcat/9.0.64]
2022-06-28 15:54:12.616  INFO 32472 --- [main] o.a.c.c.C.[Tomcat].[localhost].[/]       : Initializing Spring embedded WebApplicationContext
2022-06-28 15:54:12.616  INFO 32472 --- [main] w.s.c.ServletWebServerApplicationContext : Root WebApplicationContext: initialization completed in 552 ms
2022-06-28 15:54:12.726  INFO 32472 --- [main] o.s.b.a.w.s.WelcomePageHandlerMapping    : Adding welcome page template: index
2022-06-28 15:54:12.879  INFO 32472 --- [main] o.s.b.w.embedded.tomcat.TomcatWebServer  : Tomcat started on port(s): 8080 (http) with context path ''
2022-06-28 15:54:12.886  INFO 32472 --- [main] com.jeff.BlogApplication                 : Started BlogApplication in 1.117 seconds (JVM running for 1.547)
2022-06-28 15:54:15.449  INFO 32472 --- [http-nio-8080-exec-1] o.a.c.c.C.[Tomcat].[localhost].[/]       : Initializing Spring DispatcherServlet 'dispatcherServlet'
2022-06-28 15:54:15.450  INFO 32472 --- [http-nio-8080-exec-1] o.s.web.servlet.DispatcherServlet        : Initializing Servlet 'dispatcherServlet'
2022-06-28 15:54:15.450  INFO 32472 --- [http-nio-8080-exec-1] o.s.web.servlet.DispatcherServlet        : Completed initialization in 0 ms
2022-06-28 15:56:04.510  INFO 3384 --- [main] com.jeff.BlogApplication                 : Starting BlogApplication using Java 1.8.0_302 on LAPTOP-4UBO5CM2 with PID 3384 (D:\work_space\IdeaProjects\Blog\target\classes started by Jeff in D:\work_space\IdeaProjects\Blog)
2022-06-28 15:56:04.511  INFO 3384 --- [main] com.jeff.BlogApplication                 : The following 1 profile is active: "dev"
2022-06-28 15:56:04.865  WARN 3384 --- [main] o.m.s.mapper.ClassPathMapperScanner      : No MyBatis mapper was found in '[com.jeff.mapper]' package. Please check your configuration.
2022-06-28 15:56:05.049  INFO 3384 --- [main] o.s.b.w.embedded.tomcat.TomcatWebServer  : Tomcat initialized with port(s): 8080 (http)
2022-06-28 15:56:05.054  INFO 3384 --- [main] o.apache.catalina.core.StandardService   : Starting service [Tomcat]
2022-06-28 15:56:05.054  INFO 3384 --- [main] org.apache.catalina.core.StandardEngine  : Starting Servlet engine: [Apache Tomcat/9.0.64]
2022-06-28 15:56:05.105  INFO 3384 --- [main] o.a.c.c.C.[Tomcat].[localhost].[/]       : Initializing Spring embedded WebApplicationContext
2022-06-28 15:56:05.105  INFO 3384 --- [main] w.s.c.ServletWebServerApplicationContext : Root WebApplicationContext: initialization completed in 568 ms
2022-06-28 15:56:05.212  INFO 3384 --- [main] o.s.b.a.w.s.WelcomePageHandlerMapping    : Adding welcome page template: index
2022-06-28 15:56:05.362  INFO 3384 --- [main] o.s.b.w.embedded.tomcat.TomcatWebServer  : Tomcat started on port(s): 8080 (http) with context path ''
2022-06-28 15:56:05.368  INFO 3384 --- [main] com.jeff.BlogApplication                 : Started BlogApplication in 1.131 seconds (JVM running for 1.554)
2022-06-28 15:56:38.865  INFO 8648 --- [main] com.jeff.BlogApplication                 : Starting BlogApplication using Java 1.8.0_302 on LAPTOP-4UBO5CM2 with PID 8648 (D:\work_space\IdeaProjects\Blog\target\classes started by Jeff in D:\work_space\IdeaProjects\Blog)
2022-06-28 15:56:38.867  INFO 8648 --- [main] com.jeff.BlogApplication                 : The following 1 profile is active: "dev"
2022-06-28 15:56:39.200  WARN 8648 --- [main] o.m.s.mapper.ClassPathMapperScanner      : No MyBatis mapper was found in '[com.jeff.mapper]' package. Please check your configuration.
2022-06-28 15:56:39.389  INFO 8648 --- [main] o.s.b.w.embedded.tomcat.TomcatWebServer  : Tomcat initialized with port(s): 8080 (http)
2022-06-28 15:56:39.393  INFO 8648 --- [main] o.apache.catalina.core.StandardService   : Starting service [Tomcat]
2022-06-28 15:56:39.394  INFO 8648 --- [main] org.apache.catalina.core.StandardEngine  : Starting Servlet engine: [Apache Tomcat/9.0.64]
2022-06-28 15:56:39.445  INFO 8648 --- [main] o.a.c.c.C.[Tomcat].[localhost].[/]       : Initializing Spring embedded WebApplicationContext
2022-06-28 15:56:39.445  INFO 8648 --- [main] w.s.c.ServletWebServerApplicationContext : Root WebApplicationContext: initialization completed in 551 ms
2022-06-28 15:56:39.551  INFO 8648 --- [main] o.s.b.a.w.s.WelcomePageHandlerMapping    : Adding welcome page template: index
2022-06-28 15:56:39.699  INFO 8648 --- [main] o.s.b.w.embedded.tomcat.TomcatWebServer  : Tomcat started on port(s): 8080 (http) with context path ''
2022-06-28 15:56:39.732  INFO 8648 --- [main] com.jeff.BlogApplication                 : Started BlogApplication in 1.119 seconds (JVM running for 1.572)
2022-06-28 15:57:48.200  INFO 11224 --- [main] com.jeff.BlogApplication                 : Starting BlogApplication using Java 1.8.0_302 on LAPTOP-4UBO5CM2 with PID 11224 (D:\work_space\IdeaProjects\Blog\target\classes started by Jeff in D:\work_space\IdeaProjects\Blog)
2022-06-28 15:57:48.202  INFO 11224 --- [main] com.jeff.BlogApplication                 : The following 1 profile is active: "dev"
2022-06-28 15:57:48.550  WARN 11224 --- [main] o.m.s.mapper.ClassPathMapperScanner      : No MyBatis mapper was found in '[com.jeff]' package. Please check your configuration.
2022-06-28 15:57:48.732  INFO 11224 --- [main] o.s.b.w.embedded.tomcat.TomcatWebServer  : Tomcat initialized with port(s): 8080 (http)
2022-06-28 15:57:48.736  INFO 11224 --- [main] o.apache.catalina.core.StandardService   : Starting service [Tomcat]
2022-06-28 15:57:48.736  INFO 11224 --- [main] org.apache.catalina.core.StandardEngine  : Starting Servlet engine: [Apache Tomcat/9.0.64]
2022-06-28 15:57:48.787  INFO 11224 --- [main] o.a.c.c.C.[Tomcat].[localhost].[/]       : Initializing Spring embedded WebApplicationContext
2022-06-28 15:57:48.788  INFO 11224 --- [main] w.s.c.ServletWebServerApplicationContext : Root WebApplicationContext: initialization completed in 562 ms
2022-06-28 15:57:48.893  INFO 11224 --- [main] o.s.b.a.w.s.WelcomePageHandlerMapping    : Adding welcome page template: index
2022-06-28 15:57:49.041  INFO 11224 --- [main] o.s.b.w.embedded.tomcat.TomcatWebServer  : Tomcat started on port(s): 8080 (http) with context path ''
2022-06-28 15:57:49.046  INFO 11224 --- [main] com.jeff.BlogApplication                 : Started BlogApplication in 1.113 seconds (JVM running for 1.541)
2022-06-28 15:58:21.885  INFO 15816 --- [main] com.jeff.BlogApplication                 : Starting BlogApplication using Java 1.8.0_302 on LAPTOP-4UBO5CM2 with PID 15816 (D:\work_space\IdeaProjects\Blog\target\classes started by Jeff in D:\work_space\IdeaProjects\Blog)
2022-06-28 15:58:21.887  INFO 15816 --- [main] com.jeff.BlogApplication                 : The following 1 profile is active: "dev"
2022-06-28 15:58:22.232  WARN 15816 --- [main] o.m.s.mapper.ClassPathMapperScanner      : No MyBatis mapper was found in '[com.jeff.mapper]' package. Please check your configuration.
2022-06-28 15:58:22.411  INFO 15816 --- [main] o.s.b.w.embedded.tomcat.TomcatWebServer  : Tomcat initialized with port(s): 8080 (http)
2022-06-28 15:58:22.416  INFO 15816 --- [main] o.apache.catalina.core.StandardService   : Starting service [Tomcat]
2022-06-28 15:58:22.416  INFO 15816 --- [main] org.apache.catalina.core.StandardEngine  : Starting Servlet engine: [Apache Tomcat/9.0.64]
2022-06-28 15:58:22.466  INFO 15816 --- [main] o.a.c.c.C.[Tomcat].[localhost].[/]       : Initializing Spring embedded WebApplicationContext
2022-06-28 15:58:22.466  INFO 15816 --- [main] w.s.c.ServletWebServerApplicationContext : Root WebApplicationContext: initialization completed in 551 ms
2022-06-28 15:58:22.571  INFO 15816 --- [main] o.s.b.a.w.s.WelcomePageHandlerMapping    : Adding welcome page template: index
2022-06-28 15:58:22.723  INFO 15816 --- [main] o.s.b.w.embedded.tomcat.TomcatWebServer  : Tomcat started on port(s): 8080 (http) with context path ''
2022-06-28 15:58:22.729  INFO 15816 --- [main] com.jeff.BlogApplication                 : Started BlogApplication in 1.116 seconds (JVM running for 1.535)
2022-06-28 16:01:24.304  INFO 2840 --- [main] com.jeff.BlogApplication                 : Starting BlogApplication using Java 1.8.0_302 on LAPTOP-4UBO5CM2 with PID 2840 (D:\work_space\IdeaProjects\Blog\target\classes started by Jeff in D:\work_space\IdeaProjects\Blog)
2022-06-28 16:01:24.305  INFO 2840 --- [main] com.jeff.BlogApplication                 : The following 1 profile is active: "dev"
2022-06-28 16:01:24.836  INFO 2840 --- [main] o.s.b.w.embedded.tomcat.TomcatWebServer  : Tomcat initialized with port(s): 8080 (http)
2022-06-28 16:01:24.841  INFO 2840 --- [main] o.apache.catalina.core.StandardService   : Starting service [Tomcat]
2022-06-28 16:01:24.841  INFO 2840 --- [main] org.apache.catalina.core.StandardEngine  : Starting Servlet engine: [Apache Tomcat/9.0.64]
2022-06-28 16:01:24.892  INFO 2840 --- [main] o.a.c.c.C.[Tomcat].[localhost].[/]       : Initializing Spring embedded WebApplicationContext
2022-06-28 16:01:24.892  INFO 2840 --- [main] w.s.c.ServletWebServerApplicationContext : Root WebApplicationContext: initialization completed in 561 ms
2022-06-28 16:01:24.994  INFO 2840 --- [main] o.s.b.a.w.s.WelcomePageHandlerMapping    : Adding welcome page template: index
2022-06-28 16:01:25.157  INFO 2840 --- [main] o.s.b.w.embedded.tomcat.TomcatWebServer  : Tomcat started on port(s): 8080 (http) with context path ''
2022-06-28 16:01:25.193  INFO 2840 --- [main] com.jeff.BlogApplication                 : Started BlogApplication in 1.165 seconds (JVM running for 1.573)
2022-06-28 16:02:25.184  INFO 32348 --- [main] com.jeff.BlogApplication                 : Starting BlogApplication using Java 1.8.0_302 on LAPTOP-4UBO5CM2 with PID 32348 (D:\work_space\IdeaProjects\Blog\target\classes started by Jeff in D:\work_space\IdeaProjects\Blog)
2022-06-28 16:02:25.185  INFO 32348 --- [main] com.jeff.BlogApplication                 : The following 1 profile is active: "dev"
2022-06-28 16:02:25.699  INFO 32348 --- [main] o.s.b.w.embedded.tomcat.TomcatWebServer  : Tomcat initialized with port(s): 8080 (http)
2022-06-28 16:02:25.704  INFO 32348 --- [main] o.apache.catalina.core.StandardService   : Starting service [Tomcat]
2022-06-28 16:02:25.704  INFO 32348 --- [main] org.apache.catalina.core.StandardEngine  : Starting Servlet engine: [Apache Tomcat/9.0.64]
2022-06-28 16:02:25.753  INFO 32348 --- [main] o.a.c.c.C.[Tomcat].[localhost].[/]       : Initializing Spring embedded WebApplicationContext
2022-06-28 16:02:25.753  INFO 32348 --- [main] w.s.c.ServletWebServerApplicationContext : Root WebApplicationContext: initialization completed in 543 ms
2022-06-28 16:02:25.860  INFO 32348 --- [main] o.s.b.a.w.s.WelcomePageHandlerMapping    : Adding welcome page template: index
2022-06-28 16:02:26.023  INFO 32348 --- [main] o.s.b.w.embedded.tomcat.TomcatWebServer  : Tomcat started on port(s): 8080 (http) with context path ''
2022-06-28 16:02:26.059  INFO 32348 --- [main] com.jeff.BlogApplication                 : Started BlogApplication in 1.149 seconds (JVM running for 1.638)
2022-06-28 16:08:19.431  INFO 9116 --- [main] com.jeff.BlogApplication                 : Starting BlogApplication using Java 1.8.0_302 on LAPTOP-4UBO5CM2 with PID 9116 (D:\work_space\IdeaProjects\Blog\target\classes started by Jeff in D:\work_space\IdeaProjects\Blog)
2022-06-28 16:08:19.432  INFO 9116 --- [main] com.jeff.BlogApplication                 : The following 1 profile is active: "dev"
2022-06-28 16:08:19.970  INFO 9116 --- [main] o.s.b.w.embedded.tomcat.TomcatWebServer  : Tomcat initialized with port(s): 8080 (http)
2022-06-28 16:08:19.975  INFO 9116 --- [main] o.apache.catalina.core.StandardService   : Starting service [Tomcat]
2022-06-28 16:08:19.975  INFO 9116 --- [main] org.apache.catalina.core.StandardEngine  : Starting Servlet engine: [Apache Tomcat/9.0.64]
2022-06-28 16:08:20.023  INFO 9116 --- [main] o.a.c.c.C.[Tomcat].[localhost].[/]       : Initializing Spring embedded WebApplicationContext
2022-06-28 16:08:20.023  INFO 9116 --- [main] w.s.c.ServletWebServerApplicationContext : Root WebApplicationContext: initialization completed in 566 ms
2022-06-28 16:08:20.130  INFO 9116 --- [main] o.s.b.a.w.s.WelcomePageHandlerMapping    : Adding welcome page template: index
2022-06-28 16:08:20.290  INFO 9116 --- [main] o.s.b.w.embedded.tomcat.TomcatWebServer  : Tomcat started on port(s): 8080 (http) with context path ''
2022-06-28 16:08:20.326  INFO 9116 --- [main] com.jeff.BlogApplication                 : Started BlogApplication in 1.167 seconds (JVM running for 1.591)
2022-06-28 16:08:27.404  INFO 9116 --- [http-nio-8080-exec-1] o.a.c.c.C.[Tomcat].[localhost].[/]       : Initializing Spring DispatcherServlet 'dispatcherServlet'
2022-06-28 16:08:27.404  INFO 9116 --- [http-nio-8080-exec-1] o.s.web.servlet.DispatcherServlet        : Initializing Servlet 'dispatcherServlet'
2022-06-28 16:08:27.405  INFO 9116 --- [http-nio-8080-exec-1] o.s.web.servlet.DispatcherServlet        : Completed initialization in 1 ms
2022-06-28 16:12:49.662  INFO 15968 --- [main] com.jeff.BlogApplication                 : Starting BlogApplication using Java 1.8.0_302 on LAPTOP-4UBO5CM2 with PID 15968 (D:\work_space\IdeaProjects\Blog\target\classes started by Jeff in D:\work_space\IdeaProjects\Blog)
2022-06-28 16:12:49.664  INFO 15968 --- [main] com.jeff.BlogApplication                 : The following 1 profile is active: "dev"
2022-06-28 16:12:50.203  INFO 15968 --- [main] o.s.b.w.embedded.tomcat.TomcatWebServer  : Tomcat initialized with port(s): 8080 (http)
2022-06-28 16:12:50.209  INFO 15968 --- [main] o.apache.catalina.core.StandardService   : Starting service [Tomcat]
2022-06-28 16:12:50.209  INFO 15968 --- [main] org.apache.catalina.core.StandardEngine  : Starting Servlet engine: [Apache Tomcat/9.0.64]
2022-06-28 16:12:50.264  INFO 15968 --- [main] o.a.c.c.C.[Tomcat].[localhost].[/]       : Initializing Spring embedded WebApplicationContext
2022-06-28 16:12:50.264  INFO 15968 --- [main] w.s.c.ServletWebServerApplicationContext : Root WebApplicationContext: initialization completed in 576 ms
2022-06-28 16:12:50.375  INFO 15968 --- [main] o.s.b.a.w.s.WelcomePageHandlerMapping    : Adding welcome page template: index
2022-06-28 16:12:50.547  INFO 15968 --- [main] o.s.b.w.embedded.tomcat.TomcatWebServer  : Tomcat started on port(s): 8080 (http) with context path ''
2022-06-28 16:12:50.585  INFO 15968 --- [main] com.jeff.BlogApplication                 : Started BlogApplication in 1.216 seconds (JVM running for 1.677)
2022-06-28 16:12:54.885  INFO 15968 --- [http-nio-8080-exec-3] o.a.c.c.C.[Tomcat].[localhost].[/]       : Initializing Spring DispatcherServlet 'dispatcherServlet'
2022-06-28 16:12:54.885  INFO 15968 --- [http-nio-8080-exec-3] o.s.web.servlet.DispatcherServlet        : Initializing Servlet 'dispatcherServlet'
2022-06-28 16:12:54.886  INFO 15968 --- [http-nio-8080-exec-3] o.s.web.servlet.DispatcherServlet        : Completed initialization in 1 ms
2022-06-28 16:14:03.778  INFO 18256 --- [main] com.jeff.BlogApplication                 : Starting BlogApplication using Java 1.8.0_302 on LAPTOP-4UBO5CM2 with PID 18256 (D:\work_space\IdeaProjects\Blog\target\classes started by Jeff in D:\work_space\IdeaProjects\Blog)
2022-06-28 16:14:03.780  INFO 18256 --- [main] com.jeff.BlogApplication                 : The following 1 profile is active: "dev"
2022-06-28 16:14:04.353  INFO 18256 --- [main] o.s.b.w.embedded.tomcat.TomcatWebServer  : Tomcat initialized with port(s): 8080 (http)
2022-06-28 16:14:04.358  INFO 18256 --- [main] o.apache.catalina.core.StandardService   : Starting service [Tomcat]
2022-06-28 16:14:04.359  INFO 18256 --- [main] org.apache.catalina.core.StandardEngine  : Starting Servlet engine: [Apache Tomcat/9.0.64]
2022-06-28 16:14:04.409  INFO 18256 --- [main] o.a.c.c.C.[Tomcat].[localhost].[/]       : Initializing Spring embedded WebApplicationContext
2022-06-28 16:14:04.409  INFO 18256 --- [main] w.s.c.ServletWebServerApplicationContext : Root WebApplicationContext: initialization completed in 603 ms
2022-06-28 16:14:04.517  INFO 18256 --- [main] o.s.b.a.w.s.WelcomePageHandlerMapping    : Adding welcome page template: index
2022-06-28 16:14:04.683  INFO 18256 --- [main] o.s.b.w.embedded.tomcat.TomcatWebServer  : Tomcat started on port(s): 8080 (http) with context path ''
2022-06-28 16:14:04.717  INFO 18256 --- [main] com.jeff.BlogApplication                 : Started BlogApplication in 1.227 seconds (JVM running for 1.682)
2022-06-28 16:14:07.202  INFO 18256 --- [http-nio-8080-exec-1] o.a.c.c.C.[Tomcat].[localhost].[/]       : Initializing Spring DispatcherServlet 'dispatcherServlet'
2022-06-28 16:14:07.203  INFO 18256 --- [http-nio-8080-exec-1] o.s.web.servlet.DispatcherServlet        : Initializing Servlet 'dispatcherServlet'
2022-06-28 16:14:07.203  INFO 18256 --- [http-nio-8080-exec-1] o.s.web.servlet.DispatcherServlet        : Completed initialization in 0 ms
2022-06-28 16:14:35.865  INFO 22872 --- [main] com.jeff.BlogApplication                 : Starting BlogApplication using Java 1.8.0_302 on LAPTOP-4UBO5CM2 with PID 22872 (D:\work_space\IdeaProjects\Blog\target\classes started by Jeff in D:\work_space\IdeaProjects\Blog)
2022-06-28 16:14:35.867  INFO 22872 --- [main] com.jeff.BlogApplication                 : The following 1 profile is active: "dev"
2022-06-28 16:14:36.395  INFO 22872 --- [main] o.s.b.w.embedded.tomcat.TomcatWebServer  : Tomcat initialized with port(s): 8080 (http)
2022-06-28 16:14:36.401  INFO 22872 --- [main] o.apache.catalina.core.StandardService   : Starting service [Tomcat]
2022-06-28 16:14:36.401  INFO 22872 --- [main] org.apache.catalina.core.StandardEngine  : Starting Servlet engine: [Apache Tomcat/9.0.64]
2022-06-28 16:14:36.454  INFO 22872 --- [main] o.a.c.c.C.[Tomcat].[localhost].[/]       : Initializing Spring embedded WebApplicationContext
2022-06-28 16:14:36.454  INFO 22872 --- [main] w.s.c.ServletWebServerApplicationContext : Root WebApplicationContext: initialization completed in 561 ms
2022-06-28 16:14:36.565  INFO 22872 --- [main] o.s.b.a.w.s.WelcomePageHandlerMapping    : Adding welcome page template: index
2022-06-28 16:14:36.740  INFO 22872 --- [main] o.s.b.w.embedded.tomcat.TomcatWebServer  : Tomcat started on port(s): 8080 (http) with context path ''
2022-06-28 16:14:36.778  INFO 22872 --- [main] com.jeff.BlogApplication                 : Started BlogApplication in 1.188 seconds (JVM running for 1.622)
2022-06-28 16:14:38.332  INFO 22872 --- [http-nio-8080-exec-1] o.a.c.c.C.[Tomcat].[localhost].[/]       : Initializing Spring DispatcherServlet 'dispatcherServlet'
2022-06-28 16:14:38.332  INFO 22872 --- [http-nio-8080-exec-1] o.s.web.servlet.DispatcherServlet        : Initializing Servlet 'dispatcherServlet'
2022-06-28 16:14:38.333  INFO 22872 --- [http-nio-8080-exec-1] o.s.web.servlet.DispatcherServlet        : Completed initialization in 1 ms
2022-06-28 16:16:06.334  INFO 28972 --- [main] com.jeff.BlogApplication                 : Starting BlogApplication using Java 1.8.0_302 on LAPTOP-4UBO5CM2 with PID 28972 (D:\work_space\IdeaProjects\Blog\target\classes started by Jeff in D:\work_space\IdeaProjects\Blog)
2022-06-28 16:16:06.335  INFO 28972 --- [main] com.jeff.BlogApplication                 : The following 1 profile is active: "dev"
2022-06-28 16:16:06.878  INFO 28972 --- [main] o.s.b.w.embedded.tomcat.TomcatWebServer  : Tomcat initialized with port(s): 8080 (http)
2022-06-28 16:16:06.883  INFO 28972 --- [main] o.apache.catalina.core.StandardService   : Starting service [Tomcat]
2022-06-28 16:16:06.883  INFO 28972 --- [main] org.apache.catalina.core.StandardEngine  : Starting Servlet engine: [Apache Tomcat/9.0.64]
2022-06-28 16:16:06.932  INFO 28972 --- [main] o.a.c.c.C.[Tomcat].[localhost].[/]       : Initializing Spring embedded WebApplicationContext
2022-06-28 16:16:06.933  INFO 28972 --- [main] w.s.c.ServletWebServerApplicationContext : Root WebApplicationContext: initialization completed in 571 ms
2022-06-28 16:16:07.037  INFO 28972 --- [main] o.s.b.a.w.s.WelcomePageHandlerMapping    : Adding welcome page template: index
2022-06-28 16:16:07.200  INFO 28972 --- [main] o.s.b.w.embedded.tomcat.TomcatWebServer  : Tomcat started on port(s): 8080 (http) with context path ''
2022-06-28 16:16:07.237  INFO 28972 --- [main] com.jeff.BlogApplication                 : Started BlogApplication in 1.181 seconds (JVM running for 1.628)
2022-06-28 16:16:10.438  INFO 28972 --- [http-nio-8080-exec-1] o.a.c.c.C.[Tomcat].[localhost].[/]       : Initializing Spring DispatcherServlet 'dispatcherServlet'
2022-06-28 16:16:10.439  INFO 28972 --- [http-nio-8080-exec-1] o.s.web.servlet.DispatcherServlet        : Initializing Servlet 'dispatcherServlet'
2022-06-28 16:16:10.439  INFO 28972 --- [http-nio-8080-exec-1] o.s.web.servlet.DispatcherServlet        : Completed initialization in 0 ms
