2022-07-02 10:49:42.960  INFO 13044 --- [main] com.jeff.BlogApplication                 : Starting BlogApplication using Java 1.8.0_302 on LAPTOP-4UBO5CM2 with PID 13044 (D:\work_space\IdeaProjects\Blog\target\classes started by Jeff in D:\work_space\IdeaProjects\Blog)
2022-07-02 10:49:42.961  INFO 13044 --- [main] com.jeff.BlogApplication                 : The following 1 profile is active: "dev"
2022-07-02 10:49:43.476  INFO 13044 --- [main] o.s.b.w.embedded.tomcat.TomcatWebServer  : Tomcat initialized with port(s): 8080 (http)
2022-07-02 10:49:43.481  INFO 13044 --- [main] o.apache.catalina.core.StandardService   : Starting service [Tomcat]
2022-07-02 10:49:43.481  INFO 13044 --- [main] org.apache.catalina.core.StandardEngine  : Starting Servlet engine: [Apache Tomcat/9.0.64]
2022-07-02 10:49:43.528  INFO 13044 --- [main] o.a.c.c.C.[Tomcat].[localhost].[/]       : Initializing Spring embedded WebApplicationContext
2022-07-02 10:49:43.528  INFO 13044 --- [main] w.s.c.ServletWebServerApplicationContext : Root WebApplicationContext: initialization completed in 543 ms
2022-07-02 10:49:43.712  INFO 13044 --- [main] o.s.b.a.w.s.WelcomePageHandlerMapping    : Adding welcome page template: index
2022-07-02 10:49:43.858  INFO 13044 --- [main] o.s.b.w.embedded.tomcat.TomcatWebServer  : Tomcat started on port(s): 8080 (http) with context path ''
2022-07-02 10:49:43.864  INFO 13044 --- [main] com.jeff.BlogApplication                 : Started BlogApplication in 1.169 seconds (JVM running for 1.612)
2022-07-02 10:49:54.016  INFO 13044 --- [http-nio-8080-exec-1] o.a.c.c.C.[Tomcat].[localhost].[/]       : Initializing Spring DispatcherServlet 'dispatcherServlet'
2022-07-02 10:49:54.017  INFO 13044 --- [http-nio-8080-exec-1] o.s.web.servlet.DispatcherServlet        : Initializing Servlet 'dispatcherServlet'
2022-07-02 10:49:54.018  INFO 13044 --- [http-nio-8080-exec-1] o.s.web.servlet.DispatcherServlet        : Completed initialization in 1 ms
2022-07-02 10:49:54.061  INFO 13044 --- [http-nio-8080-exec-1] com.zaxxer.hikari.HikariDataSource       : HikariPool-1 - Starting...
2022-07-02 10:49:54.289  INFO 13044 --- [http-nio-8080-exec-1] com.zaxxer.hikari.HikariDataSource       : HikariPool-1 - Start completed.
2022-07-02 11:10:31.892  INFO 32056 --- [main] com.jeff.BlogApplication                 : Starting BlogApplication using Java 1.8.0_302 on LAPTOP-4UBO5CM2 with PID 32056 (D:\work_space\IdeaProjects\Blog\target\classes started by Jeff in D:\work_space\IdeaProjects\Blog)
2022-07-02 11:10:31.894  INFO 32056 --- [main] com.jeff.BlogApplication                 : The following 1 profile is active: "dev"
2022-07-02 11:10:32.424  INFO 32056 --- [main] o.s.b.w.embedded.tomcat.TomcatWebServer  : Tomcat initialized with port(s): 8080 (http)
2022-07-02 11:10:32.429  INFO 32056 --- [main] o.apache.catalina.core.StandardService   : Starting service [Tomcat]
2022-07-02 11:10:32.429  INFO 32056 --- [main] org.apache.catalina.core.StandardEngine  : Starting Servlet engine: [Apache Tomcat/9.0.64]
2022-07-02 11:10:32.477  INFO 32056 --- [main] o.a.c.c.C.[Tomcat].[localhost].[/]       : Initializing Spring embedded WebApplicationContext
2022-07-02 11:10:32.477  INFO 32056 --- [main] w.s.c.ServletWebServerApplicationContext : Root WebApplicationContext: initialization completed in 559 ms
2022-07-02 11:10:32.649  INFO 32056 --- [main] o.s.b.a.w.s.WelcomePageHandlerMapping    : Adding welcome page template: index
2022-07-02 11:10:32.783  INFO 32056 --- [main] o.s.b.w.embedded.tomcat.TomcatWebServer  : Tomcat started on port(s): 8080 (http) with context path ''
2022-07-02 11:10:32.789  INFO 32056 --- [main] com.jeff.BlogApplication                 : Started BlogApplication in 1.157 seconds (JVM running for 1.594)
2022-07-02 11:10:39.284  INFO 32056 --- [http-nio-8080-exec-1] o.a.c.c.C.[Tomcat].[localhost].[/]       : Initializing Spring DispatcherServlet 'dispatcherServlet'
2022-07-02 11:10:39.285  INFO 32056 --- [http-nio-8080-exec-1] o.s.web.servlet.DispatcherServlet        : Initializing Servlet 'dispatcherServlet'
2022-07-02 11:10:39.285  INFO 32056 --- [http-nio-8080-exec-1] o.s.web.servlet.DispatcherServlet        : Completed initialization in 0 ms
2022-07-02 11:10:39.311  INFO 32056 --- [http-nio-8080-exec-1] com.zaxxer.hikari.HikariDataSource       : HikariPool-1 - Starting...
2022-07-02 11:10:39.489  INFO 32056 --- [http-nio-8080-exec-1] com.zaxxer.hikari.HikariDataSource       : HikariPool-1 - Start completed.
2022-07-02 12:04:44.590  INFO 7516 --- [main] com.jeff.BlogApplication                 : Starting BlogApplication using Java 1.8.0_302 on LAPTOP-4UBO5CM2 with PID 7516 (D:\work_space\IdeaProjects\Blog\target\classes started by Jeff in D:\work_space\IdeaProjects\Blog)
2022-07-02 12:04:44.591  INFO 7516 --- [main] com.jeff.BlogApplication                 : The following 1 profile is active: "dev"
2022-07-02 12:04:45.112  INFO 7516 --- [main] o.s.b.w.embedded.tomcat.TomcatWebServer  : Tomcat initialized with port(s): 8080 (http)
2022-07-02 12:04:45.116  INFO 7516 --- [main] o.apache.catalina.core.StandardService   : Starting service [Tomcat]
2022-07-02 12:04:45.117  INFO 7516 --- [main] org.apache.catalina.core.StandardEngine  : Starting Servlet engine: [Apache Tomcat/9.0.64]
2022-07-02 12:04:45.166  INFO 7516 --- [main] o.a.c.c.C.[Tomcat].[localhost].[/]       : Initializing Spring embedded WebApplicationContext
2022-07-02 12:04:45.166  INFO 7516 --- [main] w.s.c.ServletWebServerApplicationContext : Root WebApplicationContext: initialization completed in 549 ms
2022-07-02 12:04:45.346  INFO 7516 --- [main] o.s.b.a.w.s.WelcomePageHandlerMapping    : Adding welcome page template: index
2022-07-02 12:04:45.484  INFO 7516 --- [main] o.s.b.w.embedded.tomcat.TomcatWebServer  : Tomcat started on port(s): 8080 (http) with context path ''
2022-07-02 12:04:45.490  INFO 7516 --- [main] com.jeff.BlogApplication                 : Started BlogApplication in 1.178 seconds (JVM running for 1.603)
2022-07-02 12:04:49.053  INFO 7516 --- [http-nio-8080-exec-3] o.a.c.c.C.[Tomcat].[localhost].[/]       : Initializing Spring DispatcherServlet 'dispatcherServlet'
2022-07-02 12:04:49.053  INFO 7516 --- [http-nio-8080-exec-3] o.s.web.servlet.DispatcherServlet        : Initializing Servlet 'dispatcherServlet'
2022-07-02 12:04:49.054  INFO 7516 --- [http-nio-8080-exec-3] o.s.web.servlet.DispatcherServlet        : Completed initialization in 1 ms
2022-07-02 12:04:49.079  INFO 7516 --- [http-nio-8080-exec-3] com.zaxxer.hikari.HikariDataSource       : HikariPool-1 - Starting...
2022-07-02 12:04:49.255  INFO 7516 --- [http-nio-8080-exec-3] com.zaxxer.hikari.HikariDataSource       : HikariPool-1 - Start completed.
2022-07-02 12:56:01.594  WARN 7516 --- [HikariPool-1 housekeeper] com.zaxxer.hikari.pool.HikariPool        : HikariPool-1 - Thread starvation or clock leap detected (housekeeper delta=20m41s805ms247µs900ns).
2022-07-02 17:14:05.536  INFO 324 --- [main] com.jeff.BlogApplication                 : Starting BlogApplication using Java 1.8.0_302 on LAPTOP-4UBO5CM2 with PID 324 (D:\work_space\IdeaProjects\Blog\target\classes started by Jeff in D:\work_space\IdeaProjects\Blog)
2022-07-02 17:14:05.537  INFO 324 --- [main] com.jeff.BlogApplication                 : The following 1 profile is active: "dev"
2022-07-02 17:14:06.060  INFO 324 --- [main] o.s.b.w.embedded.tomcat.TomcatWebServer  : Tomcat initialized with port(s): 8080 (http)
2022-07-02 17:14:06.065  INFO 324 --- [main] o.apache.catalina.core.StandardService   : Starting service [Tomcat]
2022-07-02 17:14:06.066  INFO 324 --- [main] org.apache.catalina.core.StandardEngine  : Starting Servlet engine: [Apache Tomcat/9.0.64]
2022-07-02 17:14:06.118  INFO 324 --- [main] o.a.c.c.C.[Tomcat].[localhost].[/]       : Initializing Spring embedded WebApplicationContext
2022-07-02 17:14:06.118  INFO 324 --- [main] w.s.c.ServletWebServerApplicationContext : Root WebApplicationContext: initialization completed in 557 ms
2022-07-02 17:14:06.320  INFO 324 --- [main] o.s.b.a.w.s.WelcomePageHandlerMapping    : Adding welcome page template: index
2022-07-02 17:14:06.469  INFO 324 --- [main] o.s.b.w.embedded.tomcat.TomcatWebServer  : Tomcat started on port(s): 8080 (http) with context path ''
2022-07-02 17:14:06.475  INFO 324 --- [main] com.jeff.BlogApplication                 : Started BlogApplication in 1.219 seconds (JVM running for 1.676)
2022-07-02 17:14:11.098  INFO 324 --- [http-nio-8080-exec-1] o.a.c.c.C.[Tomcat].[localhost].[/]       : Initializing Spring DispatcherServlet 'dispatcherServlet'
2022-07-02 17:14:11.098  INFO 324 --- [http-nio-8080-exec-1] o.s.web.servlet.DispatcherServlet        : Initializing Servlet 'dispatcherServlet'
2022-07-02 17:14:11.099  INFO 324 --- [http-nio-8080-exec-1] o.s.web.servlet.DispatcherServlet        : Completed initialization in 1 ms
2022-07-02 17:14:11.138  INFO 324 --- [http-nio-8080-exec-1] com.zaxxer.hikari.HikariDataSource       : HikariPool-1 - Starting...
2022-07-02 17:14:11.318  INFO 324 --- [http-nio-8080-exec-1] com.zaxxer.hikari.HikariDataSource       : HikariPool-1 - Start completed.
2022-07-02 17:25:12.361  INFO 6796 --- [main] com.jeff.BlogApplication                 : Starting BlogApplication using Java 1.8.0_302 on LAPTOP-4UBO5CM2 with PID 6796 (D:\work_space\IdeaProjects\Blog\target\classes started by Jeff in D:\work_space\IdeaProjects\Blog)
2022-07-02 17:25:12.362  INFO 6796 --- [main] com.jeff.BlogApplication                 : The following 1 profile is active: "dev"
2022-07-02 17:25:12.905  INFO 6796 --- [main] o.s.b.w.embedded.tomcat.TomcatWebServer  : Tomcat initialized with port(s): 8080 (http)
2022-07-02 17:25:12.910  INFO 6796 --- [main] o.apache.catalina.core.StandardService   : Starting service [Tomcat]
2022-07-02 17:25:12.910  INFO 6796 --- [main] org.apache.catalina.core.StandardEngine  : Starting Servlet engine: [Apache Tomcat/9.0.64]
2022-07-02 17:25:12.959  INFO 6796 --- [main] o.a.c.c.C.[Tomcat].[localhost].[/]       : Initializing Spring embedded WebApplicationContext
2022-07-02 17:25:12.959  INFO 6796 --- [main] w.s.c.ServletWebServerApplicationContext : Root WebApplicationContext: initialization completed in 572 ms
2022-07-02 17:25:13.140  INFO 6796 --- [main] o.s.b.a.w.s.WelcomePageHandlerMapping    : Adding welcome page template: index
2022-07-02 17:25:13.278  INFO 6796 --- [main] o.s.b.w.embedded.tomcat.TomcatWebServer  : Tomcat started on port(s): 8080 (http) with context path ''
2022-07-02 17:25:13.284  INFO 6796 --- [main] com.jeff.BlogApplication                 : Started BlogApplication in 1.19 seconds (JVM running for 1.615)
2022-07-02 17:25:16.605  INFO 6796 --- [http-nio-8080-exec-1] o.a.c.c.C.[Tomcat].[localhost].[/]       : Initializing Spring DispatcherServlet 'dispatcherServlet'
2022-07-02 17:25:16.605  INFO 6796 --- [http-nio-8080-exec-1] o.s.web.servlet.DispatcherServlet        : Initializing Servlet 'dispatcherServlet'
2022-07-02 17:25:16.605  INFO 6796 --- [http-nio-8080-exec-1] o.s.web.servlet.DispatcherServlet        : Completed initialization in 0 ms
2022-07-02 17:25:16.633  INFO 6796 --- [http-nio-8080-exec-1] com.zaxxer.hikari.HikariDataSource       : HikariPool-1 - Starting...
2022-07-02 17:25:16.807  INFO 6796 --- [http-nio-8080-exec-1] com.zaxxer.hikari.HikariDataSource       : HikariPool-1 - Start completed.
2022-07-02 17:25:43.809  WARN 6796 --- [http-nio-8080-exec-9] .w.s.m.s.DefaultHandlerExceptionResolver : Resolved [org.springframework.web.method.annotation.MethodArgumentTypeMismatchException: Failed to convert value of type 'java.lang.String' to required type 'java.lang.Integer'; nested exception is java.lang.NumberFormatException: For input string: "about"]
2022-07-02 17:27:06.534  INFO 20148 --- [main] com.jeff.BlogApplication                 : Starting BlogApplication using Java 1.8.0_302 on LAPTOP-4UBO5CM2 with PID 20148 (D:\work_space\IdeaProjects\Blog\target\classes started by Jeff in D:\work_space\IdeaProjects\Blog)
2022-07-02 17:27:06.536  INFO 20148 --- [main] com.jeff.BlogApplication                 : The following 1 profile is active: "dev"
2022-07-02 17:27:07.151  INFO 20148 --- [main] o.s.b.w.embedded.tomcat.TomcatWebServer  : Tomcat initialized with port(s): 8080 (http)
2022-07-02 17:27:07.157  INFO 20148 --- [main] o.apache.catalina.core.StandardService   : Starting service [Tomcat]
2022-07-02 17:27:07.157  INFO 20148 --- [main] org.apache.catalina.core.StandardEngine  : Starting Servlet engine: [Apache Tomcat/9.0.64]
2022-07-02 17:27:07.209  INFO 20148 --- [main] o.a.c.c.C.[Tomcat].[localhost].[/]       : Initializing Spring embedded WebApplicationContext
2022-07-02 17:27:07.210  INFO 20148 --- [main] w.s.c.ServletWebServerApplicationContext : Root WebApplicationContext: initialization completed in 647 ms
2022-07-02 17:27:07.424  INFO 20148 --- [main] o.s.b.a.w.s.WelcomePageHandlerMapping    : Adding welcome page template: index
2022-07-02 17:27:07.576  INFO 20148 --- [main] o.s.b.w.embedded.tomcat.TomcatWebServer  : Tomcat started on port(s): 8080 (http) with context path ''
2022-07-02 17:27:07.583  INFO 20148 --- [main] com.jeff.BlogApplication                 : Started BlogApplication in 1.377 seconds (JVM running for 2.251)
2022-07-02 17:27:12.190  INFO 20148 --- [http-nio-8080-exec-2] o.a.c.c.C.[Tomcat].[localhost].[/]       : Initializing Spring DispatcherServlet 'dispatcherServlet'
2022-07-02 17:27:12.191  INFO 20148 --- [http-nio-8080-exec-2] o.s.web.servlet.DispatcherServlet        : Initializing Servlet 'dispatcherServlet'
2022-07-02 17:27:12.192  INFO 20148 --- [http-nio-8080-exec-2] o.s.web.servlet.DispatcherServlet        : Completed initialization in 1 ms
2022-07-02 17:27:12.228  INFO 20148 --- [http-nio-8080-exec-2] com.zaxxer.hikari.HikariDataSource       : HikariPool-1 - Starting...
2022-07-02 17:27:12.427  INFO 20148 --- [http-nio-8080-exec-2] com.zaxxer.hikari.HikariDataSource       : HikariPool-1 - Start completed.
2022-07-02 17:27:28.982  WARN 20148 --- [http-nio-8080-exec-9] .w.s.m.s.DefaultHandlerExceptionResolver : Resolved [org.springframework.web.method.annotation.MethodArgumentTypeMismatchException: Failed to convert value of type 'java.lang.String' to required type 'java.lang.Integer'; nested exception is java.lang.NumberFormatException: For input string: "about"]
2022-07-02 17:28:43.737  INFO 21204 --- [main] com.jeff.BlogApplication                 : Starting BlogApplication using Java 1.8.0_302 on LAPTOP-4UBO5CM2 with PID 21204 (D:\work_space\IdeaProjects\Blog\target\classes started by Jeff in D:\work_space\IdeaProjects\Blog)
2022-07-02 17:28:43.739  INFO 21204 --- [main] com.jeff.BlogApplication                 : The following 1 profile is active: "dev"
2022-07-02 17:28:44.299  INFO 21204 --- [main] o.s.b.w.embedded.tomcat.TomcatWebServer  : Tomcat initialized with port(s): 8080 (http)
2022-07-02 17:28:44.304  INFO 21204 --- [main] o.apache.catalina.core.StandardService   : Starting service [Tomcat]
2022-07-02 17:28:44.304  INFO 21204 --- [main] org.apache.catalina.core.StandardEngine  : Starting Servlet engine: [Apache Tomcat/9.0.64]
2022-07-02 17:28:44.353  INFO 21204 --- [main] o.a.c.c.C.[Tomcat].[localhost].[/]       : Initializing Spring embedded WebApplicationContext
2022-07-02 17:28:44.353  INFO 21204 --- [main] w.s.c.ServletWebServerApplicationContext : Root WebApplicationContext: initialization completed in 587 ms
2022-07-02 17:28:44.532  INFO 21204 --- [main] o.s.b.a.w.s.WelcomePageHandlerMapping    : Adding welcome page template: index
2022-07-02 17:28:44.682  INFO 21204 --- [main] o.s.b.w.embedded.tomcat.TomcatWebServer  : Tomcat started on port(s): 8080 (http) with context path ''
2022-07-02 17:28:44.690  INFO 21204 --- [main] com.jeff.BlogApplication                 : Started BlogApplication in 1.238 seconds (JVM running for 1.659)
2022-07-02 17:28:44.721  INFO 21204 --- [http-nio-8080-exec-1] o.a.c.c.C.[Tomcat].[localhost].[/]       : Initializing Spring DispatcherServlet 'dispatcherServlet'
2022-07-02 17:28:44.721  INFO 21204 --- [http-nio-8080-exec-1] o.s.web.servlet.DispatcherServlet        : Initializing Servlet 'dispatcherServlet'
2022-07-02 17:28:44.722  INFO 21204 --- [http-nio-8080-exec-1] o.s.web.servlet.DispatcherServlet        : Completed initialization in 0 ms
2022-07-02 17:28:44.752  INFO 21204 --- [http-nio-8080-exec-1] com.zaxxer.hikari.HikariDataSource       : HikariPool-1 - Starting...
2022-07-02 17:28:44.974  INFO 21204 --- [http-nio-8080-exec-1] com.zaxxer.hikari.HikariDataSource       : HikariPool-1 - Start completed.
2022-07-02 17:32:29.479  INFO 21540 --- [main] com.jeff.BlogApplication                 : Starting BlogApplication using Java 1.8.0_302 on LAPTOP-4UBO5CM2 with PID 21540 (D:\work_space\IdeaProjects\Blog\target\classes started by Jeff in D:\work_space\IdeaProjects\Blog)
2022-07-02 17:32:29.481  INFO 21540 --- [main] com.jeff.BlogApplication                 : The following 1 profile is active: "dev"
2022-07-02 17:32:30.009  INFO 21540 --- [main] o.s.b.w.embedded.tomcat.TomcatWebServer  : Tomcat initialized with port(s): 8080 (http)
2022-07-02 17:32:30.013  INFO 21540 --- [main] o.apache.catalina.core.StandardService   : Starting service [Tomcat]
2022-07-02 17:32:30.013  INFO 21540 --- [main] org.apache.catalina.core.StandardEngine  : Starting Servlet engine: [Apache Tomcat/9.0.64]
2022-07-02 17:32:30.074  INFO 21540 --- [main] o.a.c.c.C.[Tomcat].[localhost].[/]       : Initializing Spring embedded WebApplicationContext
2022-07-02 17:32:30.074  INFO 21540 --- [main] w.s.c.ServletWebServerApplicationContext : Root WebApplicationContext: initialization completed in 569 ms
2022-07-02 17:32:30.251  INFO 21540 --- [main] o.s.b.a.w.s.WelcomePageHandlerMapping    : Adding welcome page template: index
2022-07-02 17:32:30.389  INFO 21540 --- [main] o.s.b.w.embedded.tomcat.TomcatWebServer  : Tomcat started on port(s): 8080 (http) with context path ''
2022-07-02 17:32:30.395  INFO 21540 --- [main] com.jeff.BlogApplication                 : Started BlogApplication in 1.18 seconds (JVM running for 1.598)
2022-07-02 17:34:55.830  INFO 21540 --- [http-nio-8080-exec-1] o.a.c.c.C.[Tomcat].[localhost].[/]       : Initializing Spring DispatcherServlet 'dispatcherServlet'
2022-07-02 17:34:55.830  INFO 21540 --- [http-nio-8080-exec-1] o.s.web.servlet.DispatcherServlet        : Initializing Servlet 'dispatcherServlet'
2022-07-02 17:34:55.831  INFO 21540 --- [http-nio-8080-exec-1] o.s.web.servlet.DispatcherServlet        : Completed initialization in 1 ms
2022-07-02 17:34:55.859  INFO 21540 --- [http-nio-8080-exec-1] com.zaxxer.hikari.HikariDataSource       : HikariPool-1 - Starting...
2022-07-02 17:34:56.036  INFO 21540 --- [http-nio-8080-exec-1] com.zaxxer.hikari.HikariDataSource       : HikariPool-1 - Start completed.
2022-07-02 19:57:59.632  INFO 9892 --- [main] com.jeff.BlogApplication                 : Starting BlogApplication using Java 1.8.0_302 on LAPTOP-4UBO5CM2 with PID 9892 (D:\work_space\IdeaProjects\Blog\target\classes started by Jeff in D:\work_space\IdeaProjects\Blog)
2022-07-02 19:57:59.633  INFO 9892 --- [main] com.jeff.BlogApplication                 : The following 1 profile is active: "dev"
2022-07-02 19:58:00.175  INFO 9892 --- [main] o.s.b.w.embedded.tomcat.TomcatWebServer  : Tomcat initialized with port(s): 8080 (http)
2022-07-02 19:58:00.180  INFO 9892 --- [main] o.apache.catalina.core.StandardService   : Starting service [Tomcat]
2022-07-02 19:58:00.180  INFO 9892 --- [main] org.apache.catalina.core.StandardEngine  : Starting Servlet engine: [Apache Tomcat/9.0.64]
2022-07-02 19:58:00.228  INFO 9892 --- [main] o.a.c.c.C.[Tomcat].[localhost].[/]       : Initializing Spring embedded WebApplicationContext
2022-07-02 19:58:00.228  INFO 9892 --- [main] w.s.c.ServletWebServerApplicationContext : Root WebApplicationContext: initialization completed in 571 ms
2022-07-02 19:58:00.400  INFO 9892 --- [main] o.s.b.a.w.s.WelcomePageHandlerMapping    : Adding welcome page template: index
2022-07-02 19:58:00.537  INFO 9892 --- [main] o.s.b.w.embedded.tomcat.TomcatWebServer  : Tomcat started on port(s): 8080 (http) with context path ''
2022-07-02 19:58:00.544  INFO 9892 --- [main] com.jeff.BlogApplication                 : Started BlogApplication in 1.179 seconds (JVM running for 1.614)
2022-07-02 19:58:04.429  INFO 9892 --- [http-nio-8080-exec-1] o.a.c.c.C.[Tomcat].[localhost].[/]       : Initializing Spring DispatcherServlet 'dispatcherServlet'
2022-07-02 19:58:04.430  INFO 9892 --- [http-nio-8080-exec-1] o.s.web.servlet.DispatcherServlet        : Initializing Servlet 'dispatcherServlet'
2022-07-02 19:58:04.431  INFO 9892 --- [http-nio-8080-exec-1] o.s.web.servlet.DispatcherServlet        : Completed initialization in 1 ms
2022-07-02 19:58:04.465  INFO 9892 --- [http-nio-8080-exec-1] com.zaxxer.hikari.HikariDataSource       : HikariPool-1 - Starting...
2022-07-02 19:58:04.651  INFO 9892 --- [http-nio-8080-exec-1] com.zaxxer.hikari.HikariDataSource       : HikariPool-1 - Start completed.
2022-07-02 19:58:14.904  INFO 21892 --- [main] com.jeff.BlogApplication                 : Starting BlogApplication using Java 1.8.0_302 on LAPTOP-4UBO5CM2 with PID 21892 (D:\work_space\IdeaProjects\Blog\target\classes started by Jeff in D:\work_space\IdeaProjects\Blog)
2022-07-02 19:58:14.906  INFO 21892 --- [main] com.jeff.BlogApplication                 : The following 1 profile is active: "dev"
2022-07-02 19:58:15.469  INFO 21892 --- [main] o.s.b.w.embedded.tomcat.TomcatWebServer  : Tomcat initialized with port(s): 8080 (http)
2022-07-02 19:58:15.474  INFO 21892 --- [main] o.apache.catalina.core.StandardService   : Starting service [Tomcat]
2022-07-02 19:58:15.474  INFO 21892 --- [main] org.apache.catalina.core.StandardEngine  : Starting Servlet engine: [Apache Tomcat/9.0.64]
2022-07-02 19:58:15.522  INFO 21892 --- [main] o.a.c.c.C.[Tomcat].[localhost].[/]       : Initializing Spring embedded WebApplicationContext
2022-07-02 19:58:15.522  INFO 21892 --- [main] w.s.c.ServletWebServerApplicationContext : Root WebApplicationContext: initialization completed in 588 ms
2022-07-02 19:58:15.699  INFO 21892 --- [main] o.s.b.a.w.s.WelcomePageHandlerMapping    : Adding welcome page template: index
2022-07-02 19:58:15.836  INFO 21892 --- [main] o.s.b.w.embedded.tomcat.TomcatWebServer  : Tomcat started on port(s): 8080 (http) with context path ''
2022-07-02 19:58:15.843  INFO 21892 --- [main] com.jeff.BlogApplication                 : Started BlogApplication in 1.228 seconds (JVM running for 1.685)
2022-07-02 19:58:17.600  INFO 21892 --- [http-nio-8080-exec-1] o.a.c.c.C.[Tomcat].[localhost].[/]       : Initializing Spring DispatcherServlet 'dispatcherServlet'
2022-07-02 19:58:17.600  INFO 21892 --- [http-nio-8080-exec-1] o.s.web.servlet.DispatcherServlet        : Initializing Servlet 'dispatcherServlet'
2022-07-02 19:58:17.601  INFO 21892 --- [http-nio-8080-exec-1] o.s.web.servlet.DispatcherServlet        : Completed initialization in 1 ms
2022-07-02 19:58:17.625  INFO 21892 --- [http-nio-8080-exec-1] com.zaxxer.hikari.HikariDataSource       : HikariPool-1 - Starting...
2022-07-02 19:58:17.806  INFO 21892 --- [http-nio-8080-exec-1] com.zaxxer.hikari.HikariDataSource       : HikariPool-1 - Start completed.
2022-07-02 19:59:30.083  INFO 25156 --- [main] com.jeff.BlogApplication                 : Starting BlogApplication using Java 1.8.0_302 on LAPTOP-4UBO5CM2 with PID 25156 (D:\work_space\IdeaProjects\Blog\target\classes started by Jeff in D:\work_space\IdeaProjects\Blog)
2022-07-02 19:59:30.084  INFO 25156 --- [main] com.jeff.BlogApplication                 : The following 1 profile is active: "dev"
2022-07-02 19:59:30.613  INFO 25156 --- [main] o.s.b.w.embedded.tomcat.TomcatWebServer  : Tomcat initialized with port(s): 8080 (http)
2022-07-02 19:59:30.618  INFO 25156 --- [main] o.apache.catalina.core.StandardService   : Starting service [Tomcat]
2022-07-02 19:59:30.618  INFO 25156 --- [main] org.apache.catalina.core.StandardEngine  : Starting Servlet engine: [Apache Tomcat/9.0.64]
2022-07-02 19:59:30.666  INFO 25156 --- [main] o.a.c.c.C.[Tomcat].[localhost].[/]       : Initializing Spring embedded WebApplicationContext
2022-07-02 19:59:30.666  INFO 25156 --- [main] w.s.c.ServletWebServerApplicationContext : Root WebApplicationContext: initialization completed in 557 ms
2022-07-02 19:59:30.837  INFO 25156 --- [main] o.s.b.a.w.s.WelcomePageHandlerMapping    : Adding welcome page template: index
2022-07-02 19:59:30.976  INFO 25156 --- [main] o.s.b.w.embedded.tomcat.TomcatWebServer  : Tomcat started on port(s): 8080 (http) with context path ''
2022-07-02 19:59:30.982  INFO 25156 --- [main] com.jeff.BlogApplication                 : Started BlogApplication in 1.19 seconds (JVM running for 1.641)
2022-07-02 19:59:34.042  INFO 25156 --- [http-nio-8080-exec-1] o.a.c.c.C.[Tomcat].[localhost].[/]       : Initializing Spring DispatcherServlet 'dispatcherServlet'
2022-07-02 19:59:34.042  INFO 25156 --- [http-nio-8080-exec-1] o.s.web.servlet.DispatcherServlet        : Initializing Servlet 'dispatcherServlet'
2022-07-02 19:59:34.043  INFO 25156 --- [http-nio-8080-exec-1] o.s.web.servlet.DispatcherServlet        : Completed initialization in 1 ms
2022-07-02 19:59:34.068  INFO 25156 --- [http-nio-8080-exec-1] com.zaxxer.hikari.HikariDataSource       : HikariPool-1 - Starting...
2022-07-02 19:59:34.244  INFO 25156 --- [http-nio-8080-exec-1] com.zaxxer.hikari.HikariDataSource       : HikariPool-1 - Start completed.
2022-07-02 20:02:00.676  WARN 25156 --- [http-nio-8080-exec-7] .w.s.m.s.DefaultHandlerExceptionResolver : Resolved [org.springframework.web.method.annotation.MethodArgumentTypeMismatchException: Failed to convert value of type 'java.lang.String' to required type 'java.lang.Integer'; nested exception is java.lang.NumberFormatException: For input string: "about"]
2022-07-02 20:03:03.002  INFO 12924 --- [main] com.jeff.BlogApplication                 : Starting BlogApplication using Java 1.8.0_302 on LAPTOP-4UBO5CM2 with PID 12924 (D:\work_space\IdeaProjects\Blog\target\classes started by Jeff in D:\work_space\IdeaProjects\Blog)
2022-07-02 20:03:03.004  INFO 12924 --- [main] com.jeff.BlogApplication                 : The following 1 profile is active: "dev"
2022-07-02 20:03:03.532  INFO 12924 --- [main] o.s.b.w.embedded.tomcat.TomcatWebServer  : Tomcat initialized with port(s): 8080 (http)
2022-07-02 20:03:03.537  INFO 12924 --- [main] o.apache.catalina.core.StandardService   : Starting service [Tomcat]
2022-07-02 20:03:03.537  INFO 12924 --- [main] org.apache.catalina.core.StandardEngine  : Starting Servlet engine: [Apache Tomcat/9.0.64]
2022-07-02 20:03:03.586  INFO 12924 --- [main] o.a.c.c.C.[Tomcat].[localhost].[/]       : Initializing Spring embedded WebApplicationContext
2022-07-02 20:03:03.586  INFO 12924 --- [main] w.s.c.ServletWebServerApplicationContext : Root WebApplicationContext: initialization completed in 558 ms
2022-07-02 20:03:03.763  INFO 12924 --- [main] o.s.b.a.w.s.WelcomePageHandlerMapping    : Adding welcome page template: index
2022-07-02 20:03:03.901  INFO 12924 --- [main] o.s.b.w.embedded.tomcat.TomcatWebServer  : Tomcat started on port(s): 8080 (http) with context path ''
2022-07-02 20:03:03.907  INFO 12924 --- [main] com.jeff.BlogApplication                 : Started BlogApplication in 1.171 seconds (JVM running for 1.623)
2022-07-02 20:03:05.777  INFO 12924 --- [http-nio-8080-exec-1] o.a.c.c.C.[Tomcat].[localhost].[/]       : Initializing Spring DispatcherServlet 'dispatcherServlet'
2022-07-02 20:03:05.777  INFO 12924 --- [http-nio-8080-exec-1] o.s.web.servlet.DispatcherServlet        : Initializing Servlet 'dispatcherServlet'
2022-07-02 20:03:05.778  INFO 12924 --- [http-nio-8080-exec-1] o.s.web.servlet.DispatcherServlet        : Completed initialization in 1 ms
2022-07-02 20:03:05.806  INFO 12924 --- [http-nio-8080-exec-1] com.zaxxer.hikari.HikariDataSource       : HikariPool-1 - Starting...
2022-07-02 20:03:05.980  INFO 12924 --- [http-nio-8080-exec-1] com.zaxxer.hikari.HikariDataSource       : HikariPool-1 - Start completed.
